WARNING - 2025-05-09 11:02:18 --> [DEPRECATED] Optional parameter $status declared before required parameter $log_type is implicitly treated as a required parameter in APPPATH/Helpers/log_helper.php on line 16.
 1 SYSTEMPATH/Common.php(641): include_once('/home/havellslighting/public_html/partner1.havellslighting.com/vendor/codeigniter4/framework/system/Debug/Exceptions.php')
 2 SYSTEMPATH/Autoloader/Autoloader.php(487): helper([...])
 3 SYSTEMPATH/Boot.php(249): CodeIgniter\Autoloader\Autoloader->loadHelpers()
 4 SYSTEMPATH/Boot.php(64): CodeIgniter\Boot::autoloadHelpers()
 5 FCPATH/index.php(57): CodeIgniter\Boot::bootWeb(Object(Config\Paths))
DEBUG - 2025-05-09 11:02:18 --> Session: Class initialized using 'CodeIgniter\Session\Handlers\FileHandler' driver.
WARNING - 2025-05-09 11:02:19 --> [DEPRECATED] Optional parameter $status declared before required parameter $log_type is implicitly treated as a required parameter in APPPATH/Helpers/log_helper.php on line 16.
 1 SYSTEMPATH/Common.php(641): include_once('/home/havellslighting/public_html/partner1.havellslighting.com/vendor/codeigniter4/framework/system/Debug/Exceptions.php')
 2 SYSTEMPATH/Autoloader/Autoloader.php(487): helper([...])
 3 SYSTEMPATH/Boot.php(249): CodeIgniter\Autoloader\Autoloader->loadHelpers()
 4 SYSTEMPATH/Boot.php(64): CodeIgniter\Boot::autoloadHelpers()
 5 FCPATH/index.php(57): CodeIgniter\Boot::bootWeb(Object(Config\Paths))
DEBUG - 2025-05-09 11:02:19 --> Session: Class initialized using 'CodeIgniter\Session\Handlers\FileHandler' driver.
WARNING - 2025-05-09 11:13:54 --> [DEPRECATED] Optional parameter $status declared before required parameter $log_type is implicitly treated as a required parameter in APPPATH/Helpers/log_helper.php on line 16.
 1 SYSTEMPATH/Common.php(641): include_once('/home/havellslighting/public_html/partner1.havellslighting.com/vendor/codeigniter4/framework/system/Debug/Exceptions.php')
 2 SYSTEMPATH/Autoloader/Autoloader.php(487): helper([...])
 3 SYSTEMPATH/Boot.php(249): CodeIgniter\Autoloader\Autoloader->loadHelpers()
 4 SYSTEMPATH/Boot.php(64): CodeIgniter\Boot::autoloadHelpers()
 5 FCPATH/index.php(57): CodeIgniter\Boot::bootWeb(Object(Config\Paths))
DEBUG - 2025-05-09 11:13:54 --> Session: Class initialized using 'CodeIgniter\Session\Handlers\FileHandler' driver.
WARNING - 2025-05-09 11:13:55 --> [DEPRECATED] Optional parameter $status declared before required parameter $log_type is implicitly treated as a required parameter in APPPATH/Helpers/log_helper.php on line 16.
 1 SYSTEMPATH/Common.php(641): include_once('/home/havellslighting/public_html/partner1.havellslighting.com/vendor/codeigniter4/framework/system/Debug/Exceptions.php')
 2 SYSTEMPATH/Autoloader/Autoloader.php(487): helper([...])
 3 SYSTEMPATH/Boot.php(249): CodeIgniter\Autoloader\Autoloader->loadHelpers()
 4 SYSTEMPATH/Boot.php(64): CodeIgniter\Boot::autoloadHelpers()
 5 FCPATH/index.php(57): CodeIgniter\Boot::bootWeb(Object(Config\Paths))
DEBUG - 2025-05-09 11:13:55 --> Session: Class initialized using 'CodeIgniter\Session\Handlers\FileHandler' driver.
WARNING - 2025-05-09 12:20:25 --> [DEPRECATED] Optional parameter $status declared before required parameter $log_type is implicitly treated as a required parameter in APPPATH/Helpers/log_helper.php on line 16.
 1 SYSTEMPATH/Common.php(641): include_once('/home/havellslighting/public_html/partner1.havellslighting.com/vendor/codeigniter4/framework/system/Debug/Exceptions.php')
 2 SYSTEMPATH/Autoloader/Autoloader.php(487): helper([...])
 3 SYSTEMPATH/Boot.php(249): CodeIgniter\Autoloader\Autoloader->loadHelpers()
 4 SYSTEMPATH/Boot.php(64): CodeIgniter\Boot::autoloadHelpers()
 5 FCPATH/index.php(57): CodeIgniter\Boot::bootWeb(Object(Config\Paths))
DEBUG - 2025-05-09 12:20:25 --> Session: Class initialized using 'CodeIgniter\Session\Handlers\FileHandler' driver.
WARNING - 2025-05-09 14:32:14 --> [DEPRECATED] Optional parameter $status declared before required parameter $log_type is implicitly treated as a required parameter in APPPATH/Helpers/log_helper.php on line 16.
 1 SYSTEMPATH/Common.php(641): include_once('/home/havellslighting/public_html/partner1.havellslighting.com/vendor/codeigniter4/framework/system/Debug/Exceptions.php')
 2 SYSTEMPATH/Autoloader/Autoloader.php(487): helper([...])
 3 SYSTEMPATH/Boot.php(249): CodeIgniter\Autoloader\Autoloader->loadHelpers()
 4 SYSTEMPATH/Boot.php(64): CodeIgniter\Boot::autoloadHelpers()
 5 FCPATH/index.php(57): CodeIgniter\Boot::bootWeb(Object(Config\Paths))
DEBUG - 2025-05-09 14:32:14 --> Session: Class initialized using 'CodeIgniter\Session\Handlers\FileHandler' driver.
WARNING - 2025-05-09 14:32:14 --> [DEPRECATED] Optional parameter $status declared before required parameter $log_type is implicitly treated as a required parameter in APPPATH/Helpers/log_helper.php on line 16.
 1 SYSTEMPATH/Common.php(641): include_once('/home/havellslighting/public_html/partner1.havellslighting.com/vendor/codeigniter4/framework/system/Debug/Exceptions.php')
 2 SYSTEMPATH/Autoloader/Autoloader.php(487): helper([...])
 3 SYSTEMPATH/Boot.php(249): CodeIgniter\Autoloader\Autoloader->loadHelpers()
 4 SYSTEMPATH/Boot.php(64): CodeIgniter\Boot::autoloadHelpers()
 5 FCPATH/index.php(57): CodeIgniter\Boot::bootWeb(Object(Config\Paths))
DEBUG - 2025-05-09 14:32:14 --> Session: Class initialized using 'CodeIgniter\Session\Handlers\FileHandler' driver.
