INFO - 2024-10-28 05:21:10 --> Session: Class initialized using 'CodeIgniter\Session\Handlers\FileHandler' driver.
INFO - 2024-10-28 05:21:10 --> Session: Class initialized using 'CodeIgniter\Session\Handlers\FileHandler' driver.
INFO - 2024-10-28 05:21:45 --> Session: Class initialized using 'CodeIgniter\Session\Handlers\FileHandler' driver.
INFO - 2024-10-28 05:26:02 --> Session: Class initialized using 'CodeIgniter\Session\Handlers\FileHandler' driver.
INFO - 2024-10-28 05:26:06 --> Session: Class initialized using 'CodeIgniter\Session\Handlers\FileHandler' driver.
INFO - 2024-10-28 05:26:07 --> Session: Class initialized using 'CodeIgniter\Session\Handlers\FileHandler' driver.
INFO - 2024-10-28 05:26:18 --> Session: Class initialized using 'CodeIgniter\Session\Handlers\FileHandler' driver.
INFO - 2024-10-28 05:41:23 --> Session: Class initialized using 'CodeIgniter\Session\Handlers\FileHandler' driver.
INFO - 2024-10-28 05:42:00 --> Session: Class initialized using 'CodeIgniter\Session\Handlers\FileHandler' driver.
INFO - 2024-10-28 05:42:09 --> Session: Class initialized using 'CodeIgniter\Session\Handlers\FileHandler' driver.
INFO - 2024-10-28 05:42:09 --> Session: Class initialized using 'CodeIgniter\Session\Handlers\FileHandler' driver.
INFO - 2024-10-28 05:42:22 --> Session: Class initialized using 'CodeIgniter\Session\Handlers\FileHandler' driver.
INFO - 2024-10-28 05:42:27 --> Session: Class initialized using 'CodeIgniter\Session\Handlers\FileHandler' driver.
INFO - 2024-10-28 05:46:28 --> Session: Class initialized using 'CodeIgniter\Session\Handlers\FileHandler' driver.
INFO - 2024-10-28 05:46:35 --> Session: Class initialized using 'CodeIgniter\Session\Handlers\FileHandler' driver.
INFO - 2024-10-28 05:46:41 --> Session: Class initialized using 'CodeIgniter\Session\Handlers\FileHandler' driver.
ERROR - 2024-10-28 05:46:41 --> mysqli_sql_exception: Unknown column 'customer.id' in 'where clause' in /home/havellslighting/public_html/partner/system/Database/MySQLi/Connection.php:312
Stack trace:
#0 /home/havellslighting/public_html/partner/system/Database/MySQLi/Connection.php(312): mysqli->query('UPDATE `custome...', 0)
#1 /home/havellslighting/public_html/partner/system/Database/BaseConnection.php(734): CodeIgniter\Database\MySQLi\Connection->execute('UPDATE `custome...')
#2 /home/havellslighting/public_html/partner/system/Database/BaseConnection.php(648): CodeIgniter\Database\BaseConnection->simpleQuery('UPDATE `custome...')
#3 /home/havellslighting/public_html/partner/system/Database/BaseBuilder.php(2516): CodeIgniter\Database\BaseConnection->query('UPDATE `custome...', Array, false)
#4 /home/havellslighting/public_html/partner/system/Model.php(461): CodeIgniter\Database\BaseBuilder->update()
#5 /home/havellslighting/public_html/partner/system/BaseModel.php(1028): CodeIgniter\Model->doUpdate(Array, Array)
#6 /home/havellslighting/public_html/partner/system/Model.php(865): CodeIgniter\BaseModel->update(Array, Array)
#7 /home/havellslighting/public_html/partner/app/Controllers/Customer_cntrl.php(157): CodeIgniter\Model->update('1', Array)
#8 /home/havellslighting/public_html/partner/system/CodeIgniter.php(933): App\Controllers\Customer_cntrl->CustomerProfileUpdate()
#9 /home/havellslighting/public_html/partner/system/CodeIgniter.php(509): CodeIgniter\CodeIgniter->runController(Object(App\Controllers\Customer_cntrl))
#10 /home/havellslighting/public_html/partner/system/CodeIgniter.php(355): CodeIgniter\CodeIgniter->handleRequest(NULL, Object(Config\Cache), false)
#11 /home/havellslighting/public_html/partner/system/Boot.php(325): CodeIgniter\CodeIgniter->run()
#12 /home/havellslighting/public_html/partner/system/Boot.php(67): CodeIgniter\Boot::runCodeIgniter(Object(CodeIgniter\CodeIgniter))
#13 /home/havellslighting/public_html/partner/index.php(57): CodeIgniter\Boot::bootWeb(Object(Config\Paths))
#14 {main}
CRITICAL - 2024-10-28 05:46:41 --> CodeIgniter\Database\Exceptions\DatabaseException: Unknown column 'customer.id' in 'where clause'
[Method: POST, Route: profile-update]
in SYSTEMPATH/Database/BaseConnection.php on line 688.
 1 SYSTEMPATH/Database/BaseBuilder.php(2516): CodeIgniter\Database\BaseConnection->query('UPDATE `customer` SET `first_name` = :first_name:, `last_name` = :last_name:, `email` = :email:, `phone_number` = :phone_number:, `description` = :description:
WHERE `customer`.`id` IN :customer.id:', [...], false)
 2 SYSTEMPATH/Model.php(461): CodeIgniter\Database\BaseBuilder->update()
 3 SYSTEMPATH/BaseModel.php(1028): CodeIgniter\Model->doUpdate([...], [...])
 4 SYSTEMPATH/Model.php(865): CodeIgniter\BaseModel->update([...], [...])
 5 APPPATH/Controllers/Customer_cntrl.php(157): CodeIgniter\Model->update('1', [...])
 6 SYSTEMPATH/CodeIgniter.php(933): App\Controllers\Customer_cntrl->CustomerProfileUpdate()
 7 SYSTEMPATH/CodeIgniter.php(509): CodeIgniter\CodeIgniter->runController(Object(App\Controllers\Customer_cntrl))
 8 SYSTEMPATH/CodeIgniter.php(355): CodeIgniter\CodeIgniter->handleRequest(null, Object(Config\Cache), false)
 9 SYSTEMPATH/Boot.php(325): CodeIgniter\CodeIgniter->run()
10 SYSTEMPATH/Boot.php(67): CodeIgniter\Boot::runCodeIgniter(Object(CodeIgniter\CodeIgniter))
11 FCPATH/index.php(57): CodeIgniter\Boot::bootWeb(Object(Config\Paths))
CRITICAL - 2024-10-28 05:46:41 --> [Caused by] CodeIgniter\Database\Exceptions\DatabaseException: Unknown column 'customer.id' in 'where clause'
in SYSTEMPATH/Database/MySQLi/Connection.php on line 317.
 1 SYSTEMPATH/Database/BaseConnection.php(734): CodeIgniter\Database\MySQLi\Connection->execute('UPDATE `customer` SET `first_name` = \'Aaron\', `last_name` = \'Dodds\', `email` = \'test4.nextway\', `phone_number` = \'0123456789\', `description` = \'esrwrew\'
WHERE `customer`.`id` IN (\'1\')')
 2 SYSTEMPATH/Database/BaseConnection.php(648): CodeIgniter\Database\BaseConnection->simpleQuery('UPDATE `customer` SET `first_name` = \'Aaron\', `last_name` = \'Dodds\', `email` = \'test4.nextway\', `phone_number` = \'0123456789\', `description` = \'esrwrew\'
WHERE `customer`.`id` IN (\'1\')')
 3 SYSTEMPATH/Database/BaseBuilder.php(2516): CodeIgniter\Database\BaseConnection->query('UPDATE `customer` SET `first_name` = :first_name:, `last_name` = :last_name:, `email` = :email:, `phone_number` = :phone_number:, `description` = :description:
WHERE `customer`.`id` IN :customer.id:', [...], false)
 4 SYSTEMPATH/Model.php(461): CodeIgniter\Database\BaseBuilder->update()
 5 SYSTEMPATH/BaseModel.php(1028): CodeIgniter\Model->doUpdate([...], [...])
 6 SYSTEMPATH/Model.php(865): CodeIgniter\BaseModel->update([...], [...])
 7 APPPATH/Controllers/Customer_cntrl.php(157): CodeIgniter\Model->update('1', [...])
 8 SYSTEMPATH/CodeIgniter.php(933): App\Controllers\Customer_cntrl->CustomerProfileUpdate()
 9 SYSTEMPATH/CodeIgniter.php(509): CodeIgniter\CodeIgniter->runController(Object(App\Controllers\Customer_cntrl))
10 SYSTEMPATH/CodeIgniter.php(355): CodeIgniter\CodeIgniter->handleRequest(null, Object(Config\Cache), false)
11 SYSTEMPATH/Boot.php(325): CodeIgniter\CodeIgniter->run()
12 SYSTEMPATH/Boot.php(67): CodeIgniter\Boot::runCodeIgniter(Object(CodeIgniter\CodeIgniter))
13 FCPATH/index.php(57): CodeIgniter\Boot::bootWeb(Object(Config\Paths))
CRITICAL - 2024-10-28 05:46:41 --> [Caused by] mysqli_sql_exception: Unknown column 'customer.id' in 'where clause'
in SYSTEMPATH/Database/MySQLi/Connection.php on line 312.
 1 SYSTEMPATH/Database/MySQLi/Connection.php(312): mysqli->query('UPDATE `customer` SET `first_name` = \'Aaron\', `last_name` = \'Dodds\', `email` = \'test4.nextway\', `phone_number` = \'0123456789\', `description` = \'esrwrew\'
WHERE `customer`.`id` IN (\'1\')', 0)
 2 SYSTEMPATH/Database/BaseConnection.php(734): CodeIgniter\Database\MySQLi\Connection->execute('UPDATE `customer` SET `first_name` = \'Aaron\', `last_name` = \'Dodds\', `email` = \'test4.nextway\', `phone_number` = \'0123456789\', `description` = \'esrwrew\'
WHERE `customer`.`id` IN (\'1\')')
 3 SYSTEMPATH/Database/BaseConnection.php(648): CodeIgniter\Database\BaseConnection->simpleQuery('UPDATE `customer` SET `first_name` = \'Aaron\', `last_name` = \'Dodds\', `email` = \'test4.nextway\', `phone_number` = \'0123456789\', `description` = \'esrwrew\'
WHERE `customer`.`id` IN (\'1\')')
 4 SYSTEMPATH/Database/BaseBuilder.php(2516): CodeIgniter\Database\BaseConnection->query('UPDATE `customer` SET `first_name` = :first_name:, `last_name` = :last_name:, `email` = :email:, `phone_number` = :phone_number:, `description` = :description:
WHERE `customer`.`id` IN :customer.id:', [...], false)
 5 SYSTEMPATH/Model.php(461): CodeIgniter\Database\BaseBuilder->update()
 6 SYSTEMPATH/BaseModel.php(1028): CodeIgniter\Model->doUpdate([...], [...])
 7 SYSTEMPATH/Model.php(865): CodeIgniter\BaseModel->update([...], [...])
 8 APPPATH/Controllers/Customer_cntrl.php(157): CodeIgniter\Model->update('1', [...])
 9 SYSTEMPATH/CodeIgniter.php(933): App\Controllers\Customer_cntrl->CustomerProfileUpdate()
10 SYSTEMPATH/CodeIgniter.php(509): CodeIgniter\CodeIgniter->runController(Object(App\Controllers\Customer_cntrl))
11 SYSTEMPATH/CodeIgniter.php(355): CodeIgniter\CodeIgniter->handleRequest(null, Object(Config\Cache), false)
12 SYSTEMPATH/Boot.php(325): CodeIgniter\CodeIgniter->run()
13 SYSTEMPATH/Boot.php(67): CodeIgniter\Boot::runCodeIgniter(Object(CodeIgniter\CodeIgniter))
14 FCPATH/index.php(57): CodeIgniter\Boot::bootWeb(Object(Config\Paths))
INFO - 2024-10-28 05:46:49 --> Session: Class initialized using 'CodeIgniter\Session\Handlers\FileHandler' driver.
INFO - 2024-10-28 05:48:44 --> Session: Class initialized using 'CodeIgniter\Session\Handlers\FileHandler' driver.
INFO - 2024-10-28 05:48:51 --> Session: Class initialized using 'CodeIgniter\Session\Handlers\FileHandler' driver.
INFO - 2024-10-28 05:48:54 --> Session: Class initialized using 'CodeIgniter\Session\Handlers\FileHandler' driver.
INFO - 2024-10-28 05:48:59 --> Session: Class initialized using 'CodeIgniter\Session\Handlers\FileHandler' driver.
INFO - 2024-10-28 05:49:00 --> Session: Class initialized using 'CodeIgniter\Session\Handlers\FileHandler' driver.
INFO - 2024-10-28 05:50:02 --> Session: Class initialized using 'CodeIgniter\Session\Handlers\FileHandler' driver.
INFO - 2024-10-28 05:54:41 --> Session: Class initialized using 'CodeIgniter\Session\Handlers\FileHandler' driver.
INFO - 2024-10-28 05:54:47 --> Session: Class initialized using 'CodeIgniter\Session\Handlers\FileHandler' driver.
INFO - 2024-10-28 05:54:48 --> Session: Class initialized using 'CodeIgniter\Session\Handlers\FileHandler' driver.
INFO - 2024-10-28 05:54:52 --> Session: Class initialized using 'CodeIgniter\Session\Handlers\FileHandler' driver.
INFO - 2024-10-28 05:55:06 --> Session: Class initialized using 'CodeIgniter\Session\Handlers\FileHandler' driver.
INFO - 2024-10-28 05:55:08 --> Session: Class initialized using 'CodeIgniter\Session\Handlers\FileHandler' driver.
INFO - 2024-10-28 05:55:13 --> Session: Class initialized using 'CodeIgniter\Session\Handlers\FileHandler' driver.
INFO - 2024-10-28 05:55:16 --> Session: Class initialized using 'CodeIgniter\Session\Handlers\FileHandler' driver.
INFO - 2024-10-28 05:55:25 --> Session: Class initialized using 'CodeIgniter\Session\Handlers\FileHandler' driver.
ERROR - 2024-10-28 05:55:25 --> mysqli_sql_exception: Unknown column 'customer.id' in 'where clause' in /home/havellslighting/public_html/partner/system/Database/MySQLi/Connection.php:312
Stack trace:
#0 /home/havellslighting/public_html/partner/system/Database/MySQLi/Connection.php(312): mysqli->query('UPDATE `custome...', 0)
#1 /home/havellslighting/public_html/partner/system/Database/BaseConnection.php(734): CodeIgniter\Database\MySQLi\Connection->execute('UPDATE `custome...')
#2 /home/havellslighting/public_html/partner/system/Database/BaseConnection.php(648): CodeIgniter\Database\BaseConnection->simpleQuery('UPDATE `custome...')
#3 /home/havellslighting/public_html/partner/system/Database/BaseBuilder.php(2516): CodeIgniter\Database\BaseConnection->query('UPDATE `custome...', Array, false)
#4 /home/havellslighting/public_html/partner/system/Model.php(461): CodeIgniter\Database\BaseBuilder->update()
#5 /home/havellslighting/public_html/partner/system/BaseModel.php(1028): CodeIgniter\Model->doUpdate(Array, Array)
#6 /home/havellslighting/public_html/partner/system/Model.php(865): CodeIgniter\BaseModel->update(Array, Array)
#7 /home/havellslighting/public_html/partner/app/Controllers/Customer_cntrl.php(167): CodeIgniter\Model->update('1', Array)
#8 /home/havellslighting/public_html/partner/system/CodeIgniter.php(933): App\Controllers\Customer_cntrl->CustomerProfileUpdate()
#9 /home/havellslighting/public_html/partner/system/CodeIgniter.php(509): CodeIgniter\CodeIgniter->runController(Object(App\Controllers\Customer_cntrl))
#10 /home/havellslighting/public_html/partner/system/CodeIgniter.php(355): CodeIgniter\CodeIgniter->handleRequest(NULL, Object(Config\Cache), false)
#11 /home/havellslighting/public_html/partner/system/Boot.php(325): CodeIgniter\CodeIgniter->run()
#12 /home/havellslighting/public_html/partner/system/Boot.php(67): CodeIgniter\Boot::runCodeIgniter(Object(CodeIgniter\CodeIgniter))
#13 /home/havellslighting/public_html/partner/index.php(57): CodeIgniter\Boot::bootWeb(Object(Config\Paths))
#14 {main}
CRITICAL - 2024-10-28 05:55:25 --> CodeIgniter\Database\Exceptions\DatabaseException: Unknown column 'customer.id' in 'where clause'
[Method: POST, Route: profile-update]
in SYSTEMPATH/Database/BaseConnection.php on line 688.
 1 SYSTEMPATH/Database/BaseBuilder.php(2516): CodeIgniter\Database\BaseConnection->query('UPDATE `customer` SET `first_name` = :first_name:, `last_name` = :last_name:, `email` = :email:, `phone_number` = :phone_number:, `description` = :description:
WHERE `customer`.`id` IN :customer.id:', [...], false)
 2 SYSTEMPATH/Model.php(461): CodeIgniter\Database\BaseBuilder->update()
 3 SYSTEMPATH/BaseModel.php(1028): CodeIgniter\Model->doUpdate([...], [...])
 4 SYSTEMPATH/Model.php(865): CodeIgniter\BaseModel->update([...], [...])
 5 APPPATH/Controllers/Customer_cntrl.php(167): CodeIgniter\Model->update('1', [...])
 6 SYSTEMPATH/CodeIgniter.php(933): App\Controllers\Customer_cntrl->CustomerProfileUpdate()
 7 SYSTEMPATH/CodeIgniter.php(509): CodeIgniter\CodeIgniter->runController(Object(App\Controllers\Customer_cntrl))
 8 SYSTEMPATH/CodeIgniter.php(355): CodeIgniter\CodeIgniter->handleRequest(null, Object(Config\Cache), false)
 9 SYSTEMPATH/Boot.php(325): CodeIgniter\CodeIgniter->run()
10 SYSTEMPATH/Boot.php(67): CodeIgniter\Boot::runCodeIgniter(Object(CodeIgniter\CodeIgniter))
11 FCPATH/index.php(57): CodeIgniter\Boot::bootWeb(Object(Config\Paths))
CRITICAL - 2024-10-28 05:55:25 --> [Caused by] CodeIgniter\Database\Exceptions\DatabaseException: Unknown column 'customer.id' in 'where clause'
in SYSTEMPATH/Database/MySQLi/Connection.php on line 317.
 1 SYSTEMPATH/Database/BaseConnection.php(734): CodeIgniter\Database\MySQLi\Connection->execute('UPDATE `customer` SET `first_name` = \'Aaron\', `last_name` = \'Dodds\', `email` = \'test4.nextway@gmail.com\', `phone_number` = \'0123456789\', `description` = \'test\'
WHERE `customer`.`id` IN (\'1\')')
 2 SYSTEMPATH/Database/BaseConnection.php(648): CodeIgniter\Database\BaseConnection->simpleQuery('UPDATE `customer` SET `first_name` = \'Aaron\', `last_name` = \'Dodds\', `email` = \'test4.nextway@gmail.com\', `phone_number` = \'0123456789\', `description` = \'test\'
WHERE `customer`.`id` IN (\'1\')')
 3 SYSTEMPATH/Database/BaseBuilder.php(2516): CodeIgniter\Database\BaseConnection->query('UPDATE `customer` SET `first_name` = :first_name:, `last_name` = :last_name:, `email` = :email:, `phone_number` = :phone_number:, `description` = :description:
WHERE `customer`.`id` IN :customer.id:', [...], false)
 4 SYSTEMPATH/Model.php(461): CodeIgniter\Database\BaseBuilder->update()
 5 SYSTEMPATH/BaseModel.php(1028): CodeIgniter\Model->doUpdate([...], [...])
 6 SYSTEMPATH/Model.php(865): CodeIgniter\BaseModel->update([...], [...])
 7 APPPATH/Controllers/Customer_cntrl.php(167): CodeIgniter\Model->update('1', [...])
 8 SYSTEMPATH/CodeIgniter.php(933): App\Controllers\Customer_cntrl->CustomerProfileUpdate()
 9 SYSTEMPATH/CodeIgniter.php(509): CodeIgniter\CodeIgniter->runController(Object(App\Controllers\Customer_cntrl))
10 SYSTEMPATH/CodeIgniter.php(355): CodeIgniter\CodeIgniter->handleRequest(null, Object(Config\Cache), false)
11 SYSTEMPATH/Boot.php(325): CodeIgniter\CodeIgniter->run()
12 SYSTEMPATH/Boot.php(67): CodeIgniter\Boot::runCodeIgniter(Object(CodeIgniter\CodeIgniter))
13 FCPATH/index.php(57): CodeIgniter\Boot::bootWeb(Object(Config\Paths))
CRITICAL - 2024-10-28 05:55:25 --> [Caused by] mysqli_sql_exception: Unknown column 'customer.id' in 'where clause'
in SYSTEMPATH/Database/MySQLi/Connection.php on line 312.
 1 SYSTEMPATH/Database/MySQLi/Connection.php(312): mysqli->query('UPDATE `customer` SET `first_name` = \'Aaron\', `last_name` = \'Dodds\', `email` = \'test4.nextway@gmail.com\', `phone_number` = \'0123456789\', `description` = \'test\'
WHERE `customer`.`id` IN (\'1\')', 0)
 2 SYSTEMPATH/Database/BaseConnection.php(734): CodeIgniter\Database\MySQLi\Connection->execute('UPDATE `customer` SET `first_name` = \'Aaron\', `last_name` = \'Dodds\', `email` = \'test4.nextway@gmail.com\', `phone_number` = \'0123456789\', `description` = \'test\'
WHERE `customer`.`id` IN (\'1\')')
 3 SYSTEMPATH/Database/BaseConnection.php(648): CodeIgniter\Database\BaseConnection->simpleQuery('UPDATE `customer` SET `first_name` = \'Aaron\', `last_name` = \'Dodds\', `email` = \'test4.nextway@gmail.com\', `phone_number` = \'0123456789\', `description` = \'test\'
WHERE `customer`.`id` IN (\'1\')')
 4 SYSTEMPATH/Database/BaseBuilder.php(2516): CodeIgniter\Database\BaseConnection->query('UPDATE `customer` SET `first_name` = :first_name:, `last_name` = :last_name:, `email` = :email:, `phone_number` = :phone_number:, `description` = :description:
WHERE `customer`.`id` IN :customer.id:', [...], false)
 5 SYSTEMPATH/Model.php(461): CodeIgniter\Database\BaseBuilder->update()
 6 SYSTEMPATH/BaseModel.php(1028): CodeIgniter\Model->doUpdate([...], [...])
 7 SYSTEMPATH/Model.php(865): CodeIgniter\BaseModel->update([...], [...])
 8 APPPATH/Controllers/Customer_cntrl.php(167): CodeIgniter\Model->update('1', [...])
 9 SYSTEMPATH/CodeIgniter.php(933): App\Controllers\Customer_cntrl->CustomerProfileUpdate()
10 SYSTEMPATH/CodeIgniter.php(509): CodeIgniter\CodeIgniter->runController(Object(App\Controllers\Customer_cntrl))
11 SYSTEMPATH/CodeIgniter.php(355): CodeIgniter\CodeIgniter->handleRequest(null, Object(Config\Cache), false)
12 SYSTEMPATH/Boot.php(325): CodeIgniter\CodeIgniter->run()
13 SYSTEMPATH/Boot.php(67): CodeIgniter\Boot::runCodeIgniter(Object(CodeIgniter\CodeIgniter))
14 FCPATH/index.php(57): CodeIgniter\Boot::bootWeb(Object(Config\Paths))
INFO - 2024-10-28 05:56:19 --> Session: Class initialized using 'CodeIgniter\Session\Handlers\FileHandler' driver.
INFO - 2024-10-28 05:56:20 --> Session: Class initialized using 'CodeIgniter\Session\Handlers\FileHandler' driver.
INFO - 2024-10-28 05:56:24 --> Session: Class initialized using 'CodeIgniter\Session\Handlers\FileHandler' driver.
ERROR - 2024-10-28 05:56:24 --> mysqli_sql_exception: Unknown column 'customer.id' in 'where clause' in /home/havellslighting/public_html/partner/system/Database/MySQLi/Connection.php:312
Stack trace:
#0 /home/havellslighting/public_html/partner/system/Database/MySQLi/Connection.php(312): mysqli->query('UPDATE `custome...', 0)
#1 /home/havellslighting/public_html/partner/system/Database/BaseConnection.php(734): CodeIgniter\Database\MySQLi\Connection->execute('UPDATE `custome...')
#2 /home/havellslighting/public_html/partner/system/Database/BaseConnection.php(648): CodeIgniter\Database\BaseConnection->simpleQuery('UPDATE `custome...')
#3 /home/havellslighting/public_html/partner/system/Database/BaseBuilder.php(2516): CodeIgniter\Database\BaseConnection->query('UPDATE `custome...', Array, false)
#4 /home/havellslighting/public_html/partner/system/Model.php(461): CodeIgniter\Database\BaseBuilder->update()
#5 /home/havellslighting/public_html/partner/system/BaseModel.php(1028): CodeIgniter\Model->doUpdate(Array, Array)
#6 /home/havellslighting/public_html/partner/system/Model.php(865): CodeIgniter\BaseModel->update(Array, Array)
#7 /home/havellslighting/public_html/partner/app/Controllers/Customer_cntrl.php(167): CodeIgniter\Model->update('1', Array)
#8 /home/havellslighting/public_html/partner/system/CodeIgniter.php(933): App\Controllers\Customer_cntrl->CustomerProfileUpdate()
#9 /home/havellslighting/public_html/partner/system/CodeIgniter.php(509): CodeIgniter\CodeIgniter->runController(Object(App\Controllers\Customer_cntrl))
#10 /home/havellslighting/public_html/partner/system/CodeIgniter.php(355): CodeIgniter\CodeIgniter->handleRequest(NULL, Object(Config\Cache), false)
#11 /home/havellslighting/public_html/partner/system/Boot.php(325): CodeIgniter\CodeIgniter->run()
#12 /home/havellslighting/public_html/partner/system/Boot.php(67): CodeIgniter\Boot::runCodeIgniter(Object(CodeIgniter\CodeIgniter))
#13 /home/havellslighting/public_html/partner/index.php(57): CodeIgniter\Boot::bootWeb(Object(Config\Paths))
#14 {main}
CRITICAL - 2024-10-28 05:56:24 --> CodeIgniter\Database\Exceptions\DatabaseException: Unknown column 'customer.id' in 'where clause'
[Method: POST, Route: profile-update]
in SYSTEMPATH/Database/BaseConnection.php on line 688.
 1 SYSTEMPATH/Database/BaseBuilder.php(2516): CodeIgniter\Database\BaseConnection->query('UPDATE `customer` SET `first_name` = :first_name:, `last_name` = :last_name:, `email` = :email:, `phone_number` = :phone_number:, `description` = :description:
WHERE `customer`.`id` IN :customer.id:', [...], false)
 2 SYSTEMPATH/Model.php(461): CodeIgniter\Database\BaseBuilder->update()
 3 SYSTEMPATH/BaseModel.php(1028): CodeIgniter\Model->doUpdate([...], [...])
 4 SYSTEMPATH/Model.php(865): CodeIgniter\BaseModel->update([...], [...])
 5 APPPATH/Controllers/Customer_cntrl.php(167): CodeIgniter\Model->update('1', [...])
 6 SYSTEMPATH/CodeIgniter.php(933): App\Controllers\Customer_cntrl->CustomerProfileUpdate()
 7 SYSTEMPATH/CodeIgniter.php(509): CodeIgniter\CodeIgniter->runController(Object(App\Controllers\Customer_cntrl))
 8 SYSTEMPATH/CodeIgniter.php(355): CodeIgniter\CodeIgniter->handleRequest(null, Object(Config\Cache), false)
 9 SYSTEMPATH/Boot.php(325): CodeIgniter\CodeIgniter->run()
10 SYSTEMPATH/Boot.php(67): CodeIgniter\Boot::runCodeIgniter(Object(CodeIgniter\CodeIgniter))
11 FCPATH/index.php(57): CodeIgniter\Boot::bootWeb(Object(Config\Paths))
CRITICAL - 2024-10-28 05:56:24 --> [Caused by] CodeIgniter\Database\Exceptions\DatabaseException: Unknown column 'customer.id' in 'where clause'
in SYSTEMPATH/Database/MySQLi/Connection.php on line 317.
 1 SYSTEMPATH/Database/BaseConnection.php(734): CodeIgniter\Database\MySQLi\Connection->execute('UPDATE `customer` SET `first_name` = \'Aaron\', `last_name` = \'Dodds\', `email` = \'test4.nextway@gmail.com\', `phone_number` = \'0123456789\', `description` = \'test\'
WHERE `customer`.`id` IN (\'1\')')
 2 SYSTEMPATH/Database/BaseConnection.php(648): CodeIgniter\Database\BaseConnection->simpleQuery('UPDATE `customer` SET `first_name` = \'Aaron\', `last_name` = \'Dodds\', `email` = \'test4.nextway@gmail.com\', `phone_number` = \'0123456789\', `description` = \'test\'
WHERE `customer`.`id` IN (\'1\')')
 3 SYSTEMPATH/Database/BaseBuilder.php(2516): CodeIgniter\Database\BaseConnection->query('UPDATE `customer` SET `first_name` = :first_name:, `last_name` = :last_name:, `email` = :email:, `phone_number` = :phone_number:, `description` = :description:
WHERE `customer`.`id` IN :customer.id:', [...], false)
 4 SYSTEMPATH/Model.php(461): CodeIgniter\Database\BaseBuilder->update()
 5 SYSTEMPATH/BaseModel.php(1028): CodeIgniter\Model->doUpdate([...], [...])
 6 SYSTEMPATH/Model.php(865): CodeIgniter\BaseModel->update([...], [...])
 7 APPPATH/Controllers/Customer_cntrl.php(167): CodeIgniter\Model->update('1', [...])
 8 SYSTEMPATH/CodeIgniter.php(933): App\Controllers\Customer_cntrl->CustomerProfileUpdate()
 9 SYSTEMPATH/CodeIgniter.php(509): CodeIgniter\CodeIgniter->runController(Object(App\Controllers\Customer_cntrl))
10 SYSTEMPATH/CodeIgniter.php(355): CodeIgniter\CodeIgniter->handleRequest(null, Object(Config\Cache), false)
11 SYSTEMPATH/Boot.php(325): CodeIgniter\CodeIgniter->run()
12 SYSTEMPATH/Boot.php(67): CodeIgniter\Boot::runCodeIgniter(Object(CodeIgniter\CodeIgniter))
13 FCPATH/index.php(57): CodeIgniter\Boot::bootWeb(Object(Config\Paths))
CRITICAL - 2024-10-28 05:56:24 --> [Caused by] mysqli_sql_exception: Unknown column 'customer.id' in 'where clause'
in SYSTEMPATH/Database/MySQLi/Connection.php on line 312.
 1 SYSTEMPATH/Database/MySQLi/Connection.php(312): mysqli->query('UPDATE `customer` SET `first_name` = \'Aaron\', `last_name` = \'Dodds\', `email` = \'test4.nextway@gmail.com\', `phone_number` = \'0123456789\', `description` = \'test\'
WHERE `customer`.`id` IN (\'1\')', 0)
 2 SYSTEMPATH/Database/BaseConnection.php(734): CodeIgniter\Database\MySQLi\Connection->execute('UPDATE `customer` SET `first_name` = \'Aaron\', `last_name` = \'Dodds\', `email` = \'test4.nextway@gmail.com\', `phone_number` = \'0123456789\', `description` = \'test\'
WHERE `customer`.`id` IN (\'1\')')
 3 SYSTEMPATH/Database/BaseConnection.php(648): CodeIgniter\Database\BaseConnection->simpleQuery('UPDATE `customer` SET `first_name` = \'Aaron\', `last_name` = \'Dodds\', `email` = \'test4.nextway@gmail.com\', `phone_number` = \'0123456789\', `description` = \'test\'
WHERE `customer`.`id` IN (\'1\')')
 4 SYSTEMPATH/Database/BaseBuilder.php(2516): CodeIgniter\Database\BaseConnection->query('UPDATE `customer` SET `first_name` = :first_name:, `last_name` = :last_name:, `email` = :email:, `phone_number` = :phone_number:, `description` = :description:
WHERE `customer`.`id` IN :customer.id:', [...], false)
 5 SYSTEMPATH/Model.php(461): CodeIgniter\Database\BaseBuilder->update()
 6 SYSTEMPATH/BaseModel.php(1028): CodeIgniter\Model->doUpdate([...], [...])
 7 SYSTEMPATH/Model.php(865): CodeIgniter\BaseModel->update([...], [...])
 8 APPPATH/Controllers/Customer_cntrl.php(167): CodeIgniter\Model->update('1', [...])
 9 SYSTEMPATH/CodeIgniter.php(933): App\Controllers\Customer_cntrl->CustomerProfileUpdate()
10 SYSTEMPATH/CodeIgniter.php(509): CodeIgniter\CodeIgniter->runController(Object(App\Controllers\Customer_cntrl))
11 SYSTEMPATH/CodeIgniter.php(355): CodeIgniter\CodeIgniter->handleRequest(null, Object(Config\Cache), false)
12 SYSTEMPATH/Boot.php(325): CodeIgniter\CodeIgniter->run()
13 SYSTEMPATH/Boot.php(67): CodeIgniter\Boot::runCodeIgniter(Object(CodeIgniter\CodeIgniter))
14 FCPATH/index.php(57): CodeIgniter\Boot::bootWeb(Object(Config\Paths))
INFO - 2024-10-28 06:01:42 --> Session: Class initialized using 'CodeIgniter\Session\Handlers\FileHandler' driver.
INFO - 2024-10-28 06:01:43 --> Session: Class initialized using 'CodeIgniter\Session\Handlers\FileHandler' driver.
INFO - 2024-10-28 06:01:44 --> Session: Class initialized using 'CodeIgniter\Session\Handlers\FileHandler' driver.
ERROR - 2024-10-28 06:01:44 --> mysqli_sql_exception: Unknown column 'customer.id' in 'where clause' in /home/havellslighting/public_html/partner/system/Database/MySQLi/Connection.php:312
Stack trace:
#0 /home/havellslighting/public_html/partner/system/Database/MySQLi/Connection.php(312): mysqli->query('UPDATE `custome...', 0)
#1 /home/havellslighting/public_html/partner/system/Database/BaseConnection.php(734): CodeIgniter\Database\MySQLi\Connection->execute('UPDATE `custome...')
#2 /home/havellslighting/public_html/partner/system/Database/BaseConnection.php(648): CodeIgniter\Database\BaseConnection->simpleQuery('UPDATE `custome...')
#3 /home/havellslighting/public_html/partner/system/Database/BaseBuilder.php(2516): CodeIgniter\Database\BaseConnection->query('UPDATE `custome...', Array, false)
#4 /home/havellslighting/public_html/partner/system/Model.php(461): CodeIgniter\Database\BaseBuilder->update()
#5 /home/havellslighting/public_html/partner/system/BaseModel.php(1028): CodeIgniter\Model->doUpdate(Array, Array)
#6 /home/havellslighting/public_html/partner/system/Model.php(865): CodeIgniter\BaseModel->update(Array, Array)
#7 /home/havellslighting/public_html/partner/app/Controllers/Customer_cntrl.php(167): CodeIgniter\Model->update('1', Array)
#8 /home/havellslighting/public_html/partner/system/CodeIgniter.php(933): App\Controllers\Customer_cntrl->CustomerProfileUpdate()
#9 /home/havellslighting/public_html/partner/system/CodeIgniter.php(509): CodeIgniter\CodeIgniter->runController(Object(App\Controllers\Customer_cntrl))
#10 /home/havellslighting/public_html/partner/system/CodeIgniter.php(355): CodeIgniter\CodeIgniter->handleRequest(NULL, Object(Config\Cache), false)
#11 /home/havellslighting/public_html/partner/system/Boot.php(325): CodeIgniter\CodeIgniter->run()
#12 /home/havellslighting/public_html/partner/system/Boot.php(67): CodeIgniter\Boot::runCodeIgniter(Object(CodeIgniter\CodeIgniter))
#13 /home/havellslighting/public_html/partner/index.php(57): CodeIgniter\Boot::bootWeb(Object(Config\Paths))
#14 {main}
CRITICAL - 2024-10-28 06:01:44 --> CodeIgniter\Database\Exceptions\DatabaseException: Unknown column 'customer.id' in 'where clause'
[Method: POST, Route: profile-update]
in SYSTEMPATH/Database/BaseConnection.php on line 688.
 1 SYSTEMPATH/Database/BaseBuilder.php(2516): CodeIgniter\Database\BaseConnection->query('UPDATE `customer` SET `first_name` = :first_name:, `last_name` = :last_name:, `email` = :email:, `phone_number` = :phone_number:, `description` = :description:
WHERE `customer`.`id` IN :customer.id:', [...], false)
 2 SYSTEMPATH/Model.php(461): CodeIgniter\Database\BaseBuilder->update()
 3 SYSTEMPATH/BaseModel.php(1028): CodeIgniter\Model->doUpdate([...], [...])
 4 SYSTEMPATH/Model.php(865): CodeIgniter\BaseModel->update([...], [...])
 5 APPPATH/Controllers/Customer_cntrl.php(167): CodeIgniter\Model->update('1', [...])
 6 SYSTEMPATH/CodeIgniter.php(933): App\Controllers\Customer_cntrl->CustomerProfileUpdate()
 7 SYSTEMPATH/CodeIgniter.php(509): CodeIgniter\CodeIgniter->runController(Object(App\Controllers\Customer_cntrl))
 8 SYSTEMPATH/CodeIgniter.php(355): CodeIgniter\CodeIgniter->handleRequest(null, Object(Config\Cache), false)
 9 SYSTEMPATH/Boot.php(325): CodeIgniter\CodeIgniter->run()
10 SYSTEMPATH/Boot.php(67): CodeIgniter\Boot::runCodeIgniter(Object(CodeIgniter\CodeIgniter))
11 FCPATH/index.php(57): CodeIgniter\Boot::bootWeb(Object(Config\Paths))
CRITICAL - 2024-10-28 06:01:44 --> [Caused by] CodeIgniter\Database\Exceptions\DatabaseException: Unknown column 'customer.id' in 'where clause'
in SYSTEMPATH/Database/MySQLi/Connection.php on line 317.
 1 SYSTEMPATH/Database/BaseConnection.php(734): CodeIgniter\Database\MySQLi\Connection->execute('UPDATE `customer` SET `first_name` = \'Aaron\', `last_name` = \'Dodds\', `email` = \'test4.nextway@gmail.com\', `phone_number` = \'0123456789\', `description` = \'test\'
WHERE `customer`.`id` IN (\'1\')')
 2 SYSTEMPATH/Database/BaseConnection.php(648): CodeIgniter\Database\BaseConnection->simpleQuery('UPDATE `customer` SET `first_name` = \'Aaron\', `last_name` = \'Dodds\', `email` = \'test4.nextway@gmail.com\', `phone_number` = \'0123456789\', `description` = \'test\'
WHERE `customer`.`id` IN (\'1\')')
 3 SYSTEMPATH/Database/BaseBuilder.php(2516): CodeIgniter\Database\BaseConnection->query('UPDATE `customer` SET `first_name` = :first_name:, `last_name` = :last_name:, `email` = :email:, `phone_number` = :phone_number:, `description` = :description:
WHERE `customer`.`id` IN :customer.id:', [...], false)
 4 SYSTEMPATH/Model.php(461): CodeIgniter\Database\BaseBuilder->update()
 5 SYSTEMPATH/BaseModel.php(1028): CodeIgniter\Model->doUpdate([...], [...])
 6 SYSTEMPATH/Model.php(865): CodeIgniter\BaseModel->update([...], [...])
 7 APPPATH/Controllers/Customer_cntrl.php(167): CodeIgniter\Model->update('1', [...])
 8 SYSTEMPATH/CodeIgniter.php(933): App\Controllers\Customer_cntrl->CustomerProfileUpdate()
 9 SYSTEMPATH/CodeIgniter.php(509): CodeIgniter\CodeIgniter->runController(Object(App\Controllers\Customer_cntrl))
10 SYSTEMPATH/CodeIgniter.php(355): CodeIgniter\CodeIgniter->handleRequest(null, Object(Config\Cache), false)
11 SYSTEMPATH/Boot.php(325): CodeIgniter\CodeIgniter->run()
12 SYSTEMPATH/Boot.php(67): CodeIgniter\Boot::runCodeIgniter(Object(CodeIgniter\CodeIgniter))
13 FCPATH/index.php(57): CodeIgniter\Boot::bootWeb(Object(Config\Paths))
CRITICAL - 2024-10-28 06:01:44 --> [Caused by] mysqli_sql_exception: Unknown column 'customer.id' in 'where clause'
in SYSTEMPATH/Database/MySQLi/Connection.php on line 312.
 1 SYSTEMPATH/Database/MySQLi/Connection.php(312): mysqli->query('UPDATE `customer` SET `first_name` = \'Aaron\', `last_name` = \'Dodds\', `email` = \'test4.nextway@gmail.com\', `phone_number` = \'0123456789\', `description` = \'test\'
WHERE `customer`.`id` IN (\'1\')', 0)
 2 SYSTEMPATH/Database/BaseConnection.php(734): CodeIgniter\Database\MySQLi\Connection->execute('UPDATE `customer` SET `first_name` = \'Aaron\', `last_name` = \'Dodds\', `email` = \'test4.nextway@gmail.com\', `phone_number` = \'0123456789\', `description` = \'test\'
WHERE `customer`.`id` IN (\'1\')')
 3 SYSTEMPATH/Database/BaseConnection.php(648): CodeIgniter\Database\BaseConnection->simpleQuery('UPDATE `customer` SET `first_name` = \'Aaron\', `last_name` = \'Dodds\', `email` = \'test4.nextway@gmail.com\', `phone_number` = \'0123456789\', `description` = \'test\'
WHERE `customer`.`id` IN (\'1\')')
 4 SYSTEMPATH/Database/BaseBuilder.php(2516): CodeIgniter\Database\BaseConnection->query('UPDATE `customer` SET `first_name` = :first_name:, `last_name` = :last_name:, `email` = :email:, `phone_number` = :phone_number:, `description` = :description:
WHERE `customer`.`id` IN :customer.id:', [...], false)
 5 SYSTEMPATH/Model.php(461): CodeIgniter\Database\BaseBuilder->update()
 6 SYSTEMPATH/BaseModel.php(1028): CodeIgniter\Model->doUpdate([...], [...])
 7 SYSTEMPATH/Model.php(865): CodeIgniter\BaseModel->update([...], [...])
 8 APPPATH/Controllers/Customer_cntrl.php(167): CodeIgniter\Model->update('1', [...])
 9 SYSTEMPATH/CodeIgniter.php(933): App\Controllers\Customer_cntrl->CustomerProfileUpdate()
10 SYSTEMPATH/CodeIgniter.php(509): CodeIgniter\CodeIgniter->runController(Object(App\Controllers\Customer_cntrl))
11 SYSTEMPATH/CodeIgniter.php(355): CodeIgniter\CodeIgniter->handleRequest(null, Object(Config\Cache), false)
12 SYSTEMPATH/Boot.php(325): CodeIgniter\CodeIgniter->run()
13 SYSTEMPATH/Boot.php(67): CodeIgniter\Boot::runCodeIgniter(Object(CodeIgniter\CodeIgniter))
14 FCPATH/index.php(57): CodeIgniter\Boot::bootWeb(Object(Config\Paths))
INFO - 2024-10-28 06:02:50 --> Session: Class initialized using 'CodeIgniter\Session\Handlers\FileHandler' driver.
ERROR - 2024-10-28 06:02:50 --> mysqli_sql_exception: Unknown column 'customer.id' in 'where clause' in /home/havellslighting/public_html/partner/system/Database/MySQLi/Connection.php:312
Stack trace:
#0 /home/havellslighting/public_html/partner/system/Database/MySQLi/Connection.php(312): mysqli->query('UPDATE `custome...', 0)
#1 /home/havellslighting/public_html/partner/system/Database/BaseConnection.php(734): CodeIgniter\Database\MySQLi\Connection->execute('UPDATE `custome...')
#2 /home/havellslighting/public_html/partner/system/Database/BaseConnection.php(648): CodeIgniter\Database\BaseConnection->simpleQuery('UPDATE `custome...')
#3 /home/havellslighting/public_html/partner/system/Database/BaseBuilder.php(2516): CodeIgniter\Database\BaseConnection->query('UPDATE `custome...', Array, false)
#4 /home/havellslighting/public_html/partner/system/Model.php(461): CodeIgniter\Database\BaseBuilder->update()
#5 /home/havellslighting/public_html/partner/system/BaseModel.php(1028): CodeIgniter\Model->doUpdate(Array, Array)
#6 /home/havellslighting/public_html/partner/system/Model.php(865): CodeIgniter\BaseModel->update(Array, Array)
#7 /home/havellslighting/public_html/partner/app/Controllers/Customer_cntrl.php(167): CodeIgniter\Model->update('1', Array)
#8 /home/havellslighting/public_html/partner/system/CodeIgniter.php(933): App\Controllers\Customer_cntrl->CustomerProfileUpdate()
#9 /home/havellslighting/public_html/partner/system/CodeIgniter.php(509): CodeIgniter\CodeIgniter->runController(Object(App\Controllers\Customer_cntrl))
#10 /home/havellslighting/public_html/partner/system/CodeIgniter.php(355): CodeIgniter\CodeIgniter->handleRequest(NULL, Object(Config\Cache), false)
#11 /home/havellslighting/public_html/partner/system/Boot.php(325): CodeIgniter\CodeIgniter->run()
#12 /home/havellslighting/public_html/partner/system/Boot.php(67): CodeIgniter\Boot::runCodeIgniter(Object(CodeIgniter\CodeIgniter))
#13 /home/havellslighting/public_html/partner/index.php(57): CodeIgniter\Boot::bootWeb(Object(Config\Paths))
#14 {main}
CRITICAL - 2024-10-28 06:02:50 --> CodeIgniter\Database\Exceptions\DatabaseException: Unknown column 'customer.id' in 'where clause'
[Method: POST, Route: profile-update]
in SYSTEMPATH/Database/BaseConnection.php on line 688.
 1 SYSTEMPATH/Database/BaseBuilder.php(2516): CodeIgniter\Database\BaseConnection->query('UPDATE `customer` SET `first_name` = :first_name:, `last_name` = :last_name:, `email` = :email:, `phone_number` = :phone_number:, `description` = :description:
WHERE `customer`.`id` IN :customer.id:', [...], false)
 2 SYSTEMPATH/Model.php(461): CodeIgniter\Database\BaseBuilder->update()
 3 SYSTEMPATH/BaseModel.php(1028): CodeIgniter\Model->doUpdate([...], [...])
 4 SYSTEMPATH/Model.php(865): CodeIgniter\BaseModel->update([...], [...])
 5 APPPATH/Controllers/Customer_cntrl.php(167): CodeIgniter\Model->update('1', [...])
 6 SYSTEMPATH/CodeIgniter.php(933): App\Controllers\Customer_cntrl->CustomerProfileUpdate()
 7 SYSTEMPATH/CodeIgniter.php(509): CodeIgniter\CodeIgniter->runController(Object(App\Controllers\Customer_cntrl))
 8 SYSTEMPATH/CodeIgniter.php(355): CodeIgniter\CodeIgniter->handleRequest(null, Object(Config\Cache), false)
 9 SYSTEMPATH/Boot.php(325): CodeIgniter\CodeIgniter->run()
10 SYSTEMPATH/Boot.php(67): CodeIgniter\Boot::runCodeIgniter(Object(CodeIgniter\CodeIgniter))
11 FCPATH/index.php(57): CodeIgniter\Boot::bootWeb(Object(Config\Paths))
CRITICAL - 2024-10-28 06:02:50 --> [Caused by] CodeIgniter\Database\Exceptions\DatabaseException: Unknown column 'customer.id' in 'where clause'
in SYSTEMPATH/Database/MySQLi/Connection.php on line 317.
 1 SYSTEMPATH/Database/BaseConnection.php(734): CodeIgniter\Database\MySQLi\Connection->execute('UPDATE `customer` SET `first_name` = \'Aaron\', `last_name` = \'Dodds\', `email` = \'test4.nextway@gmail.com\', `phone_number` = \'0123456789\', `description` = \'test\'
WHERE `customer`.`id` IN (\'1\')')
 2 SYSTEMPATH/Database/BaseConnection.php(648): CodeIgniter\Database\BaseConnection->simpleQuery('UPDATE `customer` SET `first_name` = \'Aaron\', `last_name` = \'Dodds\', `email` = \'test4.nextway@gmail.com\', `phone_number` = \'0123456789\', `description` = \'test\'
WHERE `customer`.`id` IN (\'1\')')
 3 SYSTEMPATH/Database/BaseBuilder.php(2516): CodeIgniter\Database\BaseConnection->query('UPDATE `customer` SET `first_name` = :first_name:, `last_name` = :last_name:, `email` = :email:, `phone_number` = :phone_number:, `description` = :description:
WHERE `customer`.`id` IN :customer.id:', [...], false)
 4 SYSTEMPATH/Model.php(461): CodeIgniter\Database\BaseBuilder->update()
 5 SYSTEMPATH/BaseModel.php(1028): CodeIgniter\Model->doUpdate([...], [...])
 6 SYSTEMPATH/Model.php(865): CodeIgniter\BaseModel->update([...], [...])
 7 APPPATH/Controllers/Customer_cntrl.php(167): CodeIgniter\Model->update('1', [...])
 8 SYSTEMPATH/CodeIgniter.php(933): App\Controllers\Customer_cntrl->CustomerProfileUpdate()
 9 SYSTEMPATH/CodeIgniter.php(509): CodeIgniter\CodeIgniter->runController(Object(App\Controllers\Customer_cntrl))
10 SYSTEMPATH/CodeIgniter.php(355): CodeIgniter\CodeIgniter->handleRequest(null, Object(Config\Cache), false)
11 SYSTEMPATH/Boot.php(325): CodeIgniter\CodeIgniter->run()
12 SYSTEMPATH/Boot.php(67): CodeIgniter\Boot::runCodeIgniter(Object(CodeIgniter\CodeIgniter))
13 FCPATH/index.php(57): CodeIgniter\Boot::bootWeb(Object(Config\Paths))
CRITICAL - 2024-10-28 06:02:50 --> [Caused by] mysqli_sql_exception: Unknown column 'customer.id' in 'where clause'
in SYSTEMPATH/Database/MySQLi/Connection.php on line 312.
 1 SYSTEMPATH/Database/MySQLi/Connection.php(312): mysqli->query('UPDATE `customer` SET `first_name` = \'Aaron\', `last_name` = \'Dodds\', `email` = \'test4.nextway@gmail.com\', `phone_number` = \'0123456789\', `description` = \'test\'
WHERE `customer`.`id` IN (\'1\')', 0)
 2 SYSTEMPATH/Database/BaseConnection.php(734): CodeIgniter\Database\MySQLi\Connection->execute('UPDATE `customer` SET `first_name` = \'Aaron\', `last_name` = \'Dodds\', `email` = \'test4.nextway@gmail.com\', `phone_number` = \'0123456789\', `description` = \'test\'
WHERE `customer`.`id` IN (\'1\')')
 3 SYSTEMPATH/Database/BaseConnection.php(648): CodeIgniter\Database\BaseConnection->simpleQuery('UPDATE `customer` SET `first_name` = \'Aaron\', `last_name` = \'Dodds\', `email` = \'test4.nextway@gmail.com\', `phone_number` = \'0123456789\', `description` = \'test\'
WHERE `customer`.`id` IN (\'1\')')
 4 SYSTEMPATH/Database/BaseBuilder.php(2516): CodeIgniter\Database\BaseConnection->query('UPDATE `customer` SET `first_name` = :first_name:, `last_name` = :last_name:, `email` = :email:, `phone_number` = :phone_number:, `description` = :description:
WHERE `customer`.`id` IN :customer.id:', [...], false)
 5 SYSTEMPATH/Model.php(461): CodeIgniter\Database\BaseBuilder->update()
 6 SYSTEMPATH/BaseModel.php(1028): CodeIgniter\Model->doUpdate([...], [...])
 7 SYSTEMPATH/Model.php(865): CodeIgniter\BaseModel->update([...], [...])
 8 APPPATH/Controllers/Customer_cntrl.php(167): CodeIgniter\Model->update('1', [...])
 9 SYSTEMPATH/CodeIgniter.php(933): App\Controllers\Customer_cntrl->CustomerProfileUpdate()
10 SYSTEMPATH/CodeIgniter.php(509): CodeIgniter\CodeIgniter->runController(Object(App\Controllers\Customer_cntrl))
11 SYSTEMPATH/CodeIgniter.php(355): CodeIgniter\CodeIgniter->handleRequest(null, Object(Config\Cache), false)
12 SYSTEMPATH/Boot.php(325): CodeIgniter\CodeIgniter->run()
13 SYSTEMPATH/Boot.php(67): CodeIgniter\Boot::runCodeIgniter(Object(CodeIgniter\CodeIgniter))
14 FCPATH/index.php(57): CodeIgniter\Boot::bootWeb(Object(Config\Paths))
INFO - 2024-10-28 06:12:35 --> Session: Class initialized using 'CodeIgniter\Session\Handlers\FileHandler' driver.
ERROR - 2024-10-28 06:12:35 --> mysqli_sql_exception: Unknown column 'customer.id' in 'where clause' in /home/havellslighting/public_html/partner/system/Database/MySQLi/Connection.php:312
Stack trace:
#0 /home/havellslighting/public_html/partner/system/Database/MySQLi/Connection.php(312): mysqli->query('UPDATE `custome...', 0)
#1 /home/havellslighting/public_html/partner/system/Database/BaseConnection.php(734): CodeIgniter\Database\MySQLi\Connection->execute('UPDATE `custome...')
#2 /home/havellslighting/public_html/partner/system/Database/BaseConnection.php(648): CodeIgniter\Database\BaseConnection->simpleQuery('UPDATE `custome...')
#3 /home/havellslighting/public_html/partner/system/Database/BaseBuilder.php(2516): CodeIgniter\Database\BaseConnection->query('UPDATE `custome...', Array, false)
#4 /home/havellslighting/public_html/partner/system/Model.php(461): CodeIgniter\Database\BaseBuilder->update()
#5 /home/havellslighting/public_html/partner/system/BaseModel.php(1028): CodeIgniter\Model->doUpdate(Array, Array)
#6 /home/havellslighting/public_html/partner/system/Model.php(865): CodeIgniter\BaseModel->update(Array, Array)
#7 /home/havellslighting/public_html/partner/app/Controllers/Customer_cntrl.php(167): CodeIgniter\Model->update('1', Array)
#8 /home/havellslighting/public_html/partner/system/CodeIgniter.php(933): App\Controllers\Customer_cntrl->CustomerProfileUpdate()
#9 /home/havellslighting/public_html/partner/system/CodeIgniter.php(509): CodeIgniter\CodeIgniter->runController(Object(App\Controllers\Customer_cntrl))
#10 /home/havellslighting/public_html/partner/system/CodeIgniter.php(355): CodeIgniter\CodeIgniter->handleRequest(NULL, Object(Config\Cache), false)
#11 /home/havellslighting/public_html/partner/system/Boot.php(325): CodeIgniter\CodeIgniter->run()
#12 /home/havellslighting/public_html/partner/system/Boot.php(67): CodeIgniter\Boot::runCodeIgniter(Object(CodeIgniter\CodeIgniter))
#13 /home/havellslighting/public_html/partner/index.php(57): CodeIgniter\Boot::bootWeb(Object(Config\Paths))
#14 {main}
CRITICAL - 2024-10-28 06:12:35 --> CodeIgniter\Database\Exceptions\DatabaseException: Unknown column 'customer.id' in 'where clause'
[Method: POST, Route: profile-update]
in SYSTEMPATH/Database/BaseConnection.php on line 688.
 1 SYSTEMPATH/Database/BaseBuilder.php(2516): CodeIgniter\Database\BaseConnection->query('UPDATE `customer` SET `first_name` = :first_name:, `last_name` = :last_name:, `email` = :email:, `phone_number` = :phone_number:, `description` = :description:
WHERE `customer`.`id` IN :customer.id:', [...], false)
 2 SYSTEMPATH/Model.php(461): CodeIgniter\Database\BaseBuilder->update()
 3 SYSTEMPATH/BaseModel.php(1028): CodeIgniter\Model->doUpdate([...], [...])
 4 SYSTEMPATH/Model.php(865): CodeIgniter\BaseModel->update([...], [...])
 5 APPPATH/Controllers/Customer_cntrl.php(167): CodeIgniter\Model->update('1', [...])
 6 SYSTEMPATH/CodeIgniter.php(933): App\Controllers\Customer_cntrl->CustomerProfileUpdate()
 7 SYSTEMPATH/CodeIgniter.php(509): CodeIgniter\CodeIgniter->runController(Object(App\Controllers\Customer_cntrl))
 8 SYSTEMPATH/CodeIgniter.php(355): CodeIgniter\CodeIgniter->handleRequest(null, Object(Config\Cache), false)
 9 SYSTEMPATH/Boot.php(325): CodeIgniter\CodeIgniter->run()
10 SYSTEMPATH/Boot.php(67): CodeIgniter\Boot::runCodeIgniter(Object(CodeIgniter\CodeIgniter))
11 FCPATH/index.php(57): CodeIgniter\Boot::bootWeb(Object(Config\Paths))
CRITICAL - 2024-10-28 06:12:35 --> [Caused by] CodeIgniter\Database\Exceptions\DatabaseException: Unknown column 'customer.id' in 'where clause'
in SYSTEMPATH/Database/MySQLi/Connection.php on line 317.
 1 SYSTEMPATH/Database/BaseConnection.php(734): CodeIgniter\Database\MySQLi\Connection->execute('UPDATE `customer` SET `first_name` = \'Aaron\', `last_name` = \'Dodds\', `email` = \'test4.nextway@gmail.com\', `phone_number` = \'0123456789\', `description` = \'test\'
WHERE `customer`.`id` IN (\'1\')')
 2 SYSTEMPATH/Database/BaseConnection.php(648): CodeIgniter\Database\BaseConnection->simpleQuery('UPDATE `customer` SET `first_name` = \'Aaron\', `last_name` = \'Dodds\', `email` = \'test4.nextway@gmail.com\', `phone_number` = \'0123456789\', `description` = \'test\'
WHERE `customer`.`id` IN (\'1\')')
 3 SYSTEMPATH/Database/BaseBuilder.php(2516): CodeIgniter\Database\BaseConnection->query('UPDATE `customer` SET `first_name` = :first_name:, `last_name` = :last_name:, `email` = :email:, `phone_number` = :phone_number:, `description` = :description:
WHERE `customer`.`id` IN :customer.id:', [...], false)
 4 SYSTEMPATH/Model.php(461): CodeIgniter\Database\BaseBuilder->update()
 5 SYSTEMPATH/BaseModel.php(1028): CodeIgniter\Model->doUpdate([...], [...])
 6 SYSTEMPATH/Model.php(865): CodeIgniter\BaseModel->update([...], [...])
 7 APPPATH/Controllers/Customer_cntrl.php(167): CodeIgniter\Model->update('1', [...])
 8 SYSTEMPATH/CodeIgniter.php(933): App\Controllers\Customer_cntrl->CustomerProfileUpdate()
 9 SYSTEMPATH/CodeIgniter.php(509): CodeIgniter\CodeIgniter->runController(Object(App\Controllers\Customer_cntrl))
10 SYSTEMPATH/CodeIgniter.php(355): CodeIgniter\CodeIgniter->handleRequest(null, Object(Config\Cache), false)
11 SYSTEMPATH/Boot.php(325): CodeIgniter\CodeIgniter->run()
12 SYSTEMPATH/Boot.php(67): CodeIgniter\Boot::runCodeIgniter(Object(CodeIgniter\CodeIgniter))
13 FCPATH/index.php(57): CodeIgniter\Boot::bootWeb(Object(Config\Paths))
CRITICAL - 2024-10-28 06:12:35 --> [Caused by] mysqli_sql_exception: Unknown column 'customer.id' in 'where clause'
in SYSTEMPATH/Database/MySQLi/Connection.php on line 312.
 1 SYSTEMPATH/Database/MySQLi/Connection.php(312): mysqli->query('UPDATE `customer` SET `first_name` = \'Aaron\', `last_name` = \'Dodds\', `email` = \'test4.nextway@gmail.com\', `phone_number` = \'0123456789\', `description` = \'test\'
WHERE `customer`.`id` IN (\'1\')', 0)
 2 SYSTEMPATH/Database/BaseConnection.php(734): CodeIgniter\Database\MySQLi\Connection->execute('UPDATE `customer` SET `first_name` = \'Aaron\', `last_name` = \'Dodds\', `email` = \'test4.nextway@gmail.com\', `phone_number` = \'0123456789\', `description` = \'test\'
WHERE `customer`.`id` IN (\'1\')')
 3 SYSTEMPATH/Database/BaseConnection.php(648): CodeIgniter\Database\BaseConnection->simpleQuery('UPDATE `customer` SET `first_name` = \'Aaron\', `last_name` = \'Dodds\', `email` = \'test4.nextway@gmail.com\', `phone_number` = \'0123456789\', `description` = \'test\'
WHERE `customer`.`id` IN (\'1\')')
 4 SYSTEMPATH/Database/BaseBuilder.php(2516): CodeIgniter\Database\BaseConnection->query('UPDATE `customer` SET `first_name` = :first_name:, `last_name` = :last_name:, `email` = :email:, `phone_number` = :phone_number:, `description` = :description:
WHERE `customer`.`id` IN :customer.id:', [...], false)
 5 SYSTEMPATH/Model.php(461): CodeIgniter\Database\BaseBuilder->update()
 6 SYSTEMPATH/BaseModel.php(1028): CodeIgniter\Model->doUpdate([...], [...])
 7 SYSTEMPATH/Model.php(865): CodeIgniter\BaseModel->update([...], [...])
 8 APPPATH/Controllers/Customer_cntrl.php(167): CodeIgniter\Model->update('1', [...])
 9 SYSTEMPATH/CodeIgniter.php(933): App\Controllers\Customer_cntrl->CustomerProfileUpdate()
10 SYSTEMPATH/CodeIgniter.php(509): CodeIgniter\CodeIgniter->runController(Object(App\Controllers\Customer_cntrl))
11 SYSTEMPATH/CodeIgniter.php(355): CodeIgniter\CodeIgniter->handleRequest(null, Object(Config\Cache), false)
12 SYSTEMPATH/Boot.php(325): CodeIgniter\CodeIgniter->run()
13 SYSTEMPATH/Boot.php(67): CodeIgniter\Boot::runCodeIgniter(Object(CodeIgniter\CodeIgniter))
14 FCPATH/index.php(57): CodeIgniter\Boot::bootWeb(Object(Config\Paths))
INFO - 2024-10-28 06:12:37 --> Session: Class initialized using 'CodeIgniter\Session\Handlers\FileHandler' driver.
INFO - 2024-10-28 06:12:45 --> Session: Class initialized using 'CodeIgniter\Session\Handlers\FileHandler' driver.
ERROR - 2024-10-28 06:12:45 --> mysqli_sql_exception: Unknown column 'customer.id' in 'where clause' in /home/havellslighting/public_html/partner/system/Database/MySQLi/Connection.php:312
Stack trace:
#0 /home/havellslighting/public_html/partner/system/Database/MySQLi/Connection.php(312): mysqli->query('UPDATE `custome...', 0)
#1 /home/havellslighting/public_html/partner/system/Database/BaseConnection.php(734): CodeIgniter\Database\MySQLi\Connection->execute('UPDATE `custome...')
#2 /home/havellslighting/public_html/partner/system/Database/BaseConnection.php(648): CodeIgniter\Database\BaseConnection->simpleQuery('UPDATE `custome...')
#3 /home/havellslighting/public_html/partner/system/Database/BaseBuilder.php(2516): CodeIgniter\Database\BaseConnection->query('UPDATE `custome...', Array, false)
#4 /home/havellslighting/public_html/partner/system/Model.php(461): CodeIgniter\Database\BaseBuilder->update()
#5 /home/havellslighting/public_html/partner/system/BaseModel.php(1028): CodeIgniter\Model->doUpdate(Array, Array)
#6 /home/havellslighting/public_html/partner/system/Model.php(865): CodeIgniter\BaseModel->update(Array, Array)
#7 /home/havellslighting/public_html/partner/app/Controllers/Customer_cntrl.php(167): CodeIgniter\Model->update('1', Array)
#8 /home/havellslighting/public_html/partner/system/CodeIgniter.php(933): App\Controllers\Customer_cntrl->CustomerProfileUpdate()
#9 /home/havellslighting/public_html/partner/system/CodeIgniter.php(509): CodeIgniter\CodeIgniter->runController(Object(App\Controllers\Customer_cntrl))
#10 /home/havellslighting/public_html/partner/system/CodeIgniter.php(355): CodeIgniter\CodeIgniter->handleRequest(NULL, Object(Config\Cache), false)
#11 /home/havellslighting/public_html/partner/system/Boot.php(325): CodeIgniter\CodeIgniter->run()
#12 /home/havellslighting/public_html/partner/system/Boot.php(67): CodeIgniter\Boot::runCodeIgniter(Object(CodeIgniter\CodeIgniter))
#13 /home/havellslighting/public_html/partner/index.php(57): CodeIgniter\Boot::bootWeb(Object(Config\Paths))
#14 {main}
CRITICAL - 2024-10-28 06:12:45 --> CodeIgniter\Database\Exceptions\DatabaseException: Unknown column 'customer.id' in 'where clause'
[Method: POST, Route: profile-update]
in SYSTEMPATH/Database/BaseConnection.php on line 688.
 1 SYSTEMPATH/Database/BaseBuilder.php(2516): CodeIgniter\Database\BaseConnection->query('UPDATE `customer` SET `first_name` = :first_name:, `last_name` = :last_name:, `email` = :email:, `phone_number` = :phone_number:, `description` = :description:
WHERE `customer`.`id` IN :customer.id:', [...], false)
 2 SYSTEMPATH/Model.php(461): CodeIgniter\Database\BaseBuilder->update()
 3 SYSTEMPATH/BaseModel.php(1028): CodeIgniter\Model->doUpdate([...], [...])
 4 SYSTEMPATH/Model.php(865): CodeIgniter\BaseModel->update([...], [...])
 5 APPPATH/Controllers/Customer_cntrl.php(167): CodeIgniter\Model->update('1', [...])
 6 SYSTEMPATH/CodeIgniter.php(933): App\Controllers\Customer_cntrl->CustomerProfileUpdate()
 7 SYSTEMPATH/CodeIgniter.php(509): CodeIgniter\CodeIgniter->runController(Object(App\Controllers\Customer_cntrl))
 8 SYSTEMPATH/CodeIgniter.php(355): CodeIgniter\CodeIgniter->handleRequest(null, Object(Config\Cache), false)
 9 SYSTEMPATH/Boot.php(325): CodeIgniter\CodeIgniter->run()
10 SYSTEMPATH/Boot.php(67): CodeIgniter\Boot::runCodeIgniter(Object(CodeIgniter\CodeIgniter))
11 FCPATH/index.php(57): CodeIgniter\Boot::bootWeb(Object(Config\Paths))
CRITICAL - 2024-10-28 06:12:45 --> [Caused by] CodeIgniter\Database\Exceptions\DatabaseException: Unknown column 'customer.id' in 'where clause'
in SYSTEMPATH/Database/MySQLi/Connection.php on line 317.
 1 SYSTEMPATH/Database/BaseConnection.php(734): CodeIgniter\Database\MySQLi\Connection->execute('UPDATE `customer` SET `first_name` = \'Aaron\', `last_name` = \'Dodds\', `email` = \'test4.nextway@gmail.com\', `phone_number` = \'0123456789\', `description` = \'test\'
WHERE `customer`.`id` IN (\'1\')')
 2 SYSTEMPATH/Database/BaseConnection.php(648): CodeIgniter\Database\BaseConnection->simpleQuery('UPDATE `customer` SET `first_name` = \'Aaron\', `last_name` = \'Dodds\', `email` = \'test4.nextway@gmail.com\', `phone_number` = \'0123456789\', `description` = \'test\'
WHERE `customer`.`id` IN (\'1\')')
 3 SYSTEMPATH/Database/BaseBuilder.php(2516): CodeIgniter\Database\BaseConnection->query('UPDATE `customer` SET `first_name` = :first_name:, `last_name` = :last_name:, `email` = :email:, `phone_number` = :phone_number:, `description` = :description:
WHERE `customer`.`id` IN :customer.id:', [...], false)
 4 SYSTEMPATH/Model.php(461): CodeIgniter\Database\BaseBuilder->update()
 5 SYSTEMPATH/BaseModel.php(1028): CodeIgniter\Model->doUpdate([...], [...])
 6 SYSTEMPATH/Model.php(865): CodeIgniter\BaseModel->update([...], [...])
 7 APPPATH/Controllers/Customer_cntrl.php(167): CodeIgniter\Model->update('1', [...])
 8 SYSTEMPATH/CodeIgniter.php(933): App\Controllers\Customer_cntrl->CustomerProfileUpdate()
 9 SYSTEMPATH/CodeIgniter.php(509): CodeIgniter\CodeIgniter->runController(Object(App\Controllers\Customer_cntrl))
10 SYSTEMPATH/CodeIgniter.php(355): CodeIgniter\CodeIgniter->handleRequest(null, Object(Config\Cache), false)
11 SYSTEMPATH/Boot.php(325): CodeIgniter\CodeIgniter->run()
12 SYSTEMPATH/Boot.php(67): CodeIgniter\Boot::runCodeIgniter(Object(CodeIgniter\CodeIgniter))
13 FCPATH/index.php(57): CodeIgniter\Boot::bootWeb(Object(Config\Paths))
CRITICAL - 2024-10-28 06:12:45 --> [Caused by] mysqli_sql_exception: Unknown column 'customer.id' in 'where clause'
in SYSTEMPATH/Database/MySQLi/Connection.php on line 312.
 1 SYSTEMPATH/Database/MySQLi/Connection.php(312): mysqli->query('UPDATE `customer` SET `first_name` = \'Aaron\', `last_name` = \'Dodds\', `email` = \'test4.nextway@gmail.com\', `phone_number` = \'0123456789\', `description` = \'test\'
WHERE `customer`.`id` IN (\'1\')', 0)
 2 SYSTEMPATH/Database/BaseConnection.php(734): CodeIgniter\Database\MySQLi\Connection->execute('UPDATE `customer` SET `first_name` = \'Aaron\', `last_name` = \'Dodds\', `email` = \'test4.nextway@gmail.com\', `phone_number` = \'0123456789\', `description` = \'test\'
WHERE `customer`.`id` IN (\'1\')')
 3 SYSTEMPATH/Database/BaseConnection.php(648): CodeIgniter\Database\BaseConnection->simpleQuery('UPDATE `customer` SET `first_name` = \'Aaron\', `last_name` = \'Dodds\', `email` = \'test4.nextway@gmail.com\', `phone_number` = \'0123456789\', `description` = \'test\'
WHERE `customer`.`id` IN (\'1\')')
 4 SYSTEMPATH/Database/BaseBuilder.php(2516): CodeIgniter\Database\BaseConnection->query('UPDATE `customer` SET `first_name` = :first_name:, `last_name` = :last_name:, `email` = :email:, `phone_number` = :phone_number:, `description` = :description:
WHERE `customer`.`id` IN :customer.id:', [...], false)
 5 SYSTEMPATH/Model.php(461): CodeIgniter\Database\BaseBuilder->update()
 6 SYSTEMPATH/BaseModel.php(1028): CodeIgniter\Model->doUpdate([...], [...])
 7 SYSTEMPATH/Model.php(865): CodeIgniter\BaseModel->update([...], [...])
 8 APPPATH/Controllers/Customer_cntrl.php(167): CodeIgniter\Model->update('1', [...])
 9 SYSTEMPATH/CodeIgniter.php(933): App\Controllers\Customer_cntrl->CustomerProfileUpdate()
10 SYSTEMPATH/CodeIgniter.php(509): CodeIgniter\CodeIgniter->runController(Object(App\Controllers\Customer_cntrl))
11 SYSTEMPATH/CodeIgniter.php(355): CodeIgniter\CodeIgniter->handleRequest(null, Object(Config\Cache), false)
12 SYSTEMPATH/Boot.php(325): CodeIgniter\CodeIgniter->run()
13 SYSTEMPATH/Boot.php(67): CodeIgniter\Boot::runCodeIgniter(Object(CodeIgniter\CodeIgniter))
14 FCPATH/index.php(57): CodeIgniter\Boot::bootWeb(Object(Config\Paths))
INFO - 2024-10-28 06:14:47 --> Session: Class initialized using 'CodeIgniter\Session\Handlers\FileHandler' driver.
ERROR - 2024-10-28 06:14:47 --> mysqli_sql_exception: Unknown column 'customer.id' in 'where clause' in /home/havellslighting/public_html/partner/system/Database/MySQLi/Connection.php:312
Stack trace:
#0 /home/havellslighting/public_html/partner/system/Database/MySQLi/Connection.php(312): mysqli->query('UPDATE `custome...', 0)
#1 /home/havellslighting/public_html/partner/system/Database/BaseConnection.php(734): CodeIgniter\Database\MySQLi\Connection->execute('UPDATE `custome...')
#2 /home/havellslighting/public_html/partner/system/Database/BaseConnection.php(648): CodeIgniter\Database\BaseConnection->simpleQuery('UPDATE `custome...')
#3 /home/havellslighting/public_html/partner/system/Database/BaseBuilder.php(2516): CodeIgniter\Database\BaseConnection->query('UPDATE `custome...', Array, false)
#4 /home/havellslighting/public_html/partner/system/Model.php(461): CodeIgniter\Database\BaseBuilder->update()
#5 /home/havellslighting/public_html/partner/system/BaseModel.php(1028): CodeIgniter\Model->doUpdate(Array, Array)
#6 /home/havellslighting/public_html/partner/system/Model.php(865): CodeIgniter\BaseModel->update(Array, Array)
#7 /home/havellslighting/public_html/partner/app/Controllers/Customer_cntrl.php(167): CodeIgniter\Model->update('1', Array)
#8 /home/havellslighting/public_html/partner/system/CodeIgniter.php(933): App\Controllers\Customer_cntrl->CustomerProfileUpdate()
#9 /home/havellslighting/public_html/partner/system/CodeIgniter.php(509): CodeIgniter\CodeIgniter->runController(Object(App\Controllers\Customer_cntrl))
#10 /home/havellslighting/public_html/partner/system/CodeIgniter.php(355): CodeIgniter\CodeIgniter->handleRequest(NULL, Object(Config\Cache), false)
#11 /home/havellslighting/public_html/partner/system/Boot.php(325): CodeIgniter\CodeIgniter->run()
#12 /home/havellslighting/public_html/partner/system/Boot.php(67): CodeIgniter\Boot::runCodeIgniter(Object(CodeIgniter\CodeIgniter))
#13 /home/havellslighting/public_html/partner/index.php(57): CodeIgniter\Boot::bootWeb(Object(Config\Paths))
#14 {main}
CRITICAL - 2024-10-28 06:14:47 --> CodeIgniter\Database\Exceptions\DatabaseException: Unknown column 'customer.id' in 'where clause'
[Method: POST, Route: profile-update]
in SYSTEMPATH/Database/BaseConnection.php on line 688.
 1 SYSTEMPATH/Database/BaseBuilder.php(2516): CodeIgniter\Database\BaseConnection->query('UPDATE `customer` SET `first_name` = :first_name:, `last_name` = :last_name:, `email` = :email:, `phone_number` = :phone_number:, `description` = :description:
WHERE `customer`.`id` IN :customer.id:', [...], false)
 2 SYSTEMPATH/Model.php(461): CodeIgniter\Database\BaseBuilder->update()
 3 SYSTEMPATH/BaseModel.php(1028): CodeIgniter\Model->doUpdate([...], [...])
 4 SYSTEMPATH/Model.php(865): CodeIgniter\BaseModel->update([...], [...])
 5 APPPATH/Controllers/Customer_cntrl.php(167): CodeIgniter\Model->update('1', [...])
 6 SYSTEMPATH/CodeIgniter.php(933): App\Controllers\Customer_cntrl->CustomerProfileUpdate()
 7 SYSTEMPATH/CodeIgniter.php(509): CodeIgniter\CodeIgniter->runController(Object(App\Controllers\Customer_cntrl))
 8 SYSTEMPATH/CodeIgniter.php(355): CodeIgniter\CodeIgniter->handleRequest(null, Object(Config\Cache), false)
 9 SYSTEMPATH/Boot.php(325): CodeIgniter\CodeIgniter->run()
10 SYSTEMPATH/Boot.php(67): CodeIgniter\Boot::runCodeIgniter(Object(CodeIgniter\CodeIgniter))
11 FCPATH/index.php(57): CodeIgniter\Boot::bootWeb(Object(Config\Paths))
CRITICAL - 2024-10-28 06:14:47 --> [Caused by] CodeIgniter\Database\Exceptions\DatabaseException: Unknown column 'customer.id' in 'where clause'
in SYSTEMPATH/Database/MySQLi/Connection.php on line 317.
 1 SYSTEMPATH/Database/BaseConnection.php(734): CodeIgniter\Database\MySQLi\Connection->execute('UPDATE `customer` SET `first_name` = \'Aaron\', `last_name` = \'Dodds\', `email` = \'test4.nextway@gmail.com\', `phone_number` = \'0123456789\', `description` = \'test\'
WHERE `customer`.`id` IN (\'1\')')
 2 SYSTEMPATH/Database/BaseConnection.php(648): CodeIgniter\Database\BaseConnection->simpleQuery('UPDATE `customer` SET `first_name` = \'Aaron\', `last_name` = \'Dodds\', `email` = \'test4.nextway@gmail.com\', `phone_number` = \'0123456789\', `description` = \'test\'
WHERE `customer`.`id` IN (\'1\')')
 3 SYSTEMPATH/Database/BaseBuilder.php(2516): CodeIgniter\Database\BaseConnection->query('UPDATE `customer` SET `first_name` = :first_name:, `last_name` = :last_name:, `email` = :email:, `phone_number` = :phone_number:, `description` = :description:
WHERE `customer`.`id` IN :customer.id:', [...], false)
 4 SYSTEMPATH/Model.php(461): CodeIgniter\Database\BaseBuilder->update()
 5 SYSTEMPATH/BaseModel.php(1028): CodeIgniter\Model->doUpdate([...], [...])
 6 SYSTEMPATH/Model.php(865): CodeIgniter\BaseModel->update([...], [...])
 7 APPPATH/Controllers/Customer_cntrl.php(167): CodeIgniter\Model->update('1', [...])
 8 SYSTEMPATH/CodeIgniter.php(933): App\Controllers\Customer_cntrl->CustomerProfileUpdate()
 9 SYSTEMPATH/CodeIgniter.php(509): CodeIgniter\CodeIgniter->runController(Object(App\Controllers\Customer_cntrl))
10 SYSTEMPATH/CodeIgniter.php(355): CodeIgniter\CodeIgniter->handleRequest(null, Object(Config\Cache), false)
11 SYSTEMPATH/Boot.php(325): CodeIgniter\CodeIgniter->run()
12 SYSTEMPATH/Boot.php(67): CodeIgniter\Boot::runCodeIgniter(Object(CodeIgniter\CodeIgniter))
13 FCPATH/index.php(57): CodeIgniter\Boot::bootWeb(Object(Config\Paths))
CRITICAL - 2024-10-28 06:14:47 --> [Caused by] mysqli_sql_exception: Unknown column 'customer.id' in 'where clause'
in SYSTEMPATH/Database/MySQLi/Connection.php on line 312.
 1 SYSTEMPATH/Database/MySQLi/Connection.php(312): mysqli->query('UPDATE `customer` SET `first_name` = \'Aaron\', `last_name` = \'Dodds\', `email` = \'test4.nextway@gmail.com\', `phone_number` = \'0123456789\', `description` = \'test\'
WHERE `customer`.`id` IN (\'1\')', 0)
 2 SYSTEMPATH/Database/BaseConnection.php(734): CodeIgniter\Database\MySQLi\Connection->execute('UPDATE `customer` SET `first_name` = \'Aaron\', `last_name` = \'Dodds\', `email` = \'test4.nextway@gmail.com\', `phone_number` = \'0123456789\', `description` = \'test\'
WHERE `customer`.`id` IN (\'1\')')
 3 SYSTEMPATH/Database/BaseConnection.php(648): CodeIgniter\Database\BaseConnection->simpleQuery('UPDATE `customer` SET `first_name` = \'Aaron\', `last_name` = \'Dodds\', `email` = \'test4.nextway@gmail.com\', `phone_number` = \'0123456789\', `description` = \'test\'
WHERE `customer`.`id` IN (\'1\')')
 4 SYSTEMPATH/Database/BaseBuilder.php(2516): CodeIgniter\Database\BaseConnection->query('UPDATE `customer` SET `first_name` = :first_name:, `last_name` = :last_name:, `email` = :email:, `phone_number` = :phone_number:, `description` = :description:
WHERE `customer`.`id` IN :customer.id:', [...], false)
 5 SYSTEMPATH/Model.php(461): CodeIgniter\Database\BaseBuilder->update()
 6 SYSTEMPATH/BaseModel.php(1028): CodeIgniter\Model->doUpdate([...], [...])
 7 SYSTEMPATH/Model.php(865): CodeIgniter\BaseModel->update([...], [...])
 8 APPPATH/Controllers/Customer_cntrl.php(167): CodeIgniter\Model->update('1', [...])
 9 SYSTEMPATH/CodeIgniter.php(933): App\Controllers\Customer_cntrl->CustomerProfileUpdate()
10 SYSTEMPATH/CodeIgniter.php(509): CodeIgniter\CodeIgniter->runController(Object(App\Controllers\Customer_cntrl))
11 SYSTEMPATH/CodeIgniter.php(355): CodeIgniter\CodeIgniter->handleRequest(null, Object(Config\Cache), false)
12 SYSTEMPATH/Boot.php(325): CodeIgniter\CodeIgniter->run()
13 SYSTEMPATH/Boot.php(67): CodeIgniter\Boot::runCodeIgniter(Object(CodeIgniter\CodeIgniter))
14 FCPATH/index.php(57): CodeIgniter\Boot::bootWeb(Object(Config\Paths))
INFO - 2024-10-28 06:15:36 --> Session: Class initialized using 'CodeIgniter\Session\Handlers\FileHandler' driver.
ERROR - 2024-10-28 06:15:36 --> mysqli_sql_exception: Unknown column 'customer.id' in 'where clause' in /home/havellslighting/public_html/partner/system/Database/MySQLi/Connection.php:312
Stack trace:
#0 /home/havellslighting/public_html/partner/system/Database/MySQLi/Connection.php(312): mysqli->query('UPDATE `custome...', 0)
#1 /home/havellslighting/public_html/partner/system/Database/BaseConnection.php(734): CodeIgniter\Database\MySQLi\Connection->execute('UPDATE `custome...')
#2 /home/havellslighting/public_html/partner/system/Database/BaseConnection.php(648): CodeIgniter\Database\BaseConnection->simpleQuery('UPDATE `custome...')
#3 /home/havellslighting/public_html/partner/system/Database/BaseBuilder.php(2516): CodeIgniter\Database\BaseConnection->query('UPDATE `custome...', Array, false)
#4 /home/havellslighting/public_html/partner/system/Model.php(461): CodeIgniter\Database\BaseBuilder->update()
#5 /home/havellslighting/public_html/partner/system/BaseModel.php(1028): CodeIgniter\Model->doUpdate(Array, Array)
#6 /home/havellslighting/public_html/partner/system/Model.php(865): CodeIgniter\BaseModel->update(Array, Array)
#7 /home/havellslighting/public_html/partner/app/Controllers/Customer_cntrl.php(167): CodeIgniter\Model->update('1', Array)
#8 /home/havellslighting/public_html/partner/system/CodeIgniter.php(933): App\Controllers\Customer_cntrl->CustomerProfileUpdate()
#9 /home/havellslighting/public_html/partner/system/CodeIgniter.php(509): CodeIgniter\CodeIgniter->runController(Object(App\Controllers\Customer_cntrl))
#10 /home/havellslighting/public_html/partner/system/CodeIgniter.php(355): CodeIgniter\CodeIgniter->handleRequest(NULL, Object(Config\Cache), false)
#11 /home/havellslighting/public_html/partner/system/Boot.php(325): CodeIgniter\CodeIgniter->run()
#12 /home/havellslighting/public_html/partner/system/Boot.php(67): CodeIgniter\Boot::runCodeIgniter(Object(CodeIgniter\CodeIgniter))
#13 /home/havellslighting/public_html/partner/index.php(57): CodeIgniter\Boot::bootWeb(Object(Config\Paths))
#14 {main}
CRITICAL - 2024-10-28 06:15:36 --> CodeIgniter\Database\Exceptions\DatabaseException: Unknown column 'customer.id' in 'where clause'
[Method: POST, Route: profile-update]
in SYSTEMPATH/Database/BaseConnection.php on line 688.
 1 SYSTEMPATH/Database/BaseBuilder.php(2516): CodeIgniter\Database\BaseConnection->query('UPDATE `customer` SET `first_name` = :first_name:, `last_name` = :last_name:, `email` = :email:, `phone_number` = :phone_number:, `description` = :description:
WHERE `customer`.`id` IN :customer.id:', [...], false)
 2 SYSTEMPATH/Model.php(461): CodeIgniter\Database\BaseBuilder->update()
 3 SYSTEMPATH/BaseModel.php(1028): CodeIgniter\Model->doUpdate([...], [...])
 4 SYSTEMPATH/Model.php(865): CodeIgniter\BaseModel->update([...], [...])
 5 APPPATH/Controllers/Customer_cntrl.php(167): CodeIgniter\Model->update('1', [...])
 6 SYSTEMPATH/CodeIgniter.php(933): App\Controllers\Customer_cntrl->CustomerProfileUpdate()
 7 SYSTEMPATH/CodeIgniter.php(509): CodeIgniter\CodeIgniter->runController(Object(App\Controllers\Customer_cntrl))
 8 SYSTEMPATH/CodeIgniter.php(355): CodeIgniter\CodeIgniter->handleRequest(null, Object(Config\Cache), false)
 9 SYSTEMPATH/Boot.php(325): CodeIgniter\CodeIgniter->run()
10 SYSTEMPATH/Boot.php(67): CodeIgniter\Boot::runCodeIgniter(Object(CodeIgniter\CodeIgniter))
11 FCPATH/index.php(57): CodeIgniter\Boot::bootWeb(Object(Config\Paths))
CRITICAL - 2024-10-28 06:15:36 --> [Caused by] CodeIgniter\Database\Exceptions\DatabaseException: Unknown column 'customer.id' in 'where clause'
in SYSTEMPATH/Database/MySQLi/Connection.php on line 317.
 1 SYSTEMPATH/Database/BaseConnection.php(734): CodeIgniter\Database\MySQLi\Connection->execute('UPDATE `customer` SET `first_name` = \'Aaron\', `last_name` = \'Dodds\', `email` = \'test4.nextway@gmail.com\', `phone_number` = \'0123456789\', `description` = \'test\'
WHERE `customer`.`id` IN (\'1\')')
 2 SYSTEMPATH/Database/BaseConnection.php(648): CodeIgniter\Database\BaseConnection->simpleQuery('UPDATE `customer` SET `first_name` = \'Aaron\', `last_name` = \'Dodds\', `email` = \'test4.nextway@gmail.com\', `phone_number` = \'0123456789\', `description` = \'test\'
WHERE `customer`.`id` IN (\'1\')')
 3 SYSTEMPATH/Database/BaseBuilder.php(2516): CodeIgniter\Database\BaseConnection->query('UPDATE `customer` SET `first_name` = :first_name:, `last_name` = :last_name:, `email` = :email:, `phone_number` = :phone_number:, `description` = :description:
WHERE `customer`.`id` IN :customer.id:', [...], false)
 4 SYSTEMPATH/Model.php(461): CodeIgniter\Database\BaseBuilder->update()
 5 SYSTEMPATH/BaseModel.php(1028): CodeIgniter\Model->doUpdate([...], [...])
 6 SYSTEMPATH/Model.php(865): CodeIgniter\BaseModel->update([...], [...])
 7 APPPATH/Controllers/Customer_cntrl.php(167): CodeIgniter\Model->update('1', [...])
 8 SYSTEMPATH/CodeIgniter.php(933): App\Controllers\Customer_cntrl->CustomerProfileUpdate()
 9 SYSTEMPATH/CodeIgniter.php(509): CodeIgniter\CodeIgniter->runController(Object(App\Controllers\Customer_cntrl))
10 SYSTEMPATH/CodeIgniter.php(355): CodeIgniter\CodeIgniter->handleRequest(null, Object(Config\Cache), false)
11 SYSTEMPATH/Boot.php(325): CodeIgniter\CodeIgniter->run()
12 SYSTEMPATH/Boot.php(67): CodeIgniter\Boot::runCodeIgniter(Object(CodeIgniter\CodeIgniter))
13 FCPATH/index.php(57): CodeIgniter\Boot::bootWeb(Object(Config\Paths))
CRITICAL - 2024-10-28 06:15:36 --> [Caused by] mysqli_sql_exception: Unknown column 'customer.id' in 'where clause'
in SYSTEMPATH/Database/MySQLi/Connection.php on line 312.
 1 SYSTEMPATH/Database/MySQLi/Connection.php(312): mysqli->query('UPDATE `customer` SET `first_name` = \'Aaron\', `last_name` = \'Dodds\', `email` = \'test4.nextway@gmail.com\', `phone_number` = \'0123456789\', `description` = \'test\'
WHERE `customer`.`id` IN (\'1\')', 0)
 2 SYSTEMPATH/Database/BaseConnection.php(734): CodeIgniter\Database\MySQLi\Connection->execute('UPDATE `customer` SET `first_name` = \'Aaron\', `last_name` = \'Dodds\', `email` = \'test4.nextway@gmail.com\', `phone_number` = \'0123456789\', `description` = \'test\'
WHERE `customer`.`id` IN (\'1\')')
 3 SYSTEMPATH/Database/BaseConnection.php(648): CodeIgniter\Database\BaseConnection->simpleQuery('UPDATE `customer` SET `first_name` = \'Aaron\', `last_name` = \'Dodds\', `email` = \'test4.nextway@gmail.com\', `phone_number` = \'0123456789\', `description` = \'test\'
WHERE `customer`.`id` IN (\'1\')')
 4 SYSTEMPATH/Database/BaseBuilder.php(2516): CodeIgniter\Database\BaseConnection->query('UPDATE `customer` SET `first_name` = :first_name:, `last_name` = :last_name:, `email` = :email:, `phone_number` = :phone_number:, `description` = :description:
WHERE `customer`.`id` IN :customer.id:', [...], false)
 5 SYSTEMPATH/Model.php(461): CodeIgniter\Database\BaseBuilder->update()
 6 SYSTEMPATH/BaseModel.php(1028): CodeIgniter\Model->doUpdate([...], [...])
 7 SYSTEMPATH/Model.php(865): CodeIgniter\BaseModel->update([...], [...])
 8 APPPATH/Controllers/Customer_cntrl.php(167): CodeIgniter\Model->update('1', [...])
 9 SYSTEMPATH/CodeIgniter.php(933): App\Controllers\Customer_cntrl->CustomerProfileUpdate()
10 SYSTEMPATH/CodeIgniter.php(509): CodeIgniter\CodeIgniter->runController(Object(App\Controllers\Customer_cntrl))
11 SYSTEMPATH/CodeIgniter.php(355): CodeIgniter\CodeIgniter->handleRequest(null, Object(Config\Cache), false)
12 SYSTEMPATH/Boot.php(325): CodeIgniter\CodeIgniter->run()
13 SYSTEMPATH/Boot.php(67): CodeIgniter\Boot::runCodeIgniter(Object(CodeIgniter\CodeIgniter))
14 FCPATH/index.php(57): CodeIgniter\Boot::bootWeb(Object(Config\Paths))
INFO - 2024-10-28 06:15:39 --> Session: Class initialized using 'CodeIgniter\Session\Handlers\FileHandler' driver.
INFO - 2024-10-28 06:15:47 --> Session: Class initialized using 'CodeIgniter\Session\Handlers\FileHandler' driver.
ERROR - 2024-10-28 06:15:47 --> mysqli_sql_exception: Unknown column 'customer.id' in 'where clause' in /home/havellslighting/public_html/partner/system/Database/MySQLi/Connection.php:312
Stack trace:
#0 /home/havellslighting/public_html/partner/system/Database/MySQLi/Connection.php(312): mysqli->query('UPDATE `custome...', 0)
#1 /home/havellslighting/public_html/partner/system/Database/BaseConnection.php(734): CodeIgniter\Database\MySQLi\Connection->execute('UPDATE `custome...')
#2 /home/havellslighting/public_html/partner/system/Database/BaseConnection.php(648): CodeIgniter\Database\BaseConnection->simpleQuery('UPDATE `custome...')
#3 /home/havellslighting/public_html/partner/system/Database/BaseBuilder.php(2516): CodeIgniter\Database\BaseConnection->query('UPDATE `custome...', Array, false)
#4 /home/havellslighting/public_html/partner/system/Model.php(461): CodeIgniter\Database\BaseBuilder->update()
#5 /home/havellslighting/public_html/partner/system/BaseModel.php(1028): CodeIgniter\Model->doUpdate(Array, Array)
#6 /home/havellslighting/public_html/partner/system/Model.php(865): CodeIgniter\BaseModel->update(Array, Array)
#7 /home/havellslighting/public_html/partner/app/Controllers/Customer_cntrl.php(167): CodeIgniter\Model->update('1', Array)
#8 /home/havellslighting/public_html/partner/system/CodeIgniter.php(933): App\Controllers\Customer_cntrl->CustomerProfileUpdate()
#9 /home/havellslighting/public_html/partner/system/CodeIgniter.php(509): CodeIgniter\CodeIgniter->runController(Object(App\Controllers\Customer_cntrl))
#10 /home/havellslighting/public_html/partner/system/CodeIgniter.php(355): CodeIgniter\CodeIgniter->handleRequest(NULL, Object(Config\Cache), false)
#11 /home/havellslighting/public_html/partner/system/Boot.php(325): CodeIgniter\CodeIgniter->run()
#12 /home/havellslighting/public_html/partner/system/Boot.php(67): CodeIgniter\Boot::runCodeIgniter(Object(CodeIgniter\CodeIgniter))
#13 /home/havellslighting/public_html/partner/index.php(57): CodeIgniter\Boot::bootWeb(Object(Config\Paths))
#14 {main}
CRITICAL - 2024-10-28 06:15:47 --> CodeIgniter\Database\Exceptions\DatabaseException: Unknown column 'customer.id' in 'where clause'
[Method: POST, Route: profile-update]
in SYSTEMPATH/Database/BaseConnection.php on line 688.
 1 SYSTEMPATH/Database/BaseBuilder.php(2516): CodeIgniter\Database\BaseConnection->query('UPDATE `customer` SET `first_name` = :first_name:, `last_name` = :last_name:, `email` = :email:, `phone_number` = :phone_number:, `description` = :description:
WHERE `customer`.`id` IN :customer.id:', [...], false)
 2 SYSTEMPATH/Model.php(461): CodeIgniter\Database\BaseBuilder->update()
 3 SYSTEMPATH/BaseModel.php(1028): CodeIgniter\Model->doUpdate([...], [...])
 4 SYSTEMPATH/Model.php(865): CodeIgniter\BaseModel->update([...], [...])
 5 APPPATH/Controllers/Customer_cntrl.php(167): CodeIgniter\Model->update('1', [...])
 6 SYSTEMPATH/CodeIgniter.php(933): App\Controllers\Customer_cntrl->CustomerProfileUpdate()
 7 SYSTEMPATH/CodeIgniter.php(509): CodeIgniter\CodeIgniter->runController(Object(App\Controllers\Customer_cntrl))
 8 SYSTEMPATH/CodeIgniter.php(355): CodeIgniter\CodeIgniter->handleRequest(null, Object(Config\Cache), false)
 9 SYSTEMPATH/Boot.php(325): CodeIgniter\CodeIgniter->run()
10 SYSTEMPATH/Boot.php(67): CodeIgniter\Boot::runCodeIgniter(Object(CodeIgniter\CodeIgniter))
11 FCPATH/index.php(57): CodeIgniter\Boot::bootWeb(Object(Config\Paths))
CRITICAL - 2024-10-28 06:15:47 --> [Caused by] CodeIgniter\Database\Exceptions\DatabaseException: Unknown column 'customer.id' in 'where clause'
in SYSTEMPATH/Database/MySQLi/Connection.php on line 317.
 1 SYSTEMPATH/Database/BaseConnection.php(734): CodeIgniter\Database\MySQLi\Connection->execute('UPDATE `customer` SET `first_name` = \'Aaron\', `last_name` = \'Dodds\', `email` = \'test4.nextway@gmail.com\', `phone_number` = \'0123456789\', `description` = \'test\'
WHERE `customer`.`id` IN (\'1\')')
 2 SYSTEMPATH/Database/BaseConnection.php(648): CodeIgniter\Database\BaseConnection->simpleQuery('UPDATE `customer` SET `first_name` = \'Aaron\', `last_name` = \'Dodds\', `email` = \'test4.nextway@gmail.com\', `phone_number` = \'0123456789\', `description` = \'test\'
WHERE `customer`.`id` IN (\'1\')')
 3 SYSTEMPATH/Database/BaseBuilder.php(2516): CodeIgniter\Database\BaseConnection->query('UPDATE `customer` SET `first_name` = :first_name:, `last_name` = :last_name:, `email` = :email:, `phone_number` = :phone_number:, `description` = :description:
WHERE `customer`.`id` IN :customer.id:', [...], false)
 4 SYSTEMPATH/Model.php(461): CodeIgniter\Database\BaseBuilder->update()
 5 SYSTEMPATH/BaseModel.php(1028): CodeIgniter\Model->doUpdate([...], [...])
 6 SYSTEMPATH/Model.php(865): CodeIgniter\BaseModel->update([...], [...])
 7 APPPATH/Controllers/Customer_cntrl.php(167): CodeIgniter\Model->update('1', [...])
 8 SYSTEMPATH/CodeIgniter.php(933): App\Controllers\Customer_cntrl->CustomerProfileUpdate()
 9 SYSTEMPATH/CodeIgniter.php(509): CodeIgniter\CodeIgniter->runController(Object(App\Controllers\Customer_cntrl))
10 SYSTEMPATH/CodeIgniter.php(355): CodeIgniter\CodeIgniter->handleRequest(null, Object(Config\Cache), false)
11 SYSTEMPATH/Boot.php(325): CodeIgniter\CodeIgniter->run()
12 SYSTEMPATH/Boot.php(67): CodeIgniter\Boot::runCodeIgniter(Object(CodeIgniter\CodeIgniter))
13 FCPATH/index.php(57): CodeIgniter\Boot::bootWeb(Object(Config\Paths))
CRITICAL - 2024-10-28 06:15:47 --> [Caused by] mysqli_sql_exception: Unknown column 'customer.id' in 'where clause'
in SYSTEMPATH/Database/MySQLi/Connection.php on line 312.
 1 SYSTEMPATH/Database/MySQLi/Connection.php(312): mysqli->query('UPDATE `customer` SET `first_name` = \'Aaron\', `last_name` = \'Dodds\', `email` = \'test4.nextway@gmail.com\', `phone_number` = \'0123456789\', `description` = \'test\'
WHERE `customer`.`id` IN (\'1\')', 0)
 2 SYSTEMPATH/Database/BaseConnection.php(734): CodeIgniter\Database\MySQLi\Connection->execute('UPDATE `customer` SET `first_name` = \'Aaron\', `last_name` = \'Dodds\', `email` = \'test4.nextway@gmail.com\', `phone_number` = \'0123456789\', `description` = \'test\'
WHERE `customer`.`id` IN (\'1\')')
 3 SYSTEMPATH/Database/BaseConnection.php(648): CodeIgniter\Database\BaseConnection->simpleQuery('UPDATE `customer` SET `first_name` = \'Aaron\', `last_name` = \'Dodds\', `email` = \'test4.nextway@gmail.com\', `phone_number` = \'0123456789\', `description` = \'test\'
WHERE `customer`.`id` IN (\'1\')')
 4 SYSTEMPATH/Database/BaseBuilder.php(2516): CodeIgniter\Database\BaseConnection->query('UPDATE `customer` SET `first_name` = :first_name:, `last_name` = :last_name:, `email` = :email:, `phone_number` = :phone_number:, `description` = :description:
WHERE `customer`.`id` IN :customer.id:', [...], false)
 5 SYSTEMPATH/Model.php(461): CodeIgniter\Database\BaseBuilder->update()
 6 SYSTEMPATH/BaseModel.php(1028): CodeIgniter\Model->doUpdate([...], [...])
 7 SYSTEMPATH/Model.php(865): CodeIgniter\BaseModel->update([...], [...])
 8 APPPATH/Controllers/Customer_cntrl.php(167): CodeIgniter\Model->update('1', [...])
 9 SYSTEMPATH/CodeIgniter.php(933): App\Controllers\Customer_cntrl->CustomerProfileUpdate()
10 SYSTEMPATH/CodeIgniter.php(509): CodeIgniter\CodeIgniter->runController(Object(App\Controllers\Customer_cntrl))
11 SYSTEMPATH/CodeIgniter.php(355): CodeIgniter\CodeIgniter->handleRequest(null, Object(Config\Cache), false)
12 SYSTEMPATH/Boot.php(325): CodeIgniter\CodeIgniter->run()
13 SYSTEMPATH/Boot.php(67): CodeIgniter\Boot::runCodeIgniter(Object(CodeIgniter\CodeIgniter))
14 FCPATH/index.php(57): CodeIgniter\Boot::bootWeb(Object(Config\Paths))
INFO - 2024-10-28 06:19:11 --> Session: Class initialized using 'CodeIgniter\Session\Handlers\FileHandler' driver.
INFO - 2024-10-28 06:19:15 --> Session: Class initialized using 'CodeIgniter\Session\Handlers\FileHandler' driver.
INFO - 2024-10-28 06:19:16 --> Session: Class initialized using 'CodeIgniter\Session\Handlers\FileHandler' driver.
INFO - 2024-10-28 06:19:19 --> Session: Class initialized using 'CodeIgniter\Session\Handlers\FileHandler' driver.
INFO - 2024-10-28 06:19:20 --> Session: Class initialized using 'CodeIgniter\Session\Handlers\FileHandler' driver.
INFO - 2024-10-28 06:19:24 --> Session: Class initialized using 'CodeIgniter\Session\Handlers\FileHandler' driver.
INFO - 2024-10-28 06:19:34 --> Session: Class initialized using 'CodeIgniter\Session\Handlers\FileHandler' driver.
INFO - 2024-10-28 06:20:06 --> Session: Class initialized using 'CodeIgniter\Session\Handlers\FileHandler' driver.
INFO - 2024-10-28 06:20:09 --> Session: Class initialized using 'CodeIgniter\Session\Handlers\FileHandler' driver.
INFO - 2024-10-28 06:20:29 --> Session: Class initialized using 'CodeIgniter\Session\Handlers\FileHandler' driver.
INFO - 2024-10-28 06:20:38 --> Session: Class initialized using 'CodeIgniter\Session\Handlers\FileHandler' driver.
INFO - 2024-10-28 06:20:41 --> Session: Class initialized using 'CodeIgniter\Session\Handlers\FileHandler' driver.
INFO - 2024-10-28 07:58:53 --> Session: Class initialized using 'CodeIgniter\Session\Handlers\FileHandler' driver.
INFO - 2024-10-28 08:03:54 --> Session: Class initialized using 'CodeIgniter\Session\Handlers\FileHandler' driver.
INFO - 2024-10-28 08:04:54 --> Session: Class initialized using 'CodeIgniter\Session\Handlers\FileHandler' driver.
INFO - 2024-10-28 08:10:23 --> Session: Class initialized using 'CodeIgniter\Session\Handlers\FileHandler' driver.
INFO - 2024-10-28 08:21:23 --> Session: Class initialized using 'CodeIgniter\Session\Handlers\FileHandler' driver.
INFO - 2024-10-28 08:22:50 --> Session: Class initialized using 'CodeIgniter\Session\Handlers\FileHandler' driver.
INFO - 2024-10-28 08:22:53 --> Session: Class initialized using 'CodeIgniter\Session\Handlers\FileHandler' driver.
INFO - 2024-10-28 08:23:27 --> Session: Class initialized using 'CodeIgniter\Session\Handlers\FileHandler' driver.
INFO - 2024-10-28 08:23:44 --> Session: Class initialized using 'CodeIgniter\Session\Handlers\FileHandler' driver.
INFO - 2024-10-28 08:32:50 --> Session: Class initialized using 'CodeIgniter\Session\Handlers\FileHandler' driver.
INFO - 2024-10-28 08:34:00 --> Session: Class initialized using 'CodeIgniter\Session\Handlers\FileHandler' driver.
INFO - 2024-10-28 08:34:04 --> Session: Class initialized using 'CodeIgniter\Session\Handlers\FileHandler' driver.
INFO - 2024-10-28 08:34:23 --> Session: Class initialized using 'CodeIgniter\Session\Handlers\FileHandler' driver.
INFO - 2024-10-28 08:35:10 --> Session: Class initialized using 'CodeIgniter\Session\Handlers\FileHandler' driver.
INFO - 2024-10-28 08:36:10 --> Session: Class initialized using 'CodeIgniter\Session\Handlers\FileHandler' driver.
INFO - 2024-10-28 08:36:11 --> Session: Class initialized using 'CodeIgniter\Session\Handlers\FileHandler' driver.
INFO - 2024-10-28 08:36:13 --> Session: Class initialized using 'CodeIgniter\Session\Handlers\FileHandler' driver.
INFO - 2024-10-28 08:37:46 --> Session: Class initialized using 'CodeIgniter\Session\Handlers\FileHandler' driver.
INFO - 2024-10-28 08:37:49 --> Session: Class initialized using 'CodeIgniter\Session\Handlers\FileHandler' driver.
INFO - 2024-10-28 08:38:00 --> Session: Class initialized using 'CodeIgniter\Session\Handlers\FileHandler' driver.
INFO - 2024-10-28 08:38:03 --> Session: Class initialized using 'CodeIgniter\Session\Handlers\FileHandler' driver.
INFO - 2024-10-28 08:49:10 --> Session: Class initialized using 'CodeIgniter\Session\Handlers\FileHandler' driver.
INFO - 2024-10-28 08:49:18 --> Session: Class initialized using 'CodeIgniter\Session\Handlers\FileHandler' driver.
INFO - 2024-10-28 08:49:22 --> Session: Class initialized using 'CodeIgniter\Session\Handlers\FileHandler' driver.
INFO - 2024-10-28 08:51:31 --> Session: Class initialized using 'CodeIgniter\Session\Handlers\FileHandler' driver.
INFO - 2024-10-28 08:51:33 --> Session: Class initialized using 'CodeIgniter\Session\Handlers\FileHandler' driver.
INFO - 2024-10-28 08:51:37 --> Session: Class initialized using 'CodeIgniter\Session\Handlers\FileHandler' driver.
INFO - 2024-10-28 08:51:47 --> Session: Class initialized using 'CodeIgniter\Session\Handlers\FileHandler' driver.
INFO - 2024-10-28 08:51:51 --> Session: Class initialized using 'CodeIgniter\Session\Handlers\FileHandler' driver.
INFO - 2024-10-28 08:52:57 --> Session: Class initialized using 'CodeIgniter\Session\Handlers\FileHandler' driver.
INFO - 2024-10-28 08:53:09 --> Session: Class initialized using 'CodeIgniter\Session\Handlers\FileHandler' driver.
INFO - 2024-10-28 08:54:42 --> Session: Class initialized using 'CodeIgniter\Session\Handlers\FileHandler' driver.
INFO - 2024-10-28 08:54:46 --> Session: Class initialized using 'CodeIgniter\Session\Handlers\FileHandler' driver.
INFO - 2024-10-28 08:56:04 --> Session: Class initialized using 'CodeIgniter\Session\Handlers\FileHandler' driver.
INFO - 2024-10-28 08:56:10 --> Session: Class initialized using 'CodeIgniter\Session\Handlers\FileHandler' driver.
INFO - 2024-10-28 08:56:20 --> Session: Class initialized using 'CodeIgniter\Session\Handlers\FileHandler' driver.
INFO - 2024-10-28 08:56:21 --> Session: Class initialized using 'CodeIgniter\Session\Handlers\FileHandler' driver.
INFO - 2024-10-28 08:59:06 --> Session: Class initialized using 'CodeIgniter\Session\Handlers\FileHandler' driver.
INFO - 2024-10-28 08:59:17 --> Session: Class initialized using 'CodeIgniter\Session\Handlers\FileHandler' driver.
INFO - 2024-10-28 09:00:24 --> Session: Class initialized using 'CodeIgniter\Session\Handlers\FileHandler' driver.
INFO - 2024-10-28 09:00:42 --> Session: Class initialized using 'CodeIgniter\Session\Handlers\FileHandler' driver.
INFO - 2024-10-28 09:01:13 --> Session: Class initialized using 'CodeIgniter\Session\Handlers\FileHandler' driver.
INFO - 2024-10-28 09:01:19 --> Session: Class initialized using 'CodeIgniter\Session\Handlers\FileHandler' driver.
INFO - 2024-10-28 09:01:22 --> Session: Class initialized using 'CodeIgniter\Session\Handlers\FileHandler' driver.
INFO - 2024-10-28 09:11:24 --> Session: Class initialized using 'CodeIgniter\Session\Handlers\FileHandler' driver.
INFO - 2024-10-28 09:11:57 --> Session: Class initialized using 'CodeIgniter\Session\Handlers\FileHandler' driver.
INFO - 2024-10-28 09:11:58 --> Session: Class initialized using 'CodeIgniter\Session\Handlers\FileHandler' driver.
INFO - 2024-10-28 09:15:21 --> Session: Class initialized using 'CodeIgniter\Session\Handlers\FileHandler' driver.
INFO - 2024-10-28 09:16:02 --> Session: Class initialized using 'CodeIgniter\Session\Handlers\FileHandler' driver.
INFO - 2024-10-28 09:16:04 --> Session: Class initialized using 'CodeIgniter\Session\Handlers\FileHandler' driver.
INFO - 2024-10-28 09:16:06 --> Session: Class initialized using 'CodeIgniter\Session\Handlers\FileHandler' driver.
INFO - 2024-10-28 09:20:12 --> Session: Class initialized using 'CodeIgniter\Session\Handlers\FileHandler' driver.
INFO - 2024-10-28 09:20:12 --> Session: Class initialized using 'CodeIgniter\Session\Handlers\FileHandler' driver.
INFO - 2024-10-28 09:39:43 --> Session: Class initialized using 'CodeIgniter\Session\Handlers\FileHandler' driver.
CRITICAL - 2024-10-28 09:39:43 --> ErrorException: Undefined variable $product_data
[Method: GET, Route: add-quotation]
in APPPATH/Views/add-quotation.php on line 39.
 1 APPPATH/Views/add-quotation.php(39): CodeIgniter\Debug\Exceptions->errorHandler(2, 'Undefined variable $product_data', '/home/havellslighting/public_html/partner/app/Views/add-quotation.php', 39)
 2 SYSTEMPATH/View/View.php(234): include('/home/havellslighting/public_html/partner/app/Views/add-quotation.php')
 3 SYSTEMPATH/View/View.php(237): CodeIgniter\View\View->CodeIgniter\View\{closure}()
 4 SYSTEMPATH/Common.php(1171): CodeIgniter\View\View->render('add-quotation', [], true)
 5 APPPATH/Controllers/Customer_cntrl.php(253): view('add-quotation', [...])
 6 SYSTEMPATH/CodeIgniter.php(933): App\Controllers\Customer_cntrl->customeraddquotation()
 7 SYSTEMPATH/CodeIgniter.php(509): CodeIgniter\CodeIgniter->runController(Object(App\Controllers\Customer_cntrl))
 8 SYSTEMPATH/CodeIgniter.php(355): CodeIgniter\CodeIgniter->handleRequest(null, Object(Config\Cache), false)
 9 SYSTEMPATH/Boot.php(325): CodeIgniter\CodeIgniter->run()
10 SYSTEMPATH/Boot.php(67): CodeIgniter\Boot::runCodeIgniter(Object(CodeIgniter\CodeIgniter))
11 FCPATH/index.php(57): CodeIgniter\Boot::bootWeb(Object(Config\Paths))
INFO - 2024-10-28 09:39:54 --> Session: Class initialized using 'CodeIgniter\Session\Handlers\FileHandler' driver.
INFO - 2024-10-28 09:59:53 --> Session: Class initialized using 'CodeIgniter\Session\Handlers\FileHandler' driver.
INFO - 2024-10-28 09:59:54 --> Session: Class initialized using 'CodeIgniter\Session\Handlers\FileHandler' driver.
INFO - 2024-10-28 10:12:51 --> Session: Class initialized using 'CodeIgniter\Session\Handlers\FileHandler' driver.
INFO - 2024-10-28 10:20:59 --> Session: Class initialized using 'CodeIgniter\Session\Handlers\FileHandler' driver.
INFO - 2024-10-28 10:21:08 --> Session: Class initialized using 'CodeIgniter\Session\Handlers\FileHandler' driver.
INFO - 2024-10-28 10:21:45 --> Session: Class initialized using 'CodeIgniter\Session\Handlers\FileHandler' driver.
INFO - 2024-10-28 10:21:55 --> Session: Class initialized using 'CodeIgniter\Session\Handlers\FileHandler' driver.
INFO - 2024-10-28 10:21:57 --> Session: Class initialized using 'CodeIgniter\Session\Handlers\FileHandler' driver.
INFO - 2024-10-28 10:22:46 --> Session: Class initialized using 'CodeIgniter\Session\Handlers\FileHandler' driver.
INFO - 2024-10-28 10:23:41 --> Session: Class initialized using 'CodeIgniter\Session\Handlers\FileHandler' driver.
INFO - 2024-10-28 10:24:40 --> Session: Class initialized using 'CodeIgniter\Session\Handlers\FileHandler' driver.
INFO - 2024-10-28 10:25:04 --> Session: Class initialized using 'CodeIgniter\Session\Handlers\FileHandler' driver.
INFO - 2024-10-28 10:26:01 --> Session: Class initialized using 'CodeIgniter\Session\Handlers\FileHandler' driver.
INFO - 2024-10-28 10:26:13 --> Session: Class initialized using 'CodeIgniter\Session\Handlers\FileHandler' driver.
INFO - 2024-10-28 10:26:43 --> Session: Class initialized using 'CodeIgniter\Session\Handlers\FileHandler' driver.
INFO - 2024-10-28 10:27:20 --> Session: Class initialized using 'CodeIgniter\Session\Handlers\FileHandler' driver.
INFO - 2024-10-28 10:27:32 --> Session: Class initialized using 'CodeIgniter\Session\Handlers\FileHandler' driver.
INFO - 2024-10-28 10:27:58 --> Session: Class initialized using 'CodeIgniter\Session\Handlers\FileHandler' driver.
INFO - 2024-10-28 10:29:37 --> Session: Class initialized using 'CodeIgniter\Session\Handlers\FileHandler' driver.
INFO - 2024-10-28 10:29:42 --> Session: Class initialized using 'CodeIgniter\Session\Handlers\FileHandler' driver.
INFO - 2024-10-28 10:33:59 --> Session: Class initialized using 'CodeIgniter\Session\Handlers\FileHandler' driver.
INFO - 2024-10-28 10:34:00 --> Session: Class initialized using 'CodeIgniter\Session\Handlers\FileHandler' driver.
INFO - 2024-10-28 10:34:02 --> Session: Class initialized using 'CodeIgniter\Session\Handlers\FileHandler' driver.
INFO - 2024-10-28 10:34:05 --> Session: Class initialized using 'CodeIgniter\Session\Handlers\FileHandler' driver.
INFO - 2024-10-28 10:34:06 --> Session: Class initialized using 'CodeIgniter\Session\Handlers\FileHandler' driver.
INFO - 2024-10-28 10:34:07 --> Session: Class initialized using 'CodeIgniter\Session\Handlers\FileHandler' driver.
INFO - 2024-10-28 10:34:09 --> Session: Class initialized using 'CodeIgniter\Session\Handlers\FileHandler' driver.
INFO - 2024-10-28 10:34:10 --> Session: Class initialized using 'CodeIgniter\Session\Handlers\FileHandler' driver.
INFO - 2024-10-28 10:40:00 --> Session: Class initialized using 'CodeIgniter\Session\Handlers\FileHandler' driver.
INFO - 2024-10-28 10:41:10 --> Session: Class initialized using 'CodeIgniter\Session\Handlers\FileHandler' driver.
INFO - 2024-10-28 10:42:01 --> Session: Class initialized using 'CodeIgniter\Session\Handlers\FileHandler' driver.
INFO - 2024-10-28 10:43:11 --> Session: Class initialized using 'CodeIgniter\Session\Handlers\FileHandler' driver.
INFO - 2024-10-28 10:44:48 --> Session: Class initialized using 'CodeIgniter\Session\Handlers\FileHandler' driver.
INFO - 2024-10-28 10:46:12 --> Session: Class initialized using 'CodeIgniter\Session\Handlers\FileHandler' driver.
INFO - 2024-10-28 10:47:23 --> Session: Class initialized using 'CodeIgniter\Session\Handlers\FileHandler' driver.
INFO - 2024-10-28 10:47:55 --> Session: Class initialized using 'CodeIgniter\Session\Handlers\FileHandler' driver.
INFO - 2024-10-28 10:59:14 --> Session: Class initialized using 'CodeIgniter\Session\Handlers\FileHandler' driver.
INFO - 2024-10-28 11:00:25 --> Session: Class initialized using 'CodeIgniter\Session\Handlers\FileHandler' driver.
INFO - 2024-10-28 11:00:57 --> Session: Class initialized using 'CodeIgniter\Session\Handlers\FileHandler' driver.
INFO - 2024-10-28 11:05:31 --> Session: Class initialized using 'CodeIgniter\Session\Handlers\FileHandler' driver.
INFO - 2024-10-28 11:05:37 --> Session: Class initialized using 'CodeIgniter\Session\Handlers\FileHandler' driver.
INFO - 2024-10-28 11:05:37 --> Session: Class initialized using 'CodeIgniter\Session\Handlers\FileHandler' driver.
INFO - 2024-10-28 11:06:20 --> Session: Class initialized using 'CodeIgniter\Session\Handlers\FileHandler' driver.
INFO - 2024-10-28 11:06:25 --> Session: Class initialized using 'CodeIgniter\Session\Handlers\FileHandler' driver.
INFO - 2024-10-28 11:06:41 --> Session: Class initialized using 'CodeIgniter\Session\Handlers\FileHandler' driver.
INFO - 2024-10-28 11:08:17 --> Session: Class initialized using 'CodeIgniter\Session\Handlers\FileHandler' driver.
INFO - 2024-10-28 11:08:20 --> Session: Class initialized using 'CodeIgniter\Session\Handlers\FileHandler' driver.
INFO - 2024-10-28 11:08:38 --> Session: Class initialized using 'CodeIgniter\Session\Handlers\FileHandler' driver.
INFO - 2024-10-28 11:13:14 --> Session: Class initialized using 'CodeIgniter\Session\Handlers\FileHandler' driver.
INFO - 2024-10-28 11:19:00 --> Session: Class initialized using 'CodeIgniter\Session\Handlers\FileHandler' driver.
INFO - 2024-10-28 11:20:39 --> Session: Class initialized using 'CodeIgniter\Session\Handlers\FileHandler' driver.
INFO - 2024-10-28 11:22:42 --> Session: Class initialized using 'CodeIgniter\Session\Handlers\FileHandler' driver.
INFO - 2024-10-28 11:24:36 --> Session: Class initialized using 'CodeIgniter\Session\Handlers\FileHandler' driver.
INFO - 2024-10-28 11:26:58 --> Session: Class initialized using 'CodeIgniter\Session\Handlers\FileHandler' driver.
INFO - 2024-10-28 11:27:39 --> Session: Class initialized using 'CodeIgniter\Session\Handlers\FileHandler' driver.
INFO - 2024-10-28 11:27:41 --> Session: Class initialized using 'CodeIgniter\Session\Handlers\FileHandler' driver.
INFO - 2024-10-28 11:27:56 --> Session: Class initialized using 'CodeIgniter\Session\Handlers\FileHandler' driver.
INFO - 2024-10-28 11:28:05 --> Session: Class initialized using 'CodeIgniter\Session\Handlers\FileHandler' driver.
INFO - 2024-10-28 11:28:06 --> Session: Class initialized using 'CodeIgniter\Session\Handlers\FileHandler' driver.
INFO - 2024-10-28 11:30:23 --> Session: Class initialized using 'CodeIgniter\Session\Handlers\FileHandler' driver.
INFO - 2024-10-28 11:30:29 --> Session: Class initialized using 'CodeIgniter\Session\Handlers\FileHandler' driver.
INFO - 2024-10-28 11:30:36 --> Session: Class initialized using 'CodeIgniter\Session\Handlers\FileHandler' driver.
INFO - 2024-10-28 11:30:41 --> Session: Class initialized using 'CodeIgniter\Session\Handlers\FileHandler' driver.
INFO - 2024-10-28 11:31:13 --> Session: Class initialized using 'CodeIgniter\Session\Handlers\FileHandler' driver.
