INFO - 2024-12-04 04:05:26 --> Session: Class initialized using 'CodeIgniter\Session\Handlers\FileHandler' driver.
INFO - 2024-12-04 04:05:27 --> Session: Class initialized using 'CodeIgniter\Session\Handlers\FileHandler' driver.
INFO - 2024-12-04 04:05:36 --> Session: Class initialized using 'CodeIgniter\Session\Handlers\FileHandler' driver.
INFO - 2024-12-04 04:05:38 --> Session: Class initialized using 'CodeIgniter\Session\Handlers\FileHandler' driver.
INFO - 2024-12-04 04:05:42 --> Session: Class initialized using 'CodeIgniter\Session\Handlers\FileHandler' driver.
INFO - 2024-12-04 04:05:53 --> Session: Class initialized using 'CodeIgniter\Session\Handlers\FileHandler' driver.
INFO - 2024-12-04 04:06:02 --> Session: Class initialized using 'CodeIgniter\Session\Handlers\FileHandler' driver.
INFO - 2024-12-04 04:06:02 --> Session: Class initialized using 'CodeIgniter\Session\Handlers\FileHandler' driver.
INFO - 2024-12-04 04:06:06 --> Session: Class initialized using 'CodeIgniter\Session\Handlers\FileHandler' driver.
INFO - 2024-12-04 04:06:10 --> Session: Class initialized using 'CodeIgniter\Session\Handlers\FileHandler' driver.
INFO - 2024-12-04 04:06:33 --> Session: Class initialized using 'CodeIgniter\Session\Handlers\FileHandler' driver.
INFO - 2024-12-04 04:06:33 --> Session: Class initialized using 'CodeIgniter\Session\Handlers\FileHandler' driver.
INFO - 2024-12-04 04:06:35 --> Session: Class initialized using 'CodeIgniter\Session\Handlers\FileHandler' driver.
INFO - 2024-12-04 04:06:36 --> Session: Class initialized using 'CodeIgniter\Session\Handlers\FileHandler' driver.
INFO - 2024-12-04 04:06:39 --> Session: Class initialized using 'CodeIgniter\Session\Handlers\FileHandler' driver.
INFO - 2024-12-04 04:36:43 --> Session: Class initialized using 'CodeIgniter\Session\Handlers\FileHandler' driver.
INFO - 2024-12-04 04:37:30 --> Session: Class initialized using 'CodeIgniter\Session\Handlers\FileHandler' driver.
INFO - 2024-12-04 04:37:35 --> Session: Class initialized using 'CodeIgniter\Session\Handlers\FileHandler' driver.
INFO - 2024-12-04 04:38:58 --> Session: Class initialized using 'CodeIgniter\Session\Handlers\FileHandler' driver.
INFO - 2024-12-04 04:40:29 --> Session: Class initialized using 'CodeIgniter\Session\Handlers\FileHandler' driver.
INFO - 2024-12-04 04:41:27 --> Session: Class initialized using 'CodeIgniter\Session\Handlers\FileHandler' driver.
INFO - 2024-12-04 04:42:04 --> Session: Class initialized using 'CodeIgniter\Session\Handlers\FileHandler' driver.
INFO - 2024-12-04 04:43:08 --> Session: Class initialized using 'CodeIgniter\Session\Handlers\FileHandler' driver.
INFO - 2024-12-04 04:43:36 --> Session: Class initialized using 'CodeIgniter\Session\Handlers\FileHandler' driver.
INFO - 2024-12-04 04:44:39 --> Session: Class initialized using 'CodeIgniter\Session\Handlers\FileHandler' driver.
INFO - 2024-12-04 04:50:42 --> Session: Class initialized using 'CodeIgniter\Session\Handlers\FileHandler' driver.
INFO - 2024-12-04 04:57:07 --> Session: Class initialized using 'CodeIgniter\Session\Handlers\FileHandler' driver.
CRITICAL - 2024-12-04 04:57:11 --> ErrorException: foreach() argument must be of type array|object, float given
[Method: GET, Route: Seller/inventory]
in APPPATH/Controllers/Seller_cntrl.php on line 1270.
 1 APPPATH/Controllers/Seller_cntrl.php(1270): CodeIgniter\Debug\Exceptions->errorHandler(2, 'foreach() argument must be of type array|object, float given', '/home/havellslighting/public_html/partner/app/Controllers/Seller_cntrl.php', 1270)
 2 SYSTEMPATH/CodeIgniter.php(933): App\Controllers\Seller_cntrl->inventory()
 3 SYSTEMPATH/CodeIgniter.php(509): CodeIgniter\CodeIgniter->runController(Object(App\Controllers\Seller_cntrl))
 4 SYSTEMPATH/CodeIgniter.php(355): CodeIgniter\CodeIgniter->handleRequest(null, Object(Config\Cache), false)
 5 SYSTEMPATH/Boot.php(325): CodeIgniter\CodeIgniter->run()
 6 SYSTEMPATH/Boot.php(67): CodeIgniter\Boot::runCodeIgniter(Object(CodeIgniter\CodeIgniter))
 7 FCPATH/index.php(57): CodeIgniter\Boot::bootWeb(Object(Config\Paths))
INFO - 2024-12-04 04:59:04 --> Session: Class initialized using 'CodeIgniter\Session\Handlers\FileHandler' driver.
CRITICAL - 2024-12-04 04:59:09 --> TypeError: Cannot access offset of type string on string
[Method: GET, Route: Seller/inventory]
in APPPATH/Controllers/Seller_cntrl.php on line 1270.
 1 SYSTEMPATH/CodeIgniter.php(933): App\Controllers\Seller_cntrl->inventory()
 2 SYSTEMPATH/CodeIgniter.php(509): CodeIgniter\CodeIgniter->runController(Object(App\Controllers\Seller_cntrl))
 3 SYSTEMPATH/CodeIgniter.php(355): CodeIgniter\CodeIgniter->handleRequest(null, Object(Config\Cache), false)
 4 SYSTEMPATH/Boot.php(325): CodeIgniter\CodeIgniter->run()
 5 SYSTEMPATH/Boot.php(67): CodeIgniter\Boot::runCodeIgniter(Object(CodeIgniter\CodeIgniter))
 6 FCPATH/index.php(57): CodeIgniter\Boot::bootWeb(Object(Config\Paths))
INFO - 2024-12-04 05:03:29 --> Session: Class initialized using 'CodeIgniter\Session\Handlers\FileHandler' driver.
CRITICAL - 2024-12-04 05:03:34 --> TypeError: Cannot access offset of type string on string
[Method: GET, Route: Seller/inventory]
in APPPATH/Controllers/Seller_cntrl.php on line 1271.
 1 SYSTEMPATH/CodeIgniter.php(933): App\Controllers\Seller_cntrl->inventory()
 2 SYSTEMPATH/CodeIgniter.php(509): CodeIgniter\CodeIgniter->runController(Object(App\Controllers\Seller_cntrl))
 3 SYSTEMPATH/CodeIgniter.php(355): CodeIgniter\CodeIgniter->handleRequest(null, Object(Config\Cache), false)
 4 SYSTEMPATH/Boot.php(325): CodeIgniter\CodeIgniter->run()
 5 SYSTEMPATH/Boot.php(67): CodeIgniter\Boot::runCodeIgniter(Object(CodeIgniter\CodeIgniter))
 6 FCPATH/index.php(57): CodeIgniter\Boot::bootWeb(Object(Config\Paths))
INFO - 2024-12-04 05:03:48 --> Session: Class initialized using 'CodeIgniter\Session\Handlers\FileHandler' driver.
CRITICAL - 2024-12-04 05:03:53 --> ErrorException: Undefined array key 0
[Method: GET, Route: Seller/inventory]
in APPPATH/Controllers/Seller_cntrl.php on line 1288.
 1 APPPATH/Controllers/Seller_cntrl.php(1288): CodeIgniter\Debug\Exceptions->errorHandler(2, 'Undefined array key 0', '/home/havellslighting/public_html/partner/app/Controllers/Seller_cntrl.php', 1288)
 2 SYSTEMPATH/CodeIgniter.php(933): App\Controllers\Seller_cntrl->inventory()
 3 SYSTEMPATH/CodeIgniter.php(509): CodeIgniter\CodeIgniter->runController(Object(App\Controllers\Seller_cntrl))
 4 SYSTEMPATH/CodeIgniter.php(355): CodeIgniter\CodeIgniter->handleRequest(null, Object(Config\Cache), false)
 5 SYSTEMPATH/Boot.php(325): CodeIgniter\CodeIgniter->run()
 6 SYSTEMPATH/Boot.php(67): CodeIgniter\Boot::runCodeIgniter(Object(CodeIgniter\CodeIgniter))
 7 FCPATH/index.php(57): CodeIgniter\Boot::bootWeb(Object(Config\Paths))
INFO - 2024-12-04 05:04:42 --> Session: Class initialized using 'CodeIgniter\Session\Handlers\FileHandler' driver.
CRITICAL - 2024-12-04 05:04:46 --> ErrorException: Undefined array key 0
[Method: GET, Route: Seller/inventory]
in APPPATH/Controllers/Seller_cntrl.php on line 1288.
 1 APPPATH/Controllers/Seller_cntrl.php(1288): CodeIgniter\Debug\Exceptions->errorHandler(2, 'Undefined array key 0', '/home/havellslighting/public_html/partner/app/Controllers/Seller_cntrl.php', 1288)
 2 SYSTEMPATH/CodeIgniter.php(933): App\Controllers\Seller_cntrl->inventory()
 3 SYSTEMPATH/CodeIgniter.php(509): CodeIgniter\CodeIgniter->runController(Object(App\Controllers\Seller_cntrl))
 4 SYSTEMPATH/CodeIgniter.php(355): CodeIgniter\CodeIgniter->handleRequest(null, Object(Config\Cache), false)
 5 SYSTEMPATH/Boot.php(325): CodeIgniter\CodeIgniter->run()
 6 SYSTEMPATH/Boot.php(67): CodeIgniter\Boot::runCodeIgniter(Object(CodeIgniter\CodeIgniter))
 7 FCPATH/index.php(57): CodeIgniter\Boot::bootWeb(Object(Config\Paths))
INFO - 2024-12-04 05:04:56 --> Session: Class initialized using 'CodeIgniter\Session\Handlers\FileHandler' driver.
CRITICAL - 2024-12-04 05:05:26 --> ParseError: syntax error, unexpected token "=>", expecting ")"
[Method: GET, Route: Seller/inventory]
in APPPATH/Controllers/Seller_cntrl.php on line 1270.
 1 SYSTEMPATH/Autoloader/Autoloader.php(296): CodeIgniter\Autoloader\Autoloader->includeFile('/home/havellslighting/public_html/partner/app/Controllers/Seller_cntrl.php')
 2 SYSTEMPATH/Autoloader/Autoloader.php(272): CodeIgniter\Autoloader\Autoloader->loadInNamespace('App\\Controllers\\Seller_cntrl')
 3 [internal function]: CodeIgniter\Autoloader\Autoloader->loadClass('App\\Controllers\\Seller_cntrl')
 4 SYSTEMPATH/CodeIgniter.php(887): class_exists('\\App\\Controllers\\Seller_cntrl', true)
 5 SYSTEMPATH/CodeIgniter.php(496): CodeIgniter\CodeIgniter->startController()
 6 SYSTEMPATH/CodeIgniter.php(355): CodeIgniter\CodeIgniter->handleRequest(null, Object(Config\Cache), false)
 7 SYSTEMPATH/Boot.php(325): CodeIgniter\CodeIgniter->run()
 8 SYSTEMPATH/Boot.php(67): CodeIgniter\Boot::runCodeIgniter(Object(CodeIgniter\CodeIgniter))
 9 FCPATH/index.php(57): CodeIgniter\Boot::bootWeb(Object(Config\Paths))
INFO - 2024-12-04 05:05:48 --> Session: Class initialized using 'CodeIgniter\Session\Handlers\FileHandler' driver.
INFO - 2024-12-04 05:06:34 --> Session: Class initialized using 'CodeIgniter\Session\Handlers\FileHandler' driver.
CRITICAL - 2024-12-04 05:06:39 --> ErrorException: Undefined array key 0
[Method: GET, Route: Seller/inventory]
in APPPATH/Controllers/Seller_cntrl.php on line 1288.
 1 APPPATH/Controllers/Seller_cntrl.php(1288): CodeIgniter\Debug\Exceptions->errorHandler(2, 'Undefined array key 0', '/home/havellslighting/public_html/partner/app/Controllers/Seller_cntrl.php', 1288)
 2 SYSTEMPATH/CodeIgniter.php(933): App\Controllers\Seller_cntrl->inventory()
 3 SYSTEMPATH/CodeIgniter.php(509): CodeIgniter\CodeIgniter->runController(Object(App\Controllers\Seller_cntrl))
 4 SYSTEMPATH/CodeIgniter.php(355): CodeIgniter\CodeIgniter->handleRequest(null, Object(Config\Cache), false)
 5 SYSTEMPATH/Boot.php(325): CodeIgniter\CodeIgniter->run()
 6 SYSTEMPATH/Boot.php(67): CodeIgniter\Boot::runCodeIgniter(Object(CodeIgniter\CodeIgniter))
 7 FCPATH/index.php(57): CodeIgniter\Boot::bootWeb(Object(Config\Paths))
INFO - 2024-12-04 05:11:04 --> Session: Class initialized using 'CodeIgniter\Session\Handlers\FileHandler' driver.
CRITICAL - 2024-12-04 05:11:08 --> TypeError: Cannot access offset of type string on string
[Method: GET, Route: Seller/inventory]
in APPPATH/Controllers/Seller_cntrl.php on line 1271.
 1 SYSTEMPATH/CodeIgniter.php(933): App\Controllers\Seller_cntrl->inventory()
 2 SYSTEMPATH/CodeIgniter.php(509): CodeIgniter\CodeIgniter->runController(Object(App\Controllers\Seller_cntrl))
 3 SYSTEMPATH/CodeIgniter.php(355): CodeIgniter\CodeIgniter->handleRequest(null, Object(Config\Cache), false)
 4 SYSTEMPATH/Boot.php(325): CodeIgniter\CodeIgniter->run()
 5 SYSTEMPATH/Boot.php(67): CodeIgniter\Boot::runCodeIgniter(Object(CodeIgniter\CodeIgniter))
 6 FCPATH/index.php(57): CodeIgniter\Boot::bootWeb(Object(Config\Paths))
INFO - 2024-12-04 05:11:30 --> Session: Class initialized using 'CodeIgniter\Session\Handlers\FileHandler' driver.
CRITICAL - 2024-12-04 05:11:35 --> TypeError: Cannot access offset of type string on string
[Method: GET, Route: Seller/inventory]
in APPPATH/Controllers/Seller_cntrl.php on line 1271.
 1 SYSTEMPATH/CodeIgniter.php(933): App\Controllers\Seller_cntrl->inventory()
 2 SYSTEMPATH/CodeIgniter.php(509): CodeIgniter\CodeIgniter->runController(Object(App\Controllers\Seller_cntrl))
 3 SYSTEMPATH/CodeIgniter.php(355): CodeIgniter\CodeIgniter->handleRequest(null, Object(Config\Cache), false)
 4 SYSTEMPATH/Boot.php(325): CodeIgniter\CodeIgniter->run()
 5 SYSTEMPATH/Boot.php(67): CodeIgniter\Boot::runCodeIgniter(Object(CodeIgniter\CodeIgniter))
 6 FCPATH/index.php(57): CodeIgniter\Boot::bootWeb(Object(Config\Paths))
INFO - 2024-12-04 05:11:44 --> Session: Class initialized using 'CodeIgniter\Session\Handlers\FileHandler' driver.
INFO - 2024-12-04 05:12:36 --> Session: Class initialized using 'CodeIgniter\Session\Handlers\FileHandler' driver.
INFO - 2024-12-04 05:13:25 --> Session: Class initialized using 'CodeIgniter\Session\Handlers\FileHandler' driver.
INFO - 2024-12-04 05:13:51 --> Session: Class initialized using 'CodeIgniter\Session\Handlers\FileHandler' driver.
CRITICAL - 2024-12-04 05:13:55 --> ErrorException: Undefined array key 0
[Method: GET, Route: Seller/inventory]
in APPPATH/Controllers/Seller_cntrl.php on line 1289.
 1 APPPATH/Controllers/Seller_cntrl.php(1289): CodeIgniter\Debug\Exceptions->errorHandler(2, 'Undefined array key 0', '/home/havellslighting/public_html/partner/app/Controllers/Seller_cntrl.php', 1289)
 2 SYSTEMPATH/CodeIgniter.php(933): App\Controllers\Seller_cntrl->inventory()
 3 SYSTEMPATH/CodeIgniter.php(509): CodeIgniter\CodeIgniter->runController(Object(App\Controllers\Seller_cntrl))
 4 SYSTEMPATH/CodeIgniter.php(355): CodeIgniter\CodeIgniter->handleRequest(null, Object(Config\Cache), false)
 5 SYSTEMPATH/Boot.php(325): CodeIgniter\CodeIgniter->run()
 6 SYSTEMPATH/Boot.php(67): CodeIgniter\Boot::runCodeIgniter(Object(CodeIgniter\CodeIgniter))
 7 FCPATH/index.php(57): CodeIgniter\Boot::bootWeb(Object(Config\Paths))
INFO - 2024-12-04 05:14:32 --> Session: Class initialized using 'CodeIgniter\Session\Handlers\FileHandler' driver.
CRITICAL - 2024-12-04 05:14:36 --> ErrorException: Undefined variable $customerdata
[Method: GET, Route: Seller/inventory]
in APPPATH/Views/inventory.php on line 21.
 1 APPPATH/Views/inventory.php(21): CodeIgniter\Debug\Exceptions->errorHandler(2, 'Undefined variable $customerdata', '/home/havellslighting/public_html/partner/app/Views/inventory.php', 21)
 2 SYSTEMPATH/View/View.php(234): include('/home/havellslighting/public_html/partner/app/Views/inventory.php')
 3 SYSTEMPATH/View/View.php(237): CodeIgniter\View\View->CodeIgniter\View\{closure}()
 4 SYSTEMPATH/Common.php(1171): CodeIgniter\View\View->render('inventory', [], true)
 5 APPPATH/Controllers/Seller_cntrl.php(1290): view('inventory', [...])
 6 SYSTEMPATH/CodeIgniter.php(933): App\Controllers\Seller_cntrl->inventory()
 7 SYSTEMPATH/CodeIgniter.php(509): CodeIgniter\CodeIgniter->runController(Object(App\Controllers\Seller_cntrl))
 8 SYSTEMPATH/CodeIgniter.php(355): CodeIgniter\CodeIgniter->handleRequest(null, Object(Config\Cache), false)
 9 SYSTEMPATH/Boot.php(325): CodeIgniter\CodeIgniter->run()
10 SYSTEMPATH/Boot.php(67): CodeIgniter\Boot::runCodeIgniter(Object(CodeIgniter\CodeIgniter))
11 FCPATH/index.php(57): CodeIgniter\Boot::bootWeb(Object(Config\Paths))
INFO - 2024-12-04 05:15:01 --> Session: Class initialized using 'CodeIgniter\Session\Handlers\FileHandler' driver.
CRITICAL - 2024-12-04 05:15:05 --> ErrorException: Undefined array key "pricebook_rate"
[Method: GET, Route: Seller/inventory]
in APPPATH/Views/salesperson/inventory.php on line 54.
 1 APPPATH/Views/salesperson/inventory.php(54): CodeIgniter\Debug\Exceptions->errorHandler(2, 'Undefined array key "pricebook_rate"', '/home/havellslighting/public_html/partner/app/Views/salesperson/inventory.php', 54)
 2 SYSTEMPATH/View/View.php(234): include('/home/havellslighting/public_html/partner/app/Views/salesperson/inventory.php')
 3 SYSTEMPATH/View/View.php(237): CodeIgniter\View\View->CodeIgniter\View\{closure}()
 4 SYSTEMPATH/Common.php(1171): CodeIgniter\View\View->render('/salesperson/inventory', [], true)
 5 APPPATH/Controllers/Seller_cntrl.php(1290): view('/salesperson/inventory', [...])
 6 SYSTEMPATH/CodeIgniter.php(933): App\Controllers\Seller_cntrl->inventory()
 7 SYSTEMPATH/CodeIgniter.php(509): CodeIgniter\CodeIgniter->runController(Object(App\Controllers\Seller_cntrl))
 8 SYSTEMPATH/CodeIgniter.php(355): CodeIgniter\CodeIgniter->handleRequest(null, Object(Config\Cache), false)
 9 SYSTEMPATH/Boot.php(325): CodeIgniter\CodeIgniter->run()
10 SYSTEMPATH/Boot.php(67): CodeIgniter\Boot::runCodeIgniter(Object(CodeIgniter\CodeIgniter))
11 FCPATH/index.php(57): CodeIgniter\Boot::bootWeb(Object(Config\Paths))
INFO - 2024-12-04 05:16:22 --> Session: Class initialized using 'CodeIgniter\Session\Handlers\FileHandler' driver.
INFO - 2024-12-04 05:19:16 --> Session: Class initialized using 'CodeIgniter\Session\Handlers\FileHandler' driver.
INFO - 2024-12-04 06:39:49 --> Session: Class initialized using 'CodeIgniter\Session\Handlers\FileHandler' driver.
INFO - 2024-12-04 06:39:53 --> Session: Class initialized using 'CodeIgniter\Session\Handlers\FileHandler' driver.
INFO - 2024-12-04 06:39:56 --> Session: Class initialized using 'CodeIgniter\Session\Handlers\FileHandler' driver.
INFO - 2024-12-04 06:40:02 --> Session: Class initialized using 'CodeIgniter\Session\Handlers\FileHandler' driver.
INFO - 2024-12-04 06:49:29 --> Session: Class initialized using 'CodeIgniter\Session\Handlers\FileHandler' driver.
INFO - 2024-12-04 06:54:55 --> Session: Class initialized using 'CodeIgniter\Session\Handlers\FileHandler' driver.
CRITICAL - 2024-12-04 06:54:55 --> ErrorException: Cannot redeclare App\Models\Seller_mdl::getallcustomer()
[Method: GET, Route: Seller/list-customer]
in APPPATH/Models/Seller_mdl.php on line 296.
 1 [internal function]: CodeIgniter\Debug\Exceptions->shutdownHandler()
INFO - 2024-12-04 06:55:27 --> Session: Class initialized using 'CodeIgniter\Session\Handlers\FileHandler' driver.
ERROR - 2024-12-04 06:55:27 --> mysqli_sql_exception: Unknown column 'customer_category.customer_id' in 'on clause' in /home/havellslighting/public_html/partner/system/Database/MySQLi/Connection.php:312
Stack trace:
#0 /home/havellslighting/public_html/partner/system/Database/MySQLi/Connection.php(312): mysqli->query('SELECT *\nFROM `...', 0)
#1 /home/havellslighting/public_html/partner/system/Database/BaseConnection.php(734): CodeIgniter\Database\MySQLi\Connection->execute('SELECT *\nFROM `...')
#2 /home/havellslighting/public_html/partner/system/Database/BaseConnection.php(648): CodeIgniter\Database\BaseConnection->simpleQuery('SELECT *\nFROM `...')
#3 /home/havellslighting/public_html/partner/system/Database/BaseBuilder.php(1644): CodeIgniter\Database\BaseConnection->query('SELECT *\nFROM `...', Array, false)
#4 /home/havellslighting/public_html/partner/app/Models/Seller_mdl.php(304): CodeIgniter\Database\BaseBuilder->get()
#5 /home/havellslighting/public_html/partner/app/Controllers/Seller_cntrl.php(1305): App\Models\Seller_mdl->getcustomerallwithcate('1')
#6 /home/havellslighting/public_html/partner/system/CodeIgniter.php(933): App\Controllers\Seller_cntrl->listcustomer()
#7 /home/havellslighting/public_html/partner/system/CodeIgniter.php(509): CodeIgniter\CodeIgniter->runController(Object(App\Controllers\Seller_cntrl))
#8 /home/havellslighting/public_html/partner/system/CodeIgniter.php(355): CodeIgniter\CodeIgniter->handleRequest(NULL, Object(Config\Cache), false)
#9 /home/havellslighting/public_html/partner/system/Boot.php(325): CodeIgniter\CodeIgniter->run()
#10 /home/havellslighting/public_html/partner/system/Boot.php(67): CodeIgniter\Boot::runCodeIgniter(Object(CodeIgniter\CodeIgniter))
#11 /home/havellslighting/public_html/partner/index.php(57): CodeIgniter\Boot::bootWeb(Object(Config\Paths))
#12 {main}
CRITICAL - 2024-12-04 06:55:27 --> CodeIgniter\Database\Exceptions\DatabaseException: Unknown column 'customer_category.customer_id' in 'on clause'
[Method: GET, Route: Seller/list-customer]
in SYSTEMPATH/Database/BaseConnection.php on line 688.
 1 SYSTEMPATH/Database/BaseBuilder.php(1644): CodeIgniter\Database\BaseConnection->query('SELECT *
FROM `customer`
JOIN `customer_category` ON `customer`.`customer_id` = `customer_category`.`customer_id`
WHERE `customer`.`sales_person_id` = :customer.sales_person_id:
AND `customer`.`status` = :customer.status:
AND `customer_category`.`status` = :customer_category.status:', [...], false)
 2 APPPATH/Models/Seller_mdl.php(304): CodeIgniter\Database\BaseBuilder->get()
 3 APPPATH/Controllers/Seller_cntrl.php(1305): App\Models\Seller_mdl->getcustomerallwithcate('1')
 4 SYSTEMPATH/CodeIgniter.php(933): App\Controllers\Seller_cntrl->listcustomer()
 5 SYSTEMPATH/CodeIgniter.php(509): CodeIgniter\CodeIgniter->runController(Object(App\Controllers\Seller_cntrl))
 6 SYSTEMPATH/CodeIgniter.php(355): CodeIgniter\CodeIgniter->handleRequest(null, Object(Config\Cache), false)
 7 SYSTEMPATH/Boot.php(325): CodeIgniter\CodeIgniter->run()
 8 SYSTEMPATH/Boot.php(67): CodeIgniter\Boot::runCodeIgniter(Object(CodeIgniter\CodeIgniter))
 9 FCPATH/index.php(57): CodeIgniter\Boot::bootWeb(Object(Config\Paths))
CRITICAL - 2024-12-04 06:55:27 --> [Caused by] CodeIgniter\Database\Exceptions\DatabaseException: Unknown column 'customer_category.customer_id' in 'on clause'
in SYSTEMPATH/Database/MySQLi/Connection.php on line 317.
 1 SYSTEMPATH/Database/BaseConnection.php(734): CodeIgniter\Database\MySQLi\Connection->execute('SELECT *
FROM `customer`
JOIN `customer_category` ON `customer`.`customer_id` = `customer_category`.`customer_id`
WHERE `customer`.`sales_person_id` = \'1\'
AND `customer`.`status` = 1
AND `customer_category`.`status` = 1')
 2 SYSTEMPATH/Database/BaseConnection.php(648): CodeIgniter\Database\BaseConnection->simpleQuery('SELECT *
FROM `customer`
JOIN `customer_category` ON `customer`.`customer_id` = `customer_category`.`customer_id`
WHERE `customer`.`sales_person_id` = \'1\'
AND `customer`.`status` = 1
AND `customer_category`.`status` = 1')
 3 SYSTEMPATH/Database/BaseBuilder.php(1644): CodeIgniter\Database\BaseConnection->query('SELECT *
FROM `customer`
JOIN `customer_category` ON `customer`.`customer_id` = `customer_category`.`customer_id`
WHERE `customer`.`sales_person_id` = :customer.sales_person_id:
AND `customer`.`status` = :customer.status:
AND `customer_category`.`status` = :customer_category.status:', [...], false)
 4 APPPATH/Models/Seller_mdl.php(304): CodeIgniter\Database\BaseBuilder->get()
 5 APPPATH/Controllers/Seller_cntrl.php(1305): App\Models\Seller_mdl->getcustomerallwithcate('1')
 6 SYSTEMPATH/CodeIgniter.php(933): App\Controllers\Seller_cntrl->listcustomer()
 7 SYSTEMPATH/CodeIgniter.php(509): CodeIgniter\CodeIgniter->runController(Object(App\Controllers\Seller_cntrl))
 8 SYSTEMPATH/CodeIgniter.php(355): CodeIgniter\CodeIgniter->handleRequest(null, Object(Config\Cache), false)
 9 SYSTEMPATH/Boot.php(325): CodeIgniter\CodeIgniter->run()
10 SYSTEMPATH/Boot.php(67): CodeIgniter\Boot::runCodeIgniter(Object(CodeIgniter\CodeIgniter))
11 FCPATH/index.php(57): CodeIgniter\Boot::bootWeb(Object(Config\Paths))
CRITICAL - 2024-12-04 06:55:27 --> [Caused by] mysqli_sql_exception: Unknown column 'customer_category.customer_id' in 'on clause'
in SYSTEMPATH/Database/MySQLi/Connection.php on line 312.
 1 SYSTEMPATH/Database/MySQLi/Connection.php(312): mysqli->query('SELECT *
FROM `customer`
JOIN `customer_category` ON `customer`.`customer_id` = `customer_category`.`customer_id`
WHERE `customer`.`sales_person_id` = \'1\'
AND `customer`.`status` = 1
AND `customer_category`.`status` = 1', 0)
 2 SYSTEMPATH/Database/BaseConnection.php(734): CodeIgniter\Database\MySQLi\Connection->execute('SELECT *
FROM `customer`
JOIN `customer_category` ON `customer`.`customer_id` = `customer_category`.`customer_id`
WHERE `customer`.`sales_person_id` = \'1\'
AND `customer`.`status` = 1
AND `customer_category`.`status` = 1')
 3 SYSTEMPATH/Database/BaseConnection.php(648): CodeIgniter\Database\BaseConnection->simpleQuery('SELECT *
FROM `customer`
JOIN `customer_category` ON `customer`.`customer_id` = `customer_category`.`customer_id`
WHERE `customer`.`sales_person_id` = \'1\'
AND `customer`.`status` = 1
AND `customer_category`.`status` = 1')
 4 SYSTEMPATH/Database/BaseBuilder.php(1644): CodeIgniter\Database\BaseConnection->query('SELECT *
FROM `customer`
JOIN `customer_category` ON `customer`.`customer_id` = `customer_category`.`customer_id`
WHERE `customer`.`sales_person_id` = :customer.sales_person_id:
AND `customer`.`status` = :customer.status:
AND `customer_category`.`status` = :customer_category.status:', [...], false)
 5 APPPATH/Models/Seller_mdl.php(304): CodeIgniter\Database\BaseBuilder->get()
 6 APPPATH/Controllers/Seller_cntrl.php(1305): App\Models\Seller_mdl->getcustomerallwithcate('1')
 7 SYSTEMPATH/CodeIgniter.php(933): App\Controllers\Seller_cntrl->listcustomer()
 8 SYSTEMPATH/CodeIgniter.php(509): CodeIgniter\CodeIgniter->runController(Object(App\Controllers\Seller_cntrl))
 9 SYSTEMPATH/CodeIgniter.php(355): CodeIgniter\CodeIgniter->handleRequest(null, Object(Config\Cache), false)
10 SYSTEMPATH/Boot.php(325): CodeIgniter\CodeIgniter->run()
11 SYSTEMPATH/Boot.php(67): CodeIgniter\Boot::runCodeIgniter(Object(CodeIgniter\CodeIgniter))
12 FCPATH/index.php(57): CodeIgniter\Boot::bootWeb(Object(Config\Paths))
INFO - 2024-12-04 07:00:46 --> Session: Class initialized using 'CodeIgniter\Session\Handlers\FileHandler' driver.
INFO - 2024-12-04 07:01:17 --> Session: Class initialized using 'CodeIgniter\Session\Handlers\FileHandler' driver.
INFO - 2024-12-04 07:43:54 --> Session: Class initialized using 'CodeIgniter\Session\Handlers\FileHandler' driver.
INFO - 2024-12-04 07:44:56 --> Session: Class initialized using 'CodeIgniter\Session\Handlers\FileHandler' driver.
INFO - 2024-12-04 07:44:56 --> Session: Class initialized using 'CodeIgniter\Session\Handlers\FileHandler' driver.
INFO - 2024-12-04 07:47:12 --> Session: Class initialized using 'CodeIgniter\Session\Handlers\FileHandler' driver.
INFO - 2024-12-04 13:14:34 --> Session: Class initialized using 'CodeIgniter\Session\Handlers\FileHandler' driver.
INFO - 2024-12-04 13:14:52 --> Session: Class initialized using 'CodeIgniter\Session\Handlers\FileHandler' driver.
INFO - 2024-12-04 19:13:45 --> Session: Class initialized using 'CodeIgniter\Session\Handlers\FileHandler' driver.
INFO - 2024-12-04 19:13:46 --> Session: Class initialized using 'CodeIgniter\Session\Handlers\FileHandler' driver.
INFO - 2024-12-04 19:13:47 --> Session: Class initialized using 'CodeIgniter\Session\Handlers\FileHandler' driver.
INFO - 2024-12-04 19:13:47 --> Session: Class initialized using 'CodeIgniter\Session\Handlers\FileHandler' driver.
INFO - 2024-12-04 19:13:47 --> Session: Class initialized using 'CodeIgniter\Session\Handlers\FileHandler' driver.
