WARNING - 2025-06-30 03:26:09 --> [DEPRECATED] Optional parameter $status declared before required parameter $log_type is implicitly treated as a required parameter in APPPATH/Helpers/log_helper.php on line 16.
 1 SYSTEMPATH/Common.php(641): include_once('/home/havellslighting/public_html/partner1.havellslighting.com/vendor/codeigniter4/framework/system/Debug/Exceptions.php')
 2 SYSTEMPATH/Autoloader/Autoloader.php(487): helper([...])
 3 SYSTEMPATH/Boot.php(249): CodeIgniter\Autoloader\Autoloader->loadHelpers()
 4 SYSTEMPATH/Boot.php(64): CodeIgniter\Boot::autoloadHelpers()
 5 FCPATH/index.php(57): CodeIgniter\Boot::bootWeb(Object(Config\Paths))
DEBUG - 2025-06-30 03:26:09 --> Session: Class initialized using 'CodeIgniter\Session\Handlers\FileHandler' driver.
WARNING - 2025-06-30 03:26:11 --> [DEPRECATED] Optional parameter $status declared before required parameter $log_type is implicitly treated as a required parameter in APPPATH/Helpers/log_helper.php on line 16.
 1 SYSTEMPATH/Common.php(641): include_once('/home/havellslighting/public_html/partner1.havellslighting.com/vendor/codeigniter4/framework/system/Debug/Exceptions.php')
 2 SYSTEMPATH/Autoloader/Autoloader.php(487): helper([...])
 3 SYSTEMPATH/Boot.php(249): CodeIgniter\Autoloader\Autoloader->loadHelpers()
 4 SYSTEMPATH/Boot.php(64): CodeIgniter\Boot::autoloadHelpers()
 5 FCPATH/index.php(57): CodeIgniter\Boot::bootWeb(Object(Config\Paths))
DEBUG - 2025-06-30 03:26:11 --> Session: Class initialized using 'CodeIgniter\Session\Handlers\FileHandler' driver.
WARNING - 2025-06-30 03:26:18 --> [DEPRECATED] Optional parameter $status declared before required parameter $log_type is implicitly treated as a required parameter in APPPATH/Helpers/log_helper.php on line 16.
 1 SYSTEMPATH/Common.php(641): include_once('/home/havellslighting/public_html/partner1.havellslighting.com/vendor/codeigniter4/framework/system/Debug/Exceptions.php')
 2 SYSTEMPATH/Autoloader/Autoloader.php(487): helper([...])
 3 SYSTEMPATH/Boot.php(249): CodeIgniter\Autoloader\Autoloader->loadHelpers()
 4 SYSTEMPATH/Boot.php(64): CodeIgniter\Boot::autoloadHelpers()
 5 FCPATH/index.php(57): CodeIgniter\Boot::bootWeb(Object(Config\Paths))
WARNING - 2025-06-30 04:48:16 --> [DEPRECATED] Optional parameter $status declared before required parameter $log_type is implicitly treated as a required parameter in APPPATH/Helpers/log_helper.php on line 16.
 1 SYSTEMPATH/Common.php(641): include_once('/home/havellslighting/public_html/partner1.havellslighting.com/vendor/codeigniter4/framework/system/Debug/Exceptions.php')
 2 SYSTEMPATH/Autoloader/Autoloader.php(487): helper([...])
 3 SYSTEMPATH/Boot.php(249): CodeIgniter\Autoloader\Autoloader->loadHelpers()
 4 SYSTEMPATH/Boot.php(64): CodeIgniter\Boot::autoloadHelpers()
 5 FCPATH/index.php(57): CodeIgniter\Boot::bootWeb(Object(Config\Paths))
DEBUG - 2025-06-30 04:48:16 --> Session: Class initialized using 'CodeIgniter\Session\Handlers\FileHandler' driver.
WARNING - 2025-06-30 04:48:16 --> [DEPRECATED] Optional parameter $status declared before required parameter $log_type is implicitly treated as a required parameter in APPPATH/Helpers/log_helper.php on line 16.
 1 SYSTEMPATH/Common.php(641): include_once('/home/havellslighting/public_html/partner1.havellslighting.com/vendor/codeigniter4/framework/system/Debug/Exceptions.php')
 2 SYSTEMPATH/Autoloader/Autoloader.php(487): helper([...])
 3 SYSTEMPATH/Boot.php(249): CodeIgniter\Autoloader\Autoloader->loadHelpers()
 4 SYSTEMPATH/Boot.php(64): CodeIgniter\Boot::autoloadHelpers()
 5 FCPATH/index.php(57): CodeIgniter\Boot::bootWeb(Object(Config\Paths))
DEBUG - 2025-06-30 04:48:16 --> Session: Class initialized using 'CodeIgniter\Session\Handlers\FileHandler' driver.
WARNING - 2025-06-30 07:25:03 --> [DEPRECATED] Optional parameter $status declared before required parameter $log_type is implicitly treated as a required parameter in APPPATH/Helpers/log_helper.php on line 16.
 1 SYSTEMPATH/Common.php(641): include_once('/home/havellslighting/public_html/partner1.havellslighting.com/vendor/codeigniter4/framework/system/Debug/Exceptions.php')
 2 SYSTEMPATH/Autoloader/Autoloader.php(487): helper([...])
 3 SYSTEMPATH/Boot.php(249): CodeIgniter\Autoloader\Autoloader->loadHelpers()
 4 SYSTEMPATH/Boot.php(64): CodeIgniter\Boot::autoloadHelpers()
 5 FCPATH/index.php(57): CodeIgniter\Boot::bootWeb(Object(Config\Paths))
DEBUG - 2025-06-30 07:25:04 --> Session: Class initialized using 'CodeIgniter\Session\Handlers\FileHandler' driver.
WARNING - 2025-06-30 07:25:04 --> [DEPRECATED] Optional parameter $status declared before required parameter $log_type is implicitly treated as a required parameter in APPPATH/Helpers/log_helper.php on line 16.
 1 SYSTEMPATH/Common.php(641): include_once('/home/havellslighting/public_html/partner1.havellslighting.com/vendor/codeigniter4/framework/system/Debug/Exceptions.php')
 2 SYSTEMPATH/Autoloader/Autoloader.php(487): helper([...])
 3 SYSTEMPATH/Boot.php(249): CodeIgniter\Autoloader\Autoloader->loadHelpers()
 4 SYSTEMPATH/Boot.php(64): CodeIgniter\Boot::autoloadHelpers()
 5 FCPATH/index.php(57): CodeIgniter\Boot::bootWeb(Object(Config\Paths))
DEBUG - 2025-06-30 07:25:04 --> Session: Class initialized using 'CodeIgniter\Session\Handlers\FileHandler' driver.
WARNING - 2025-06-30 07:25:05 --> [DEPRECATED] Optional parameter $status declared before required parameter $log_type is implicitly treated as a required parameter in APPPATH/Helpers/log_helper.php on line 16.
 1 SYSTEMPATH/Common.php(641): include_once('/home/havellslighting/public_html/partner1.havellslighting.com/vendor/codeigniter4/framework/system/Debug/Exceptions.php')
 2 SYSTEMPATH/Autoloader/Autoloader.php(487): helper([...])
 3 SYSTEMPATH/Boot.php(249): CodeIgniter\Autoloader\Autoloader->loadHelpers()
 4 SYSTEMPATH/Boot.php(64): CodeIgniter\Boot::autoloadHelpers()
 5 FCPATH/index.php(57): CodeIgniter\Boot::bootWeb(Object(Config\Paths))
WARNING - 2025-06-30 07:25:05 --> [DEPRECATED] Optional parameter $status declared before required parameter $log_type is implicitly treated as a required parameter in APPPATH/Helpers/log_helper.php on line 16.
 1 SYSTEMPATH/Common.php(641): include_once('/home/havellslighting/public_html/partner1.havellslighting.com/vendor/codeigniter4/framework/system/Debug/Exceptions.php')
 2 SYSTEMPATH/Autoloader/Autoloader.php(487): helper([...])
 3 SYSTEMPATH/Boot.php(249): CodeIgniter\Autoloader\Autoloader->loadHelpers()
 4 SYSTEMPATH/Boot.php(64): CodeIgniter\Boot::autoloadHelpers()
 5 FCPATH/index.php(57): CodeIgniter\Boot::bootWeb(Object(Config\Paths))
WARNING - 2025-06-30 07:25:07 --> [DEPRECATED] Optional parameter $status declared before required parameter $log_type is implicitly treated as a required parameter in APPPATH/Helpers/log_helper.php on line 16.
 1 SYSTEMPATH/Common.php(641): include_once('/home/havellslighting/public_html/partner1.havellslighting.com/vendor/codeigniter4/framework/system/Debug/Exceptions.php')
 2 SYSTEMPATH/Autoloader/Autoloader.php(487): helper([...])
 3 SYSTEMPATH/Boot.php(249): CodeIgniter\Autoloader\Autoloader->loadHelpers()
 4 SYSTEMPATH/Boot.php(64): CodeIgniter\Boot::autoloadHelpers()
 5 FCPATH/index.php(57): CodeIgniter\Boot::bootWeb(Object(Config\Paths))
WARNING - 2025-06-30 07:25:09 --> [DEPRECATED] Optional parameter $status declared before required parameter $log_type is implicitly treated as a required parameter in APPPATH/Helpers/log_helper.php on line 16.
 1 SYSTEMPATH/Common.php(641): include_once('/home/havellslighting/public_html/partner1.havellslighting.com/vendor/codeigniter4/framework/system/Debug/Exceptions.php')
 2 SYSTEMPATH/Autoloader/Autoloader.php(487): helper([...])
 3 SYSTEMPATH/Boot.php(249): CodeIgniter\Autoloader\Autoloader->loadHelpers()
 4 SYSTEMPATH/Boot.php(64): CodeIgniter\Boot::autoloadHelpers()
 5 FCPATH/index.php(57): CodeIgniter\Boot::bootWeb(Object(Config\Paths))
DEBUG - 2025-06-30 07:25:09 --> Session: Class initialized using 'CodeIgniter\Session\Handlers\FileHandler' driver.
WARNING - 2025-06-30 07:25:15 --> [DEPRECATED] Optional parameter $status declared before required parameter $log_type is implicitly treated as a required parameter in APPPATH/Helpers/log_helper.php on line 16.
 1 SYSTEMPATH/Common.php(641): include_once('/home/havellslighting/public_html/partner1.havellslighting.com/vendor/codeigniter4/framework/system/Debug/Exceptions.php')
 2 SYSTEMPATH/Autoloader/Autoloader.php(487): helper([...])
 3 SYSTEMPATH/Boot.php(249): CodeIgniter\Autoloader\Autoloader->loadHelpers()
 4 SYSTEMPATH/Boot.php(64): CodeIgniter\Boot::autoloadHelpers()
 5 FCPATH/index.php(57): CodeIgniter\Boot::bootWeb(Object(Config\Paths))
DEBUG - 2025-06-30 07:25:15 --> Session: Class initialized using 'CodeIgniter\Session\Handlers\FileHandler' driver.
WARNING - 2025-06-30 07:25:19 --> [DEPRECATED] Optional parameter $status declared before required parameter $log_type is implicitly treated as a required parameter in APPPATH/Helpers/log_helper.php on line 16.
 1 SYSTEMPATH/Common.php(641): include_once('/home/havellslighting/public_html/partner1.havellslighting.com/vendor/codeigniter4/framework/system/Debug/Exceptions.php')
 2 SYSTEMPATH/Autoloader/Autoloader.php(487): helper([...])
 3 SYSTEMPATH/Boot.php(249): CodeIgniter\Autoloader\Autoloader->loadHelpers()
 4 SYSTEMPATH/Boot.php(64): CodeIgniter\Boot::autoloadHelpers()
 5 FCPATH/index.php(57): CodeIgniter\Boot::bootWeb(Object(Config\Paths))
DEBUG - 2025-06-30 07:25:19 --> Session: Class initialized using 'CodeIgniter\Session\Handlers\FileHandler' driver.
WARNING - 2025-06-30 07:25:25 --> [DEPRECATED] Optional parameter $status declared before required parameter $log_type is implicitly treated as a required parameter in APPPATH/Helpers/log_helper.php on line 16.
 1 SYSTEMPATH/Common.php(641): include_once('/home/havellslighting/public_html/partner1.havellslighting.com/vendor/codeigniter4/framework/system/Debug/Exceptions.php')
 2 SYSTEMPATH/Autoloader/Autoloader.php(487): helper([...])
 3 SYSTEMPATH/Boot.php(249): CodeIgniter\Autoloader\Autoloader->loadHelpers()
 4 SYSTEMPATH/Boot.php(64): CodeIgniter\Boot::autoloadHelpers()
 5 FCPATH/index.php(57): CodeIgniter\Boot::bootWeb(Object(Config\Paths))
DEBUG - 2025-06-30 07:25:25 --> Session: Class initialized using 'CodeIgniter\Session\Handlers\FileHandler' driver.
WARNING - 2025-06-30 07:25:25 --> [DEPRECATED] Optional parameter $status declared before required parameter $log_type is implicitly treated as a required parameter in APPPATH/Helpers/log_helper.php on line 16.
 1 SYSTEMPATH/Common.php(641): include_once('/home/havellslighting/public_html/partner1.havellslighting.com/vendor/codeigniter4/framework/system/Debug/Exceptions.php')
 2 SYSTEMPATH/Autoloader/Autoloader.php(487): helper([...])
 3 SYSTEMPATH/Boot.php(249): CodeIgniter\Autoloader\Autoloader->loadHelpers()
 4 SYSTEMPATH/Boot.php(64): CodeIgniter\Boot::autoloadHelpers()
 5 FCPATH/index.php(57): CodeIgniter\Boot::bootWeb(Object(Config\Paths))
WARNING - 2025-06-30 07:25:26 --> [DEPRECATED] Optional parameter $status declared before required parameter $log_type is implicitly treated as a required parameter in APPPATH/Helpers/log_helper.php on line 16.
 1 SYSTEMPATH/Common.php(641): include_once('/home/havellslighting/public_html/partner1.havellslighting.com/vendor/codeigniter4/framework/system/Debug/Exceptions.php')
 2 SYSTEMPATH/Autoloader/Autoloader.php(487): helper([...])
 3 SYSTEMPATH/Boot.php(249): CodeIgniter\Autoloader\Autoloader->loadHelpers()
 4 SYSTEMPATH/Boot.php(64): CodeIgniter\Boot::autoloadHelpers()
 5 FCPATH/index.php(57): CodeIgniter\Boot::bootWeb(Object(Config\Paths))
WARNING - 2025-06-30 07:25:26 --> [DEPRECATED] Optional parameter $status declared before required parameter $log_type is implicitly treated as a required parameter in APPPATH/Helpers/log_helper.php on line 16.
 1 SYSTEMPATH/Common.php(641): include_once('/home/havellslighting/public_html/partner1.havellslighting.com/vendor/codeigniter4/framework/system/Debug/Exceptions.php')
 2 SYSTEMPATH/Autoloader/Autoloader.php(487): helper([...])
 3 SYSTEMPATH/Boot.php(249): CodeIgniter\Autoloader\Autoloader->loadHelpers()
 4 SYSTEMPATH/Boot.php(64): CodeIgniter\Boot::autoloadHelpers()
 5 FCPATH/index.php(57): CodeIgniter\Boot::bootWeb(Object(Config\Paths))
WARNING - 2025-06-30 07:26:12 --> [DEPRECATED] Optional parameter $status declared before required parameter $log_type is implicitly treated as a required parameter in APPPATH/Helpers/log_helper.php on line 16.
 1 SYSTEMPATH/Common.php(641): include_once('/home/havellslighting/public_html/partner1.havellslighting.com/vendor/codeigniter4/framework/system/Debug/Exceptions.php')
 2 SYSTEMPATH/Autoloader/Autoloader.php(487): helper([...])
 3 SYSTEMPATH/Boot.php(249): CodeIgniter\Autoloader\Autoloader->loadHelpers()
 4 SYSTEMPATH/Boot.php(64): CodeIgniter\Boot::autoloadHelpers()
 5 FCPATH/index.php(57): CodeIgniter\Boot::bootWeb(Object(Config\Paths))
DEBUG - 2025-06-30 07:26:12 --> Session: Class initialized using 'CodeIgniter\Session\Handlers\FileHandler' driver.
WARNING - 2025-06-30 07:26:12 --> [DEPRECATED] Optional parameter $status declared before required parameter $log_type is implicitly treated as a required parameter in APPPATH/Helpers/log_helper.php on line 16.
 1 SYSTEMPATH/Common.php(641): include_once('/home/havellslighting/public_html/partner1.havellslighting.com/vendor/codeigniter4/framework/system/Debug/Exceptions.php')
 2 SYSTEMPATH/Autoloader/Autoloader.php(487): helper([...])
 3 SYSTEMPATH/Boot.php(249): CodeIgniter\Autoloader\Autoloader->loadHelpers()
 4 SYSTEMPATH/Boot.php(64): CodeIgniter\Boot::autoloadHelpers()
 5 FCPATH/index.php(57): CodeIgniter\Boot::bootWeb(Object(Config\Paths))
DEBUG - 2025-06-30 07:26:12 --> Session: Class initialized using 'CodeIgniter\Session\Handlers\FileHandler' driver.
WARNING - 2025-06-30 07:27:38 --> [DEPRECATED] Optional parameter $status declared before required parameter $log_type is implicitly treated as a required parameter in APPPATH/Helpers/log_helper.php on line 16.
 1 SYSTEMPATH/Common.php(641): include_once('/home/havellslighting/public_html/partner1.havellslighting.com/vendor/codeigniter4/framework/system/Debug/Exceptions.php')
 2 SYSTEMPATH/Autoloader/Autoloader.php(487): helper([...])
 3 SYSTEMPATH/Boot.php(249): CodeIgniter\Autoloader\Autoloader->loadHelpers()
 4 SYSTEMPATH/Boot.php(64): CodeIgniter\Boot::autoloadHelpers()
 5 FCPATH/index.php(57): CodeIgniter\Boot::bootWeb(Object(Config\Paths))
DEBUG - 2025-06-30 07:27:38 --> Session: Class initialized using 'CodeIgniter\Session\Handlers\FileHandler' driver.
WARNING - 2025-06-30 07:27:39 --> [DEPRECATED] Optional parameter $status declared before required parameter $log_type is implicitly treated as a required parameter in APPPATH/Helpers/log_helper.php on line 16.
 1 SYSTEMPATH/Common.php(641): include_once('/home/havellslighting/public_html/partner1.havellslighting.com/vendor/codeigniter4/framework/system/Debug/Exceptions.php')
 2 SYSTEMPATH/Autoloader/Autoloader.php(487): helper([...])
 3 SYSTEMPATH/Boot.php(249): CodeIgniter\Autoloader\Autoloader->loadHelpers()
 4 SYSTEMPATH/Boot.php(64): CodeIgniter\Boot::autoloadHelpers()
 5 FCPATH/index.php(57): CodeIgniter\Boot::bootWeb(Object(Config\Paths))
WARNING - 2025-06-30 07:27:40 --> [DEPRECATED] Optional parameter $status declared before required parameter $log_type is implicitly treated as a required parameter in APPPATH/Helpers/log_helper.php on line 16.
 1 SYSTEMPATH/Common.php(641): include_once('/home/havellslighting/public_html/partner1.havellslighting.com/vendor/codeigniter4/framework/system/Debug/Exceptions.php')
 2 SYSTEMPATH/Autoloader/Autoloader.php(487): helper([...])
 3 SYSTEMPATH/Boot.php(249): CodeIgniter\Autoloader\Autoloader->loadHelpers()
 4 SYSTEMPATH/Boot.php(64): CodeIgniter\Boot::autoloadHelpers()
 5 FCPATH/index.php(57): CodeIgniter\Boot::bootWeb(Object(Config\Paths))
WARNING - 2025-06-30 07:28:03 --> [DEPRECATED] Optional parameter $status declared before required parameter $log_type is implicitly treated as a required parameter in APPPATH/Helpers/log_helper.php on line 16.
 1 SYSTEMPATH/Common.php(641): include_once('/home/havellslighting/public_html/partner1.havellslighting.com/vendor/codeigniter4/framework/system/Debug/Exceptions.php')
 2 SYSTEMPATH/Autoloader/Autoloader.php(487): helper([...])
 3 SYSTEMPATH/Boot.php(249): CodeIgniter\Autoloader\Autoloader->loadHelpers()
 4 SYSTEMPATH/Boot.php(64): CodeIgniter\Boot::autoloadHelpers()
 5 FCPATH/index.php(57): CodeIgniter\Boot::bootWeb(Object(Config\Paths))
WARNING - 2025-06-30 07:28:03 --> [DEPRECATED] Optional parameter $status declared before required parameter $log_type is implicitly treated as a required parameter in APPPATH/Helpers/log_helper.php on line 16.
 1 SYSTEMPATH/Common.php(641): include_once('/home/havellslighting/public_html/partner1.havellslighting.com/vendor/codeigniter4/framework/system/Debug/Exceptions.php')
 2 SYSTEMPATH/Autoloader/Autoloader.php(487): helper([...])
 3 SYSTEMPATH/Boot.php(249): CodeIgniter\Autoloader\Autoloader->loadHelpers()
 4 SYSTEMPATH/Boot.php(64): CodeIgniter\Boot::autoloadHelpers()
 5 FCPATH/index.php(57): CodeIgniter\Boot::bootWeb(Object(Config\Paths))
DEBUG - 2025-06-30 07:28:03 --> Session: Class initialized using 'CodeIgniter\Session\Handlers\FileHandler' driver.
WARNING - 2025-06-30 07:28:49 --> [DEPRECATED] Optional parameter $status declared before required parameter $log_type is implicitly treated as a required parameter in APPPATH/Helpers/log_helper.php on line 16.
 1 SYSTEMPATH/Common.php(641): include_once('/home/havellslighting/public_html/partner1.havellslighting.com/vendor/codeigniter4/framework/system/Debug/Exceptions.php')
 2 SYSTEMPATH/Autoloader/Autoloader.php(487): helper([...])
 3 SYSTEMPATH/Boot.php(249): CodeIgniter\Autoloader\Autoloader->loadHelpers()
 4 SYSTEMPATH/Boot.php(64): CodeIgniter\Boot::autoloadHelpers()
 5 FCPATH/index.php(57): CodeIgniter\Boot::bootWeb(Object(Config\Paths))
DEBUG - 2025-06-30 07:28:49 --> Session: Class initialized using 'CodeIgniter\Session\Handlers\FileHandler' driver.
WARNING - 2025-06-30 07:28:49 --> [DEPRECATED] Optional parameter $status declared before required parameter $log_type is implicitly treated as a required parameter in APPPATH/Helpers/log_helper.php on line 16.
 1 SYSTEMPATH/Common.php(641): include_once('/home/havellslighting/public_html/partner1.havellslighting.com/vendor/codeigniter4/framework/system/Debug/Exceptions.php')
 2 SYSTEMPATH/Autoloader/Autoloader.php(487): helper([...])
 3 SYSTEMPATH/Boot.php(249): CodeIgniter\Autoloader\Autoloader->loadHelpers()
 4 SYSTEMPATH/Boot.php(64): CodeIgniter\Boot::autoloadHelpers()
 5 FCPATH/index.php(57): CodeIgniter\Boot::bootWeb(Object(Config\Paths))
WARNING - 2025-06-30 07:28:51 --> [DEPRECATED] Optional parameter $status declared before required parameter $log_type is implicitly treated as a required parameter in APPPATH/Helpers/log_helper.php on line 16.
 1 SYSTEMPATH/Common.php(641): include_once('/home/havellslighting/public_html/partner1.havellslighting.com/vendor/codeigniter4/framework/system/Debug/Exceptions.php')
 2 SYSTEMPATH/Autoloader/Autoloader.php(487): helper([...])
 3 SYSTEMPATH/Boot.php(249): CodeIgniter\Autoloader\Autoloader->loadHelpers()
 4 SYSTEMPATH/Boot.php(64): CodeIgniter\Boot::autoloadHelpers()
 5 FCPATH/index.php(57): CodeIgniter\Boot::bootWeb(Object(Config\Paths))
WARNING - 2025-06-30 07:30:03 --> [DEPRECATED] Optional parameter $status declared before required parameter $log_type is implicitly treated as a required parameter in APPPATH/Helpers/log_helper.php on line 16.
 1 SYSTEMPATH/Common.php(641): include_once('/home/havellslighting/public_html/partner1.havellslighting.com/vendor/codeigniter4/framework/system/Debug/Exceptions.php')
 2 SYSTEMPATH/Autoloader/Autoloader.php(487): helper([...])
 3 SYSTEMPATH/Boot.php(249): CodeIgniter\Autoloader\Autoloader->loadHelpers()
 4 SYSTEMPATH/Boot.php(64): CodeIgniter\Boot::autoloadHelpers()
 5 FCPATH/index.php(57): CodeIgniter\Boot::bootWeb(Object(Config\Paths))
DEBUG - 2025-06-30 07:30:03 --> Session: Class initialized using 'CodeIgniter\Session\Handlers\FileHandler' driver.
WARNING - 2025-06-30 07:30:07 --> [DEPRECATED] Optional parameter $status declared before required parameter $log_type is implicitly treated as a required parameter in APPPATH/Helpers/log_helper.php on line 16.
 1 SYSTEMPATH/Common.php(641): include_once('/home/havellslighting/public_html/partner1.havellslighting.com/vendor/codeigniter4/framework/system/Debug/Exceptions.php')
 2 SYSTEMPATH/Autoloader/Autoloader.php(487): helper([...])
 3 SYSTEMPATH/Boot.php(249): CodeIgniter\Autoloader\Autoloader->loadHelpers()
 4 SYSTEMPATH/Boot.php(64): CodeIgniter\Boot::autoloadHelpers()
 5 FCPATH/index.php(57): CodeIgniter\Boot::bootWeb(Object(Config\Paths))
WARNING - 2025-06-30 07:30:07 --> [DEPRECATED] Optional parameter $status declared before required parameter $log_type is implicitly treated as a required parameter in APPPATH/Helpers/log_helper.php on line 16.
 1 SYSTEMPATH/Common.php(641): include_once('/home/havellslighting/public_html/partner1.havellslighting.com/vendor/codeigniter4/framework/system/Debug/Exceptions.php')
 2 SYSTEMPATH/Autoloader/Autoloader.php(487): helper([...])
 3 SYSTEMPATH/Boot.php(249): CodeIgniter\Autoloader\Autoloader->loadHelpers()
 4 SYSTEMPATH/Boot.php(64): CodeIgniter\Boot::autoloadHelpers()
 5 FCPATH/index.php(57): CodeIgniter\Boot::bootWeb(Object(Config\Paths))
WARNING - 2025-06-30 07:30:07 --> [DEPRECATED] Optional parameter $status declared before required parameter $log_type is implicitly treated as a required parameter in APPPATH/Helpers/log_helper.php on line 16.
 1 SYSTEMPATH/Common.php(641): include_once('/home/havellslighting/public_html/partner1.havellslighting.com/vendor/codeigniter4/framework/system/Debug/Exceptions.php')
 2 SYSTEMPATH/Autoloader/Autoloader.php(487): helper([...])
 3 SYSTEMPATH/Boot.php(249): CodeIgniter\Autoloader\Autoloader->loadHelpers()
 4 SYSTEMPATH/Boot.php(64): CodeIgniter\Boot::autoloadHelpers()
 5 FCPATH/index.php(57): CodeIgniter\Boot::bootWeb(Object(Config\Paths))
DEBUG - 2025-06-30 07:30:08 --> Session: Class initialized using 'CodeIgniter\Session\Handlers\FileHandler' driver.
WARNING - 2025-06-30 07:30:41 --> [DEPRECATED] Optional parameter $status declared before required parameter $log_type is implicitly treated as a required parameter in APPPATH/Helpers/log_helper.php on line 16.
 1 SYSTEMPATH/Common.php(641): include_once('/home/havellslighting/public_html/partner1.havellslighting.com/vendor/codeigniter4/framework/system/Debug/Exceptions.php')
 2 SYSTEMPATH/Autoloader/Autoloader.php(487): helper([...])
 3 SYSTEMPATH/Boot.php(249): CodeIgniter\Autoloader\Autoloader->loadHelpers()
 4 SYSTEMPATH/Boot.php(64): CodeIgniter\Boot::autoloadHelpers()
 5 FCPATH/index.php(57): CodeIgniter\Boot::bootWeb(Object(Config\Paths))
DEBUG - 2025-06-30 07:30:41 --> Session: Class initialized using 'CodeIgniter\Session\Handlers\FileHandler' driver.
WARNING - 2025-06-30 08:37:00 --> [DEPRECATED] Optional parameter $status declared before required parameter $log_type is implicitly treated as a required parameter in APPPATH/Helpers/log_helper.php on line 16.
 1 SYSTEMPATH/Common.php(641): include_once('/home/havellslighting/public_html/partner1.havellslighting.com/vendor/codeigniter4/framework/system/Debug/Exceptions.php')
 2 SYSTEMPATH/Autoloader/Autoloader.php(487): helper([...])
 3 SYSTEMPATH/Boot.php(249): CodeIgniter\Autoloader\Autoloader->loadHelpers()
 4 SYSTEMPATH/Boot.php(64): CodeIgniter\Boot::autoloadHelpers()
 5 FCPATH/index.php(57): CodeIgniter\Boot::bootWeb(Object(Config\Paths))
DEBUG - 2025-06-30 08:37:01 --> Session: Class initialized using 'CodeIgniter\Session\Handlers\FileHandler' driver.
WARNING - 2025-06-30 08:37:01 --> [DEPRECATED] Optional parameter $status declared before required parameter $log_type is implicitly treated as a required parameter in APPPATH/Helpers/log_helper.php on line 16.
 1 SYSTEMPATH/Common.php(641): include_once('/home/havellslighting/public_html/partner1.havellslighting.com/vendor/codeigniter4/framework/system/Debug/Exceptions.php')
 2 SYSTEMPATH/Autoloader/Autoloader.php(487): helper([...])
 3 SYSTEMPATH/Boot.php(249): CodeIgniter\Autoloader\Autoloader->loadHelpers()
 4 SYSTEMPATH/Boot.php(64): CodeIgniter\Boot::autoloadHelpers()
 5 FCPATH/index.php(57): CodeIgniter\Boot::bootWeb(Object(Config\Paths))
WARNING - 2025-06-30 08:37:02 --> [DEPRECATED] Optional parameter $status declared before required parameter $log_type is implicitly treated as a required parameter in APPPATH/Helpers/log_helper.php on line 16.
 1 SYSTEMPATH/Common.php(641): include_once('/home/havellslighting/public_html/partner1.havellslighting.com/vendor/codeigniter4/framework/system/Debug/Exceptions.php')
 2 SYSTEMPATH/Autoloader/Autoloader.php(487): helper([...])
 3 SYSTEMPATH/Boot.php(249): CodeIgniter\Autoloader\Autoloader->loadHelpers()
 4 SYSTEMPATH/Boot.php(64): CodeIgniter\Boot::autoloadHelpers()
 5 FCPATH/index.php(57): CodeIgniter\Boot::bootWeb(Object(Config\Paths))
WARNING - 2025-06-30 08:37:05 --> [DEPRECATED] Optional parameter $status declared before required parameter $log_type is implicitly treated as a required parameter in APPPATH/Helpers/log_helper.php on line 16.
 1 SYSTEMPATH/Common.php(641): include_once('/home/havellslighting/public_html/partner1.havellslighting.com/vendor/codeigniter4/framework/system/Debug/Exceptions.php')
 2 SYSTEMPATH/Autoloader/Autoloader.php(487): helper([...])
 3 SYSTEMPATH/Boot.php(249): CodeIgniter\Autoloader\Autoloader->loadHelpers()
 4 SYSTEMPATH/Boot.php(64): CodeIgniter\Boot::autoloadHelpers()
 5 FCPATH/index.php(57): CodeIgniter\Boot::bootWeb(Object(Config\Paths))
WARNING - 2025-06-30 08:37:09 --> [DEPRECATED] Optional parameter $status declared before required parameter $log_type is implicitly treated as a required parameter in APPPATH/Helpers/log_helper.php on line 16.
 1 SYSTEMPATH/Common.php(641): include_once('/home/havellslighting/public_html/partner1.havellslighting.com/vendor/codeigniter4/framework/system/Debug/Exceptions.php')
 2 SYSTEMPATH/Autoloader/Autoloader.php(487): helper([...])
 3 SYSTEMPATH/Boot.php(249): CodeIgniter\Autoloader\Autoloader->loadHelpers()
 4 SYSTEMPATH/Boot.php(64): CodeIgniter\Boot::autoloadHelpers()
 5 FCPATH/index.php(57): CodeIgniter\Boot::bootWeb(Object(Config\Paths))
DEBUG - 2025-06-30 08:37:09 --> Session: Class initialized using 'CodeIgniter\Session\Handlers\FileHandler' driver.
WARNING - 2025-06-30 08:37:10 --> [DEPRECATED] Optional parameter $status declared before required parameter $log_type is implicitly treated as a required parameter in APPPATH/Helpers/log_helper.php on line 16.
 1 SYSTEMPATH/Common.php(641): include_once('/home/havellslighting/public_html/partner1.havellslighting.com/vendor/codeigniter4/framework/system/Debug/Exceptions.php')
 2 SYSTEMPATH/Autoloader/Autoloader.php(487): helper([...])
 3 SYSTEMPATH/Boot.php(249): CodeIgniter\Autoloader\Autoloader->loadHelpers()
 4 SYSTEMPATH/Boot.php(64): CodeIgniter\Boot::autoloadHelpers()
 5 FCPATH/index.php(57): CodeIgniter\Boot::bootWeb(Object(Config\Paths))
DEBUG - 2025-06-30 08:37:10 --> Session: Class initialized using 'CodeIgniter\Session\Handlers\FileHandler' driver.
WARNING - 2025-06-30 08:37:10 --> [DEPRECATED] Optional parameter $status declared before required parameter $log_type is implicitly treated as a required parameter in APPPATH/Helpers/log_helper.php on line 16.
 1 SYSTEMPATH/Common.php(641): include_once('/home/havellslighting/public_html/partner1.havellslighting.com/vendor/codeigniter4/framework/system/Debug/Exceptions.php')
 2 SYSTEMPATH/Autoloader/Autoloader.php(487): helper([...])
 3 SYSTEMPATH/Boot.php(249): CodeIgniter\Autoloader\Autoloader->loadHelpers()
 4 SYSTEMPATH/Boot.php(64): CodeIgniter\Boot::autoloadHelpers()
 5 FCPATH/index.php(57): CodeIgniter\Boot::bootWeb(Object(Config\Paths))
WARNING - 2025-06-30 08:37:14 --> [DEPRECATED] Optional parameter $status declared before required parameter $log_type is implicitly treated as a required parameter in APPPATH/Helpers/log_helper.php on line 16.
 1 SYSTEMPATH/Common.php(641): include_once('/home/havellslighting/public_html/partner1.havellslighting.com/vendor/codeigniter4/framework/system/Debug/Exceptions.php')
 2 SYSTEMPATH/Autoloader/Autoloader.php(487): helper([...])
 3 SYSTEMPATH/Boot.php(249): CodeIgniter\Autoloader\Autoloader->loadHelpers()
 4 SYSTEMPATH/Boot.php(64): CodeIgniter\Boot::autoloadHelpers()
 5 FCPATH/index.php(57): CodeIgniter\Boot::bootWeb(Object(Config\Paths))
WARNING - 2025-06-30 08:37:17 --> [DEPRECATED] Optional parameter $status declared before required parameter $log_type is implicitly treated as a required parameter in APPPATH/Helpers/log_helper.php on line 16.
 1 SYSTEMPATH/Common.php(641): include_once('/home/havellslighting/public_html/partner1.havellslighting.com/vendor/codeigniter4/framework/system/Debug/Exceptions.php')
 2 SYSTEMPATH/Autoloader/Autoloader.php(487): helper([...])
 3 SYSTEMPATH/Boot.php(249): CodeIgniter\Autoloader\Autoloader->loadHelpers()
 4 SYSTEMPATH/Boot.php(64): CodeIgniter\Boot::autoloadHelpers()
 5 FCPATH/index.php(57): CodeIgniter\Boot::bootWeb(Object(Config\Paths))
DEBUG - 2025-06-30 08:37:17 --> Session: Class initialized using 'CodeIgniter\Session\Handlers\FileHandler' driver.
WARNING - 2025-06-30 08:37:24 --> [DEPRECATED] Optional parameter $status declared before required parameter $log_type is implicitly treated as a required parameter in APPPATH/Helpers/log_helper.php on line 16.
 1 SYSTEMPATH/Common.php(641): include_once('/home/havellslighting/public_html/partner1.havellslighting.com/vendor/codeigniter4/framework/system/Debug/Exceptions.php')
 2 SYSTEMPATH/Autoloader/Autoloader.php(487): helper([...])
 3 SYSTEMPATH/Boot.php(249): CodeIgniter\Autoloader\Autoloader->loadHelpers()
 4 SYSTEMPATH/Boot.php(64): CodeIgniter\Boot::autoloadHelpers()
 5 FCPATH/index.php(57): CodeIgniter\Boot::bootWeb(Object(Config\Paths))
DEBUG - 2025-06-30 08:37:24 --> Session: Class initialized using 'CodeIgniter\Session\Handlers\FileHandler' driver.
WARNING - 2025-06-30 08:37:30 --> [DEPRECATED] Optional parameter $status declared before required parameter $log_type is implicitly treated as a required parameter in APPPATH/Helpers/log_helper.php on line 16.
 1 SYSTEMPATH/Common.php(641): include_once('/home/havellslighting/public_html/partner1.havellslighting.com/vendor/codeigniter4/framework/system/Debug/Exceptions.php')
 2 SYSTEMPATH/Autoloader/Autoloader.php(487): helper([...])
 3 SYSTEMPATH/Boot.php(249): CodeIgniter\Autoloader\Autoloader->loadHelpers()
 4 SYSTEMPATH/Boot.php(64): CodeIgniter\Boot::autoloadHelpers()
 5 FCPATH/index.php(57): CodeIgniter\Boot::bootWeb(Object(Config\Paths))
DEBUG - 2025-06-30 08:37:30 --> Session: Class initialized using 'CodeIgniter\Session\Handlers\FileHandler' driver.
WARNING - 2025-06-30 08:37:30 --> [DEPRECATED] Optional parameter $status declared before required parameter $log_type is implicitly treated as a required parameter in APPPATH/Helpers/log_helper.php on line 16.
 1 SYSTEMPATH/Common.php(641): include_once('/home/havellslighting/public_html/partner1.havellslighting.com/vendor/codeigniter4/framework/system/Debug/Exceptions.php')
 2 SYSTEMPATH/Autoloader/Autoloader.php(487): helper([...])
 3 SYSTEMPATH/Boot.php(249): CodeIgniter\Autoloader\Autoloader->loadHelpers()
 4 SYSTEMPATH/Boot.php(64): CodeIgniter\Boot::autoloadHelpers()
 5 FCPATH/index.php(57): CodeIgniter\Boot::bootWeb(Object(Config\Paths))
WARNING - 2025-06-30 08:37:30 --> [DEPRECATED] Optional parameter $status declared before required parameter $log_type is implicitly treated as a required parameter in APPPATH/Helpers/log_helper.php on line 16.
 1 SYSTEMPATH/Common.php(641): include_once('/home/havellslighting/public_html/partner1.havellslighting.com/vendor/codeigniter4/framework/system/Debug/Exceptions.php')
 2 SYSTEMPATH/Autoloader/Autoloader.php(487): helper([...])
 3 SYSTEMPATH/Boot.php(249): CodeIgniter\Autoloader\Autoloader->loadHelpers()
 4 SYSTEMPATH/Boot.php(64): CodeIgniter\Boot::autoloadHelpers()
 5 FCPATH/index.php(57): CodeIgniter\Boot::bootWeb(Object(Config\Paths))
WARNING - 2025-06-30 08:37:35 --> [DEPRECATED] Optional parameter $status declared before required parameter $log_type is implicitly treated as a required parameter in APPPATH/Helpers/log_helper.php on line 16.
 1 SYSTEMPATH/Common.php(641): include_once('/home/havellslighting/public_html/partner1.havellslighting.com/vendor/codeigniter4/framework/system/Debug/Exceptions.php')
 2 SYSTEMPATH/Autoloader/Autoloader.php(487): helper([...])
 3 SYSTEMPATH/Boot.php(249): CodeIgniter\Autoloader\Autoloader->loadHelpers()
 4 SYSTEMPATH/Boot.php(64): CodeIgniter\Boot::autoloadHelpers()
 5 FCPATH/index.php(57): CodeIgniter\Boot::bootWeb(Object(Config\Paths))
DEBUG - 2025-06-30 08:37:35 --> Session: Class initialized using 'CodeIgniter\Session\Handlers\FileHandler' driver.
WARNING - 2025-06-30 08:37:36 --> [DEPRECATED] Optional parameter $status declared before required parameter $log_type is implicitly treated as a required parameter in APPPATH/Helpers/log_helper.php on line 16.
 1 SYSTEMPATH/Common.php(641): include_once('/home/havellslighting/public_html/partner1.havellslighting.com/vendor/codeigniter4/framework/system/Debug/Exceptions.php')
 2 SYSTEMPATH/Autoloader/Autoloader.php(487): helper([...])
 3 SYSTEMPATH/Boot.php(249): CodeIgniter\Autoloader\Autoloader->loadHelpers()
 4 SYSTEMPATH/Boot.php(64): CodeIgniter\Boot::autoloadHelpers()
 5 FCPATH/index.php(57): CodeIgniter\Boot::bootWeb(Object(Config\Paths))
DEBUG - 2025-06-30 08:37:36 --> Session: Class initialized using 'CodeIgniter\Session\Handlers\FileHandler' driver.
WARNING - 2025-06-30 08:37:37 --> [DEPRECATED] Optional parameter $status declared before required parameter $log_type is implicitly treated as a required parameter in APPPATH/Helpers/log_helper.php on line 16.
 1 SYSTEMPATH/Common.php(641): include_once('/home/havellslighting/public_html/partner1.havellslighting.com/vendor/codeigniter4/framework/system/Debug/Exceptions.php')
 2 SYSTEMPATH/Autoloader/Autoloader.php(487): helper([...])
 3 SYSTEMPATH/Boot.php(249): CodeIgniter\Autoloader\Autoloader->loadHelpers()
 4 SYSTEMPATH/Boot.php(64): CodeIgniter\Boot::autoloadHelpers()
 5 FCPATH/index.php(57): CodeIgniter\Boot::bootWeb(Object(Config\Paths))
WARNING - 2025-06-30 08:37:37 --> [DEPRECATED] Optional parameter $status declared before required parameter $log_type is implicitly treated as a required parameter in APPPATH/Helpers/log_helper.php on line 16.
 1 SYSTEMPATH/Common.php(641): include_once('/home/havellslighting/public_html/partner1.havellslighting.com/vendor/codeigniter4/framework/system/Debug/Exceptions.php')
 2 SYSTEMPATH/Autoloader/Autoloader.php(487): helper([...])
 3 SYSTEMPATH/Boot.php(249): CodeIgniter\Autoloader\Autoloader->loadHelpers()
 4 SYSTEMPATH/Boot.php(64): CodeIgniter\Boot::autoloadHelpers()
 5 FCPATH/index.php(57): CodeIgniter\Boot::bootWeb(Object(Config\Paths))
WARNING - 2025-06-30 18:59:26 --> [DEPRECATED] Optional parameter $status declared before required parameter $log_type is implicitly treated as a required parameter in APPPATH/Helpers/log_helper.php on line 16.
 1 SYSTEMPATH/Common.php(641): include_once('/home/havellslighting/public_html/partner1.havellslighting.com/vendor/codeigniter4/framework/system/Debug/Exceptions.php')
 2 SYSTEMPATH/Autoloader/Autoloader.php(487): helper([...])
 3 SYSTEMPATH/Boot.php(249): CodeIgniter\Autoloader\Autoloader->loadHelpers()
 4 SYSTEMPATH/Boot.php(64): CodeIgniter\Boot::autoloadHelpers()
 5 FCPATH/index.php(57): CodeIgniter\Boot::bootWeb(Object(Config\Paths))
DEBUG - 2025-06-30 18:59:26 --> Session: Class initialized using 'CodeIgniter\Session\Handlers\FileHandler' driver.
