WARNING - 2025-05-31 05:47:05 --> [DEPRECATED] Optional parameter $status declared before required parameter $log_type is implicitly treated as a required parameter in APPPATH/Helpers/log_helper.php on line 16.
 1 SYSTEMPATH/Common.php(641): include_once('/home/havellslighting/public_html/partner1.havellslighting.com/vendor/codeigniter4/framework/system/Debug/Exceptions.php')
 2 SYSTEMPATH/Autoloader/Autoloader.php(487): helper([...])
 3 SYSTEMPATH/Boot.php(249): CodeIgniter\Autoloader\Autoloader->loadHelpers()
 4 SYSTEMPATH/Boot.php(64): CodeIgniter\Boot::autoloadHelpers()
 5 FCPATH/index.php(57): CodeIgniter\Boot::bootWeb(Object(Config\Paths))
DEBUG - 2025-05-31 05:47:05 --> Session: Class initialized using 'CodeIgniter\Session\Handlers\FileHandler' driver.
WARNING - 2025-05-31 05:47:06 --> [DEPRECATED] Optional parameter $status declared before required parameter $log_type is implicitly treated as a required parameter in APPPATH/Helpers/log_helper.php on line 16.
 1 SYSTEMPATH/Common.php(641): include_once('/home/havellslighting/public_html/partner1.havellslighting.com/vendor/codeigniter4/framework/system/Debug/Exceptions.php')
 2 SYSTEMPATH/Autoloader/Autoloader.php(487): helper([...])
 3 SYSTEMPATH/Boot.php(249): CodeIgniter\Autoloader\Autoloader->loadHelpers()
 4 SYSTEMPATH/Boot.php(64): CodeIgniter\Boot::autoloadHelpers()
 5 FCPATH/index.php(57): CodeIgniter\Boot::bootWeb(Object(Config\Paths))
WARNING - 2025-05-31 19:10:29 --> [DEPRECATED] Optional parameter $status declared before required parameter $log_type is implicitly treated as a required parameter in APPPATH/Helpers/log_helper.php on line 16.
 1 SYSTEMPATH/Common.php(641): include_once('/home/havellslighting/public_html/partner1.havellslighting.com/vendor/codeigniter4/framework/system/Debug/Exceptions.php')
 2 SYSTEMPATH/Autoloader/Autoloader.php(487): helper([...])
 3 SYSTEMPATH/Boot.php(249): CodeIgniter\Autoloader\Autoloader->loadHelpers()
 4 SYSTEMPATH/Boot.php(64): CodeIgniter\Boot::autoloadHelpers()
 5 FCPATH/index.php(57): CodeIgniter\Boot::bootWeb(Object(Config\Paths))
DEBUG - 2025-05-31 19:10:29 --> Session: Class initialized using 'CodeIgniter\Session\Handlers\FileHandler' driver.
WARNING - 2025-05-31 19:10:30 --> [DEPRECATED] Optional parameter $status declared before required parameter $log_type is implicitly treated as a required parameter in APPPATH/Helpers/log_helper.php on line 16.
 1 SYSTEMPATH/Common.php(641): include_once('/home/havellslighting/public_html/partner1.havellslighting.com/vendor/codeigniter4/framework/system/Debug/Exceptions.php')
 2 SYSTEMPATH/Autoloader/Autoloader.php(487): helper([...])
 3 SYSTEMPATH/Boot.php(249): CodeIgniter\Autoloader\Autoloader->loadHelpers()
 4 SYSTEMPATH/Boot.php(64): CodeIgniter\Boot::autoloadHelpers()
 5 FCPATH/index.php(57): CodeIgniter\Boot::bootWeb(Object(Config\Paths))
DEBUG - 2025-05-31 19:10:30 --> Session: Class initialized using 'CodeIgniter\Session\Handlers\FileHandler' driver.
