INFO - 2024-12-09 01:49:26 --> Session: Class initialized using 'CodeIgniter\Session\Handlers\FileHandler' driver.
INFO - 2024-12-09 01:49:27 --> Session: Class initialized using 'CodeIgniter\Session\Handlers\FileHandler' driver.
INFO - 2024-12-09 04:28:01 --> Session: Class initialized using 'CodeIgniter\Session\Handlers\FileHandler' driver.
INFO - 2024-12-09 04:28:02 --> Session: Class initialized using 'CodeIgniter\Session\Handlers\FileHandler' driver.
INFO - 2024-12-09 04:28:12 --> Session: Class initialized using 'CodeIgniter\Session\Handlers\FileHandler' driver.
INFO - 2024-12-09 04:28:13 --> Session: Class initialized using 'CodeIgniter\Session\Handlers\FileHandler' driver.
INFO - 2024-12-09 04:28:19 --> Session: Class initialized using 'CodeIgniter\Session\Handlers\FileHandler' driver.
INFO - 2024-12-09 04:28:37 --> Session: Class initialized using 'CodeIgniter\Session\Handlers\FileHandler' driver.
INFO - 2024-12-09 04:31:41 --> Session: Class initialized using 'CodeIgniter\Session\Handlers\FileHandler' driver.
INFO - 2024-12-09 04:32:56 --> Session: Class initialized using 'CodeIgniter\Session\Handlers\FileHandler' driver.
INFO - 2024-12-09 04:33:21 --> Session: Class initialized using 'CodeIgniter\Session\Handlers\FileHandler' driver.
INFO - 2024-12-09 04:34:09 --> Session: Class initialized using 'CodeIgniter\Session\Handlers\FileHandler' driver.
INFO - 2024-12-09 04:50:21 --> Session: Class initialized using 'CodeIgniter\Session\Handlers\FileHandler' driver.
INFO - 2024-12-09 04:51:22 --> Session: Class initialized using 'CodeIgniter\Session\Handlers\FileHandler' driver.
INFO - 2024-12-09 04:58:13 --> Session: Class initialized using 'CodeIgniter\Session\Handlers\FileHandler' driver.
INFO - 2024-12-09 04:58:39 --> Session: Class initialized using 'CodeIgniter\Session\Handlers\FileHandler' driver.
INFO - 2024-12-09 04:59:36 --> Session: Class initialized using 'CodeIgniter\Session\Handlers\FileHandler' driver.
INFO - 2024-12-09 05:00:04 --> Session: Class initialized using 'CodeIgniter\Session\Handlers\FileHandler' driver.
INFO - 2024-12-09 05:00:14 --> Session: Class initialized using 'CodeIgniter\Session\Handlers\FileHandler' driver.
INFO - 2024-12-09 05:04:12 --> Session: Class initialized using 'CodeIgniter\Session\Handlers\FileHandler' driver.
INFO - 2024-12-09 05:05:07 --> Session: Class initialized using 'CodeIgniter\Session\Handlers\FileHandler' driver.
INFO - 2024-12-09 05:57:32 --> Session: Class initialized using 'CodeIgniter\Session\Handlers\FileHandler' driver.
INFO - 2024-12-09 05:58:16 --> Session: Class initialized using 'CodeIgniter\Session\Handlers\FileHandler' driver.
INFO - 2024-12-09 06:04:14 --> Session: Class initialized using 'CodeIgniter\Session\Handlers\FileHandler' driver.
INFO - 2024-12-09 06:04:24 --> Session: Class initialized using 'CodeIgniter\Session\Handlers\FileHandler' driver.
INFO - 2024-12-09 06:04:28 --> Session: Class initialized using 'CodeIgniter\Session\Handlers\FileHandler' driver.
INFO - 2024-12-09 06:04:33 --> Session: Class initialized using 'CodeIgniter\Session\Handlers\FileHandler' driver.
INFO - 2024-12-09 06:04:39 --> Session: Class initialized using 'CodeIgniter\Session\Handlers\FileHandler' driver.
INFO - 2024-12-09 06:05:17 --> Session: Class initialized using 'CodeIgniter\Session\Handlers\FileHandler' driver.
INFO - 2024-12-09 06:05:41 --> Session: Class initialized using 'CodeIgniter\Session\Handlers\FileHandler' driver.
INFO - 2024-12-09 06:05:49 --> Session: Class initialized using 'CodeIgniter\Session\Handlers\FileHandler' driver.
CRITICAL - 2024-12-09 06:05:49 --> ErrorException: Undefined variable $data
[Method: POST, Route: Seller/save-customer]
in APPPATH/Models/Seller_mdl.php on line 318.
 1 APPPATH/Models/Seller_mdl.php(318): CodeIgniter\Debug\Exceptions->errorHandler(2, 'Undefined variable $data', '/home/havellslighting/public_html/partner/app/Models/Seller_mdl.php', 318)
 2 APPPATH/Controllers/Seller_cntrl.php(1412): App\Models\Seller_mdl->insertcustomerdata([...])
 3 SYSTEMPATH/CodeIgniter.php(933): App\Controllers\Seller_cntrl->sellersavecustomer()
 4 SYSTEMPATH/CodeIgniter.php(509): CodeIgniter\CodeIgniter->runController(Object(App\Controllers\Seller_cntrl))
 5 SYSTEMPATH/CodeIgniter.php(355): CodeIgniter\CodeIgniter->handleRequest(null, Object(Config\Cache), false)
 6 SYSTEMPATH/Boot.php(325): CodeIgniter\CodeIgniter->run()
 7 SYSTEMPATH/Boot.php(67): CodeIgniter\Boot::runCodeIgniter(Object(CodeIgniter\CodeIgniter))
 8 FCPATH/index.php(57): CodeIgniter\Boot::bootWeb(Object(Config\Paths))
INFO - 2024-12-09 06:07:03 --> Session: Class initialized using 'CodeIgniter\Session\Handlers\FileHandler' driver.
ERROR - 2024-12-09 06:07:03 --> mysqli_sql_exception: Cannot add or update a child row: a foreign key constraint fails (`havellslighting_partner`.`customer`, CONSTRAINT `custsellid` FOREIGN KEY (`sales_person_id`) REFERENCES `sales_person` (`sales_person_id`) ON DELETE RESTRICT ON UPDATE RESTRICT) in /home/havellslighting/public_html/partner/system/Database/MySQLi/Connection.php:312
Stack trace:
#0 /home/havellslighting/public_html/partner/system/Database/MySQLi/Connection.php(312): mysqli->query('INSERT INTO `cu...', 0)
#1 /home/havellslighting/public_html/partner/system/Database/BaseConnection.php(734): CodeIgniter\Database\MySQLi\Connection->execute('INSERT INTO `cu...')
#2 /home/havellslighting/public_html/partner/system/Database/BaseConnection.php(648): CodeIgniter\Database\BaseConnection->simpleQuery('INSERT INTO `cu...')
#3 /home/havellslighting/public_html/partner/system/Database/BaseBuilder.php(2340): CodeIgniter\Database\BaseConnection->query('INSERT INTO `cu...', Array, false)
#4 /home/havellslighting/public_html/partner/app/Models/Seller_mdl.php(318): CodeIgniter\Database\BaseBuilder->insert(Array)
#5 /home/havellslighting/public_html/partner/app/Controllers/Seller_cntrl.php(1412): App\Models\Seller_mdl->insertcustomerdata(Array)
#6 /home/havellslighting/public_html/partner/system/CodeIgniter.php(933): App\Controllers\Seller_cntrl->sellersavecustomer()
#7 /home/havellslighting/public_html/partner/system/CodeIgniter.php(509): CodeIgniter\CodeIgniter->runController(Object(App\Controllers\Seller_cntrl))
#8 /home/havellslighting/public_html/partner/system/CodeIgniter.php(355): CodeIgniter\CodeIgniter->handleRequest(NULL, Object(Config\Cache), false)
#9 /home/havellslighting/public_html/partner/system/Boot.php(325): CodeIgniter\CodeIgniter->run()
#10 /home/havellslighting/public_html/partner/system/Boot.php(67): CodeIgniter\Boot::runCodeIgniter(Object(CodeIgniter\CodeIgniter))
#11 /home/havellslighting/public_html/partner/index.php(57): CodeIgniter\Boot::bootWeb(Object(Config\Paths))
#12 {main}
CRITICAL - 2024-12-09 06:07:03 --> CodeIgniter\Database\Exceptions\DatabaseException: Cannot add or update a child row: a foreign key constraint fails (`havellslighting_partner`.`customer`, CONSTRAINT `custsellid` FOREIGN KEY (`sales_person_id`) REFERENCES `sales_person` (`sales_person_id`) ON DELETE RESTRICT ON UPDATE RESTRICT)
[Method: POST, Route: Seller/save-customer]
in SYSTEMPATH/Database/BaseConnection.php on line 688.
 1 SYSTEMPATH/Database/BaseBuilder.php(2340): CodeIgniter\Database\BaseConnection->query('INSERT INTO `customer` (`first_name`, `last_name`, `email`, `phone_number`, `description`, `status`, `customer_category_id`, `billing_address`, `billing_city`, `billing_state`, `billing_pincode`, `billing_phone_number`, `shipping_address`, `shipping_city`, `shipping_state`, `shipping_pincode`, `shipping_phone_number`) VALUES (:first_name:, :last_name:, :email:, :phone_number:, :description:, :status:, :customer_category_id:, :billing_address:, :billing_city:, :billing_state:, :billing_pincode:, :billing_phone_number:, :shipping_address:, :shipping_city:, :shipping_state:, :shipping_pincode:, :shipping_phone_number:)', [...], false)
 2 APPPATH/Models/Seller_mdl.php(318): CodeIgniter\Database\BaseBuilder->insert([...])
 3 APPPATH/Controllers/Seller_cntrl.php(1412): App\Models\Seller_mdl->insertcustomerdata([...])
 4 SYSTEMPATH/CodeIgniter.php(933): App\Controllers\Seller_cntrl->sellersavecustomer()
 5 SYSTEMPATH/CodeIgniter.php(509): CodeIgniter\CodeIgniter->runController(Object(App\Controllers\Seller_cntrl))
 6 SYSTEMPATH/CodeIgniter.php(355): CodeIgniter\CodeIgniter->handleRequest(null, Object(Config\Cache), false)
 7 SYSTEMPATH/Boot.php(325): CodeIgniter\CodeIgniter->run()
 8 SYSTEMPATH/Boot.php(67): CodeIgniter\Boot::runCodeIgniter(Object(CodeIgniter\CodeIgniter))
 9 FCPATH/index.php(57): CodeIgniter\Boot::bootWeb(Object(Config\Paths))
CRITICAL - 2024-12-09 06:07:03 --> [Caused by] CodeIgniter\Database\Exceptions\DatabaseException: Cannot add or update a child row: a foreign key constraint fails (`havellslighting_partner`.`customer`, CONSTRAINT `custsellid` FOREIGN KEY (`sales_person_id`) REFERENCES `sales_person` (`sales_person_id`) ON DELETE RESTRICT ON UPDATE RESTRICT)
in SYSTEMPATH/Database/MySQLi/Connection.php on line 317.
 1 SYSTEMPATH/Database/BaseConnection.php(734): CodeIgniter\Database\MySQLi\Connection->execute('INSERT INTO `customer` (`first_name`, `last_name`, `email`, `phone_number`, `description`, `status`, `customer_category_id`, `billing_address`, `billing_city`, `billing_state`, `billing_pincode`, `billing_phone_number`, `shipping_address`, `shipping_city`, `shipping_state`, `shipping_pincode`, `shipping_phone_number`) VALUES (\'1\', \'2\', \'bhavikrsuthar@gmail.com\', \'4\', \'5\', \'Inactive\', \'2\', \'b1\', \'b2\', \'b3\', \'b4\', \'b5\', \'s1\', \'s2\', \'s3\', \'s4\', \'s5\')')
 2 SYSTEMPATH/Database/BaseConnection.php(648): CodeIgniter\Database\BaseConnection->simpleQuery('INSERT INTO `customer` (`first_name`, `last_name`, `email`, `phone_number`, `description`, `status`, `customer_category_id`, `billing_address`, `billing_city`, `billing_state`, `billing_pincode`, `billing_phone_number`, `shipping_address`, `shipping_city`, `shipping_state`, `shipping_pincode`, `shipping_phone_number`) VALUES (\'1\', \'2\', \'bhavikrsuthar@gmail.com\', \'4\', \'5\', \'Inactive\', \'2\', \'b1\', \'b2\', \'b3\', \'b4\', \'b5\', \'s1\', \'s2\', \'s3\', \'s4\', \'s5\')')
 3 SYSTEMPATH/Database/BaseBuilder.php(2340): CodeIgniter\Database\BaseConnection->query('INSERT INTO `customer` (`first_name`, `last_name`, `email`, `phone_number`, `description`, `status`, `customer_category_id`, `billing_address`, `billing_city`, `billing_state`, `billing_pincode`, `billing_phone_number`, `shipping_address`, `shipping_city`, `shipping_state`, `shipping_pincode`, `shipping_phone_number`) VALUES (:first_name:, :last_name:, :email:, :phone_number:, :description:, :status:, :customer_category_id:, :billing_address:, :billing_city:, :billing_state:, :billing_pincode:, :billing_phone_number:, :shipping_address:, :shipping_city:, :shipping_state:, :shipping_pincode:, :shipping_phone_number:)', [...], false)
 4 APPPATH/Models/Seller_mdl.php(318): CodeIgniter\Database\BaseBuilder->insert([...])
 5 APPPATH/Controllers/Seller_cntrl.php(1412): App\Models\Seller_mdl->insertcustomerdata([...])
 6 SYSTEMPATH/CodeIgniter.php(933): App\Controllers\Seller_cntrl->sellersavecustomer()
 7 SYSTEMPATH/CodeIgniter.php(509): CodeIgniter\CodeIgniter->runController(Object(App\Controllers\Seller_cntrl))
 8 SYSTEMPATH/CodeIgniter.php(355): CodeIgniter\CodeIgniter->handleRequest(null, Object(Config\Cache), false)
 9 SYSTEMPATH/Boot.php(325): CodeIgniter\CodeIgniter->run()
10 SYSTEMPATH/Boot.php(67): CodeIgniter\Boot::runCodeIgniter(Object(CodeIgniter\CodeIgniter))
11 FCPATH/index.php(57): CodeIgniter\Boot::bootWeb(Object(Config\Paths))
CRITICAL - 2024-12-09 06:07:03 --> [Caused by] mysqli_sql_exception: Cannot add or update a child row: a foreign key constraint fails (`havellslighting_partner`.`customer`, CONSTRAINT `custsellid` FOREIGN KEY (`sales_person_id`) REFERENCES `sales_person` (`sales_person_id`) ON DELETE RESTRICT ON UPDATE RESTRICT)
in SYSTEMPATH/Database/MySQLi/Connection.php on line 312.
 1 SYSTEMPATH/Database/MySQLi/Connection.php(312): mysqli->query('INSERT INTO `customer` (`first_name`, `last_name`, `email`, `phone_number`, `description`, `status`, `customer_category_id`, `billing_address`, `billing_city`, `billing_state`, `billing_pincode`, `billing_phone_number`, `shipping_address`, `shipping_city`, `shipping_state`, `shipping_pincode`, `shipping_phone_number`) VALUES (\'1\', \'2\', \'bhavikrsuthar@gmail.com\', \'4\', \'5\', \'Inactive\', \'2\', \'b1\', \'b2\', \'b3\', \'b4\', \'b5\', \'s1\', \'s2\', \'s3\', \'s4\', \'s5\')', 0)
 2 SYSTEMPATH/Database/BaseConnection.php(734): CodeIgniter\Database\MySQLi\Connection->execute('INSERT INTO `customer` (`first_name`, `last_name`, `email`, `phone_number`, `description`, `status`, `customer_category_id`, `billing_address`, `billing_city`, `billing_state`, `billing_pincode`, `billing_phone_number`, `shipping_address`, `shipping_city`, `shipping_state`, `shipping_pincode`, `shipping_phone_number`) VALUES (\'1\', \'2\', \'bhavikrsuthar@gmail.com\', \'4\', \'5\', \'Inactive\', \'2\', \'b1\', \'b2\', \'b3\', \'b4\', \'b5\', \'s1\', \'s2\', \'s3\', \'s4\', \'s5\')')
 3 SYSTEMPATH/Database/BaseConnection.php(648): CodeIgniter\Database\BaseConnection->simpleQuery('INSERT INTO `customer` (`first_name`, `last_name`, `email`, `phone_number`, `description`, `status`, `customer_category_id`, `billing_address`, `billing_city`, `billing_state`, `billing_pincode`, `billing_phone_number`, `shipping_address`, `shipping_city`, `shipping_state`, `shipping_pincode`, `shipping_phone_number`) VALUES (\'1\', \'2\', \'bhavikrsuthar@gmail.com\', \'4\', \'5\', \'Inactive\', \'2\', \'b1\', \'b2\', \'b3\', \'b4\', \'b5\', \'s1\', \'s2\', \'s3\', \'s4\', \'s5\')')
 4 SYSTEMPATH/Database/BaseBuilder.php(2340): CodeIgniter\Database\BaseConnection->query('INSERT INTO `customer` (`first_name`, `last_name`, `email`, `phone_number`, `description`, `status`, `customer_category_id`, `billing_address`, `billing_city`, `billing_state`, `billing_pincode`, `billing_phone_number`, `shipping_address`, `shipping_city`, `shipping_state`, `shipping_pincode`, `shipping_phone_number`) VALUES (:first_name:, :last_name:, :email:, :phone_number:, :description:, :status:, :customer_category_id:, :billing_address:, :billing_city:, :billing_state:, :billing_pincode:, :billing_phone_number:, :shipping_address:, :shipping_city:, :shipping_state:, :shipping_pincode:, :shipping_phone_number:)', [...], false)
 5 APPPATH/Models/Seller_mdl.php(318): CodeIgniter\Database\BaseBuilder->insert([...])
 6 APPPATH/Controllers/Seller_cntrl.php(1412): App\Models\Seller_mdl->insertcustomerdata([...])
 7 SYSTEMPATH/CodeIgniter.php(933): App\Controllers\Seller_cntrl->sellersavecustomer()
 8 SYSTEMPATH/CodeIgniter.php(509): CodeIgniter\CodeIgniter->runController(Object(App\Controllers\Seller_cntrl))
 9 SYSTEMPATH/CodeIgniter.php(355): CodeIgniter\CodeIgniter->handleRequest(null, Object(Config\Cache), false)
10 SYSTEMPATH/Boot.php(325): CodeIgniter\CodeIgniter->run()
11 SYSTEMPATH/Boot.php(67): CodeIgniter\Boot::runCodeIgniter(Object(CodeIgniter\CodeIgniter))
12 FCPATH/index.php(57): CodeIgniter\Boot::bootWeb(Object(Config\Paths))
INFO - 2024-12-09 06:07:31 --> Session: Class initialized using 'CodeIgniter\Session\Handlers\FileHandler' driver.
INFO - 2024-12-09 06:07:31 --> Session: Class initialized using 'CodeIgniter\Session\Handlers\FileHandler' driver.
INFO - 2024-12-09 06:07:32 --> Session: Class initialized using 'CodeIgniter\Session\Handlers\FileHandler' driver.
ERROR - 2024-12-09 06:07:32 --> mysqli_sql_exception: Cannot add or update a child row: a foreign key constraint fails (`havellslighting_partner`.`customer`, CONSTRAINT `custsellid` FOREIGN KEY (`sales_person_id`) REFERENCES `sales_person` (`sales_person_id`) ON DELETE RESTRICT ON UPDATE RESTRICT) in /home/havellslighting/public_html/partner/system/Database/MySQLi/Connection.php:312
Stack trace:
#0 /home/havellslighting/public_html/partner/system/Database/MySQLi/Connection.php(312): mysqli->query('INSERT INTO `cu...', 0)
#1 /home/havellslighting/public_html/partner/system/Database/BaseConnection.php(734): CodeIgniter\Database\MySQLi\Connection->execute('INSERT INTO `cu...')
#2 /home/havellslighting/public_html/partner/system/Database/BaseConnection.php(648): CodeIgniter\Database\BaseConnection->simpleQuery('INSERT INTO `cu...')
#3 /home/havellslighting/public_html/partner/system/Database/BaseBuilder.php(2340): CodeIgniter\Database\BaseConnection->query('INSERT INTO `cu...', Array, false)
#4 /home/havellslighting/public_html/partner/app/Models/Seller_mdl.php(318): CodeIgniter\Database\BaseBuilder->insert(Array)
#5 /home/havellslighting/public_html/partner/app/Controllers/Seller_cntrl.php(1412): App\Models\Seller_mdl->insertcustomerdata(Array)
#6 /home/havellslighting/public_html/partner/system/CodeIgniter.php(933): App\Controllers\Seller_cntrl->sellersavecustomer()
#7 /home/havellslighting/public_html/partner/system/CodeIgniter.php(509): CodeIgniter\CodeIgniter->runController(Object(App\Controllers\Seller_cntrl))
#8 /home/havellslighting/public_html/partner/system/CodeIgniter.php(355): CodeIgniter\CodeIgniter->handleRequest(NULL, Object(Config\Cache), false)
#9 /home/havellslighting/public_html/partner/system/Boot.php(325): CodeIgniter\CodeIgniter->run()
#10 /home/havellslighting/public_html/partner/system/Boot.php(67): CodeIgniter\Boot::runCodeIgniter(Object(CodeIgniter\CodeIgniter))
#11 /home/havellslighting/public_html/partner/index.php(57): CodeIgniter\Boot::bootWeb(Object(Config\Paths))
#12 {main}
CRITICAL - 2024-12-09 06:07:32 --> CodeIgniter\Database\Exceptions\DatabaseException: Cannot add or update a child row: a foreign key constraint fails (`havellslighting_partner`.`customer`, CONSTRAINT `custsellid` FOREIGN KEY (`sales_person_id`) REFERENCES `sales_person` (`sales_person_id`) ON DELETE RESTRICT ON UPDATE RESTRICT)
[Method: POST, Route: Seller/save-customer]
in SYSTEMPATH/Database/BaseConnection.php on line 688.
 1 SYSTEMPATH/Database/BaseBuilder.php(2340): CodeIgniter\Database\BaseConnection->query('INSERT INTO `customer` (`first_name`, `last_name`, `email`, `phone_number`, `description`, `status`, `customer_category_id`, `billing_address`, `billing_city`, `billing_state`, `billing_pincode`, `billing_phone_number`, `shipping_address`, `shipping_city`, `shipping_state`, `shipping_pincode`, `shipping_phone_number`) VALUES (:first_name:, :last_name:, :email:, :phone_number:, :description:, :status:, :customer_category_id:, :billing_address:, :billing_city:, :billing_state:, :billing_pincode:, :billing_phone_number:, :shipping_address:, :shipping_city:, :shipping_state:, :shipping_pincode:, :shipping_phone_number:)', [...], false)
 2 APPPATH/Models/Seller_mdl.php(318): CodeIgniter\Database\BaseBuilder->insert([...])
 3 APPPATH/Controllers/Seller_cntrl.php(1412): App\Models\Seller_mdl->insertcustomerdata([...])
 4 SYSTEMPATH/CodeIgniter.php(933): App\Controllers\Seller_cntrl->sellersavecustomer()
 5 SYSTEMPATH/CodeIgniter.php(509): CodeIgniter\CodeIgniter->runController(Object(App\Controllers\Seller_cntrl))
 6 SYSTEMPATH/CodeIgniter.php(355): CodeIgniter\CodeIgniter->handleRequest(null, Object(Config\Cache), false)
 7 SYSTEMPATH/Boot.php(325): CodeIgniter\CodeIgniter->run()
 8 SYSTEMPATH/Boot.php(67): CodeIgniter\Boot::runCodeIgniter(Object(CodeIgniter\CodeIgniter))
 9 FCPATH/index.php(57): CodeIgniter\Boot::bootWeb(Object(Config\Paths))
CRITICAL - 2024-12-09 06:07:32 --> [Caused by] CodeIgniter\Database\Exceptions\DatabaseException: Cannot add or update a child row: a foreign key constraint fails (`havellslighting_partner`.`customer`, CONSTRAINT `custsellid` FOREIGN KEY (`sales_person_id`) REFERENCES `sales_person` (`sales_person_id`) ON DELETE RESTRICT ON UPDATE RESTRICT)
in SYSTEMPATH/Database/MySQLi/Connection.php on line 317.
 1 SYSTEMPATH/Database/BaseConnection.php(734): CodeIgniter\Database\MySQLi\Connection->execute('INSERT INTO `customer` (`first_name`, `last_name`, `email`, `phone_number`, `description`, `status`, `customer_category_id`, `billing_address`, `billing_city`, `billing_state`, `billing_pincode`, `billing_phone_number`, `shipping_address`, `shipping_city`, `shipping_state`, `shipping_pincode`, `shipping_phone_number`) VALUES (\'1\', \'2\', \'bhavikrsuthar@gmail.com\', \'4\', \'5\', \'Inactive\', \'2\', \'b1\', \'b2\', \'b3\', \'b4\', \'b5\', \'s1\', \'s2\', \'s3\', \'s4\', \'s5\')')
 2 SYSTEMPATH/Database/BaseConnection.php(648): CodeIgniter\Database\BaseConnection->simpleQuery('INSERT INTO `customer` (`first_name`, `last_name`, `email`, `phone_number`, `description`, `status`, `customer_category_id`, `billing_address`, `billing_city`, `billing_state`, `billing_pincode`, `billing_phone_number`, `shipping_address`, `shipping_city`, `shipping_state`, `shipping_pincode`, `shipping_phone_number`) VALUES (\'1\', \'2\', \'bhavikrsuthar@gmail.com\', \'4\', \'5\', \'Inactive\', \'2\', \'b1\', \'b2\', \'b3\', \'b4\', \'b5\', \'s1\', \'s2\', \'s3\', \'s4\', \'s5\')')
 3 SYSTEMPATH/Database/BaseBuilder.php(2340): CodeIgniter\Database\BaseConnection->query('INSERT INTO `customer` (`first_name`, `last_name`, `email`, `phone_number`, `description`, `status`, `customer_category_id`, `billing_address`, `billing_city`, `billing_state`, `billing_pincode`, `billing_phone_number`, `shipping_address`, `shipping_city`, `shipping_state`, `shipping_pincode`, `shipping_phone_number`) VALUES (:first_name:, :last_name:, :email:, :phone_number:, :description:, :status:, :customer_category_id:, :billing_address:, :billing_city:, :billing_state:, :billing_pincode:, :billing_phone_number:, :shipping_address:, :shipping_city:, :shipping_state:, :shipping_pincode:, :shipping_phone_number:)', [...], false)
 4 APPPATH/Models/Seller_mdl.php(318): CodeIgniter\Database\BaseBuilder->insert([...])
 5 APPPATH/Controllers/Seller_cntrl.php(1412): App\Models\Seller_mdl->insertcustomerdata([...])
 6 SYSTEMPATH/CodeIgniter.php(933): App\Controllers\Seller_cntrl->sellersavecustomer()
 7 SYSTEMPATH/CodeIgniter.php(509): CodeIgniter\CodeIgniter->runController(Object(App\Controllers\Seller_cntrl))
 8 SYSTEMPATH/CodeIgniter.php(355): CodeIgniter\CodeIgniter->handleRequest(null, Object(Config\Cache), false)
 9 SYSTEMPATH/Boot.php(325): CodeIgniter\CodeIgniter->run()
10 SYSTEMPATH/Boot.php(67): CodeIgniter\Boot::runCodeIgniter(Object(CodeIgniter\CodeIgniter))
11 FCPATH/index.php(57): CodeIgniter\Boot::bootWeb(Object(Config\Paths))
CRITICAL - 2024-12-09 06:07:32 --> [Caused by] mysqli_sql_exception: Cannot add or update a child row: a foreign key constraint fails (`havellslighting_partner`.`customer`, CONSTRAINT `custsellid` FOREIGN KEY (`sales_person_id`) REFERENCES `sales_person` (`sales_person_id`) ON DELETE RESTRICT ON UPDATE RESTRICT)
in SYSTEMPATH/Database/MySQLi/Connection.php on line 312.
 1 SYSTEMPATH/Database/MySQLi/Connection.php(312): mysqli->query('INSERT INTO `customer` (`first_name`, `last_name`, `email`, `phone_number`, `description`, `status`, `customer_category_id`, `billing_address`, `billing_city`, `billing_state`, `billing_pincode`, `billing_phone_number`, `shipping_address`, `shipping_city`, `shipping_state`, `shipping_pincode`, `shipping_phone_number`) VALUES (\'1\', \'2\', \'bhavikrsuthar@gmail.com\', \'4\', \'5\', \'Inactive\', \'2\', \'b1\', \'b2\', \'b3\', \'b4\', \'b5\', \'s1\', \'s2\', \'s3\', \'s4\', \'s5\')', 0)
 2 SYSTEMPATH/Database/BaseConnection.php(734): CodeIgniter\Database\MySQLi\Connection->execute('INSERT INTO `customer` (`first_name`, `last_name`, `email`, `phone_number`, `description`, `status`, `customer_category_id`, `billing_address`, `billing_city`, `billing_state`, `billing_pincode`, `billing_phone_number`, `shipping_address`, `shipping_city`, `shipping_state`, `shipping_pincode`, `shipping_phone_number`) VALUES (\'1\', \'2\', \'bhavikrsuthar@gmail.com\', \'4\', \'5\', \'Inactive\', \'2\', \'b1\', \'b2\', \'b3\', \'b4\', \'b5\', \'s1\', \'s2\', \'s3\', \'s4\', \'s5\')')
 3 SYSTEMPATH/Database/BaseConnection.php(648): CodeIgniter\Database\BaseConnection->simpleQuery('INSERT INTO `customer` (`first_name`, `last_name`, `email`, `phone_number`, `description`, `status`, `customer_category_id`, `billing_address`, `billing_city`, `billing_state`, `billing_pincode`, `billing_phone_number`, `shipping_address`, `shipping_city`, `shipping_state`, `shipping_pincode`, `shipping_phone_number`) VALUES (\'1\', \'2\', \'bhavikrsuthar@gmail.com\', \'4\', \'5\', \'Inactive\', \'2\', \'b1\', \'b2\', \'b3\', \'b4\', \'b5\', \'s1\', \'s2\', \'s3\', \'s4\', \'s5\')')
 4 SYSTEMPATH/Database/BaseBuilder.php(2340): CodeIgniter\Database\BaseConnection->query('INSERT INTO `customer` (`first_name`, `last_name`, `email`, `phone_number`, `description`, `status`, `customer_category_id`, `billing_address`, `billing_city`, `billing_state`, `billing_pincode`, `billing_phone_number`, `shipping_address`, `shipping_city`, `shipping_state`, `shipping_pincode`, `shipping_phone_number`) VALUES (:first_name:, :last_name:, :email:, :phone_number:, :description:, :status:, :customer_category_id:, :billing_address:, :billing_city:, :billing_state:, :billing_pincode:, :billing_phone_number:, :shipping_address:, :shipping_city:, :shipping_state:, :shipping_pincode:, :shipping_phone_number:)', [...], false)
 5 APPPATH/Models/Seller_mdl.php(318): CodeIgniter\Database\BaseBuilder->insert([...])
 6 APPPATH/Controllers/Seller_cntrl.php(1412): App\Models\Seller_mdl->insertcustomerdata([...])
 7 SYSTEMPATH/CodeIgniter.php(933): App\Controllers\Seller_cntrl->sellersavecustomer()
 8 SYSTEMPATH/CodeIgniter.php(509): CodeIgniter\CodeIgniter->runController(Object(App\Controllers\Seller_cntrl))
 9 SYSTEMPATH/CodeIgniter.php(355): CodeIgniter\CodeIgniter->handleRequest(null, Object(Config\Cache), false)
10 SYSTEMPATH/Boot.php(325): CodeIgniter\CodeIgniter->run()
11 SYSTEMPATH/Boot.php(67): CodeIgniter\Boot::runCodeIgniter(Object(CodeIgniter\CodeIgniter))
12 FCPATH/index.php(57): CodeIgniter\Boot::bootWeb(Object(Config\Paths))
INFO - 2024-12-09 06:09:48 --> Session: Class initialized using 'CodeIgniter\Session\Handlers\FileHandler' driver.
ERROR - 2024-12-09 06:09:48 --> mysqli_sql_exception: Cannot add or update a child row: a foreign key constraint fails (`havellslighting_partner`.`customer`, CONSTRAINT `custsellid` FOREIGN KEY (`sales_person_id`) REFERENCES `sales_person` (`sales_person_id`) ON DELETE RESTRICT ON UPDATE RESTRICT) in /home/havellslighting/public_html/partner/system/Database/MySQLi/Connection.php:312
Stack trace:
#0 /home/havellslighting/public_html/partner/system/Database/MySQLi/Connection.php(312): mysqli->query('INSERT INTO `cu...', 0)
#1 /home/havellslighting/public_html/partner/system/Database/BaseConnection.php(734): CodeIgniter\Database\MySQLi\Connection->execute('INSERT INTO `cu...')
#2 /home/havellslighting/public_html/partner/system/Database/BaseConnection.php(648): CodeIgniter\Database\BaseConnection->simpleQuery('INSERT INTO `cu...')
#3 /home/havellslighting/public_html/partner/system/Database/BaseBuilder.php(2340): CodeIgniter\Database\BaseConnection->query('INSERT INTO `cu...', Array, false)
#4 /home/havellslighting/public_html/partner/app/Models/Seller_mdl.php(318): CodeIgniter\Database\BaseBuilder->insert(Array)
#5 /home/havellslighting/public_html/partner/app/Controllers/Seller_cntrl.php(1414): App\Models\Seller_mdl->insertcustomerdata(Array)
#6 /home/havellslighting/public_html/partner/system/CodeIgniter.php(933): App\Controllers\Seller_cntrl->sellersavecustomer()
#7 /home/havellslighting/public_html/partner/system/CodeIgniter.php(509): CodeIgniter\CodeIgniter->runController(Object(App\Controllers\Seller_cntrl))
#8 /home/havellslighting/public_html/partner/system/CodeIgniter.php(355): CodeIgniter\CodeIgniter->handleRequest(NULL, Object(Config\Cache), false)
#9 /home/havellslighting/public_html/partner/system/Boot.php(325): CodeIgniter\CodeIgniter->run()
#10 /home/havellslighting/public_html/partner/system/Boot.php(67): CodeIgniter\Boot::runCodeIgniter(Object(CodeIgniter\CodeIgniter))
#11 /home/havellslighting/public_html/partner/index.php(57): CodeIgniter\Boot::bootWeb(Object(Config\Paths))
#12 {main}
CRITICAL - 2024-12-09 06:09:48 --> CodeIgniter\Database\Exceptions\DatabaseException: Cannot add or update a child row: a foreign key constraint fails (`havellslighting_partner`.`customer`, CONSTRAINT `custsellid` FOREIGN KEY (`sales_person_id`) REFERENCES `sales_person` (`sales_person_id`) ON DELETE RESTRICT ON UPDATE RESTRICT)
[Method: POST, Route: Seller/save-customer]
in SYSTEMPATH/Database/BaseConnection.php on line 688.
 1 SYSTEMPATH/Database/BaseBuilder.php(2340): CodeIgniter\Database\BaseConnection->query('INSERT INTO `customer` (`first_name`, `last_name`, `email`, `phone_number`, `description`, `status`, `customer_category_id`, `billing_address`, `billing_city`, `billing_state`, `billing_pincode`, `billing_phone_number`, `shipping_address`, `shipping_city`, `shipping_state`, `shipping_pincode`, `shipping_phone_number`, `created_by_user`, `created_by_userid`) VALUES (:first_name:, :last_name:, :email:, :phone_number:, :description:, :status:, :customer_category_id:, :billing_address:, :billing_city:, :billing_state:, :billing_pincode:, :billing_phone_number:, :shipping_address:, :shipping_city:, :shipping_state:, :shipping_pincode:, :shipping_phone_number:, :created_by_user:, :created_by_userid:)', [...], false)
 2 APPPATH/Models/Seller_mdl.php(318): CodeIgniter\Database\BaseBuilder->insert([...])
 3 APPPATH/Controllers/Seller_cntrl.php(1414): App\Models\Seller_mdl->insertcustomerdata([...])
 4 SYSTEMPATH/CodeIgniter.php(933): App\Controllers\Seller_cntrl->sellersavecustomer()
 5 SYSTEMPATH/CodeIgniter.php(509): CodeIgniter\CodeIgniter->runController(Object(App\Controllers\Seller_cntrl))
 6 SYSTEMPATH/CodeIgniter.php(355): CodeIgniter\CodeIgniter->handleRequest(null, Object(Config\Cache), false)
 7 SYSTEMPATH/Boot.php(325): CodeIgniter\CodeIgniter->run()
 8 SYSTEMPATH/Boot.php(67): CodeIgniter\Boot::runCodeIgniter(Object(CodeIgniter\CodeIgniter))
 9 FCPATH/index.php(57): CodeIgniter\Boot::bootWeb(Object(Config\Paths))
CRITICAL - 2024-12-09 06:09:48 --> [Caused by] CodeIgniter\Database\Exceptions\DatabaseException: Cannot add or update a child row: a foreign key constraint fails (`havellslighting_partner`.`customer`, CONSTRAINT `custsellid` FOREIGN KEY (`sales_person_id`) REFERENCES `sales_person` (`sales_person_id`) ON DELETE RESTRICT ON UPDATE RESTRICT)
in SYSTEMPATH/Database/MySQLi/Connection.php on line 317.
 1 SYSTEMPATH/Database/BaseConnection.php(734): CodeIgniter\Database\MySQLi\Connection->execute('INSERT INTO `customer` (`first_name`, `last_name`, `email`, `phone_number`, `description`, `status`, `customer_category_id`, `billing_address`, `billing_city`, `billing_state`, `billing_pincode`, `billing_phone_number`, `shipping_address`, `shipping_city`, `shipping_state`, `shipping_pincode`, `shipping_phone_number`, `created_by_user`, `created_by_userid`) VALUES (\'1\', \'2\', \'bhavikrsuthar@gmail.com\', \'4\', \'5\', \'Inactive\', \'2\', \'b1\', \'b2\', \'b3\', \'b4\', \'b5\', \'s1\', \'s2\', \'s3\', \'s4\', \'s5\', \'sales_person\', \'1\')')
 2 SYSTEMPATH/Database/BaseConnection.php(648): CodeIgniter\Database\BaseConnection->simpleQuery('INSERT INTO `customer` (`first_name`, `last_name`, `email`, `phone_number`, `description`, `status`, `customer_category_id`, `billing_address`, `billing_city`, `billing_state`, `billing_pincode`, `billing_phone_number`, `shipping_address`, `shipping_city`, `shipping_state`, `shipping_pincode`, `shipping_phone_number`, `created_by_user`, `created_by_userid`) VALUES (\'1\', \'2\', \'bhavikrsuthar@gmail.com\', \'4\', \'5\', \'Inactive\', \'2\', \'b1\', \'b2\', \'b3\', \'b4\', \'b5\', \'s1\', \'s2\', \'s3\', \'s4\', \'s5\', \'sales_person\', \'1\')')
 3 SYSTEMPATH/Database/BaseBuilder.php(2340): CodeIgniter\Database\BaseConnection->query('INSERT INTO `customer` (`first_name`, `last_name`, `email`, `phone_number`, `description`, `status`, `customer_category_id`, `billing_address`, `billing_city`, `billing_state`, `billing_pincode`, `billing_phone_number`, `shipping_address`, `shipping_city`, `shipping_state`, `shipping_pincode`, `shipping_phone_number`, `created_by_user`, `created_by_userid`) VALUES (:first_name:, :last_name:, :email:, :phone_number:, :description:, :status:, :customer_category_id:, :billing_address:, :billing_city:, :billing_state:, :billing_pincode:, :billing_phone_number:, :shipping_address:, :shipping_city:, :shipping_state:, :shipping_pincode:, :shipping_phone_number:, :created_by_user:, :created_by_userid:)', [...], false)
 4 APPPATH/Models/Seller_mdl.php(318): CodeIgniter\Database\BaseBuilder->insert([...])
 5 APPPATH/Controllers/Seller_cntrl.php(1414): App\Models\Seller_mdl->insertcustomerdata([...])
 6 SYSTEMPATH/CodeIgniter.php(933): App\Controllers\Seller_cntrl->sellersavecustomer()
 7 SYSTEMPATH/CodeIgniter.php(509): CodeIgniter\CodeIgniter->runController(Object(App\Controllers\Seller_cntrl))
 8 SYSTEMPATH/CodeIgniter.php(355): CodeIgniter\CodeIgniter->handleRequest(null, Object(Config\Cache), false)
 9 SYSTEMPATH/Boot.php(325): CodeIgniter\CodeIgniter->run()
10 SYSTEMPATH/Boot.php(67): CodeIgniter\Boot::runCodeIgniter(Object(CodeIgniter\CodeIgniter))
11 FCPATH/index.php(57): CodeIgniter\Boot::bootWeb(Object(Config\Paths))
CRITICAL - 2024-12-09 06:09:48 --> [Caused by] mysqli_sql_exception: Cannot add or update a child row: a foreign key constraint fails (`havellslighting_partner`.`customer`, CONSTRAINT `custsellid` FOREIGN KEY (`sales_person_id`) REFERENCES `sales_person` (`sales_person_id`) ON DELETE RESTRICT ON UPDATE RESTRICT)
in SYSTEMPATH/Database/MySQLi/Connection.php on line 312.
 1 SYSTEMPATH/Database/MySQLi/Connection.php(312): mysqli->query('INSERT INTO `customer` (`first_name`, `last_name`, `email`, `phone_number`, `description`, `status`, `customer_category_id`, `billing_address`, `billing_city`, `billing_state`, `billing_pincode`, `billing_phone_number`, `shipping_address`, `shipping_city`, `shipping_state`, `shipping_pincode`, `shipping_phone_number`, `created_by_user`, `created_by_userid`) VALUES (\'1\', \'2\', \'bhavikrsuthar@gmail.com\', \'4\', \'5\', \'Inactive\', \'2\', \'b1\', \'b2\', \'b3\', \'b4\', \'b5\', \'s1\', \'s2\', \'s3\', \'s4\', \'s5\', \'sales_person\', \'1\')', 0)
 2 SYSTEMPATH/Database/BaseConnection.php(734): CodeIgniter\Database\MySQLi\Connection->execute('INSERT INTO `customer` (`first_name`, `last_name`, `email`, `phone_number`, `description`, `status`, `customer_category_id`, `billing_address`, `billing_city`, `billing_state`, `billing_pincode`, `billing_phone_number`, `shipping_address`, `shipping_city`, `shipping_state`, `shipping_pincode`, `shipping_phone_number`, `created_by_user`, `created_by_userid`) VALUES (\'1\', \'2\', \'bhavikrsuthar@gmail.com\', \'4\', \'5\', \'Inactive\', \'2\', \'b1\', \'b2\', \'b3\', \'b4\', \'b5\', \'s1\', \'s2\', \'s3\', \'s4\', \'s5\', \'sales_person\', \'1\')')
 3 SYSTEMPATH/Database/BaseConnection.php(648): CodeIgniter\Database\BaseConnection->simpleQuery('INSERT INTO `customer` (`first_name`, `last_name`, `email`, `phone_number`, `description`, `status`, `customer_category_id`, `billing_address`, `billing_city`, `billing_state`, `billing_pincode`, `billing_phone_number`, `shipping_address`, `shipping_city`, `shipping_state`, `shipping_pincode`, `shipping_phone_number`, `created_by_user`, `created_by_userid`) VALUES (\'1\', \'2\', \'bhavikrsuthar@gmail.com\', \'4\', \'5\', \'Inactive\', \'2\', \'b1\', \'b2\', \'b3\', \'b4\', \'b5\', \'s1\', \'s2\', \'s3\', \'s4\', \'s5\', \'sales_person\', \'1\')')
 4 SYSTEMPATH/Database/BaseBuilder.php(2340): CodeIgniter\Database\BaseConnection->query('INSERT INTO `customer` (`first_name`, `last_name`, `email`, `phone_number`, `description`, `status`, `customer_category_id`, `billing_address`, `billing_city`, `billing_state`, `billing_pincode`, `billing_phone_number`, `shipping_address`, `shipping_city`, `shipping_state`, `shipping_pincode`, `shipping_phone_number`, `created_by_user`, `created_by_userid`) VALUES (:first_name:, :last_name:, :email:, :phone_number:, :description:, :status:, :customer_category_id:, :billing_address:, :billing_city:, :billing_state:, :billing_pincode:, :billing_phone_number:, :shipping_address:, :shipping_city:, :shipping_state:, :shipping_pincode:, :shipping_phone_number:, :created_by_user:, :created_by_userid:)', [...], false)
 5 APPPATH/Models/Seller_mdl.php(318): CodeIgniter\Database\BaseBuilder->insert([...])
 6 APPPATH/Controllers/Seller_cntrl.php(1414): App\Models\Seller_mdl->insertcustomerdata([...])
 7 SYSTEMPATH/CodeIgniter.php(933): App\Controllers\Seller_cntrl->sellersavecustomer()
 8 SYSTEMPATH/CodeIgniter.php(509): CodeIgniter\CodeIgniter->runController(Object(App\Controllers\Seller_cntrl))
 9 SYSTEMPATH/CodeIgniter.php(355): CodeIgniter\CodeIgniter->handleRequest(null, Object(Config\Cache), false)
10 SYSTEMPATH/Boot.php(325): CodeIgniter\CodeIgniter->run()
11 SYSTEMPATH/Boot.php(67): CodeIgniter\Boot::runCodeIgniter(Object(CodeIgniter\CodeIgniter))
12 FCPATH/index.php(57): CodeIgniter\Boot::bootWeb(Object(Config\Paths))
INFO - 2024-12-09 06:11:09 --> Session: Class initialized using 'CodeIgniter\Session\Handlers\FileHandler' driver.
INFO - 2024-12-09 06:11:19 --> Session: Class initialized using 'CodeIgniter\Session\Handlers\FileHandler' driver.
INFO - 2024-12-09 06:12:54 --> Session: Class initialized using 'CodeIgniter\Session\Handlers\FileHandler' driver.
INFO - 2024-12-09 06:13:12 --> Session: Class initialized using 'CodeIgniter\Session\Handlers\FileHandler' driver.
INFO - 2024-12-09 06:13:13 --> Session: Class initialized using 'CodeIgniter\Session\Handlers\FileHandler' driver.
INFO - 2024-12-09 06:20:19 --> Session: Class initialized using 'CodeIgniter\Session\Handlers\FileHandler' driver.
INFO - 2024-12-09 06:20:23 --> Session: Class initialized using 'CodeIgniter\Session\Handlers\FileHandler' driver.
INFO - 2024-12-09 06:21:28 --> Session: Class initialized using 'CodeIgniter\Session\Handlers\FileHandler' driver.
INFO - 2024-12-09 06:21:30 --> Session: Class initialized using 'CodeIgniter\Session\Handlers\FileHandler' driver.
INFO - 2024-12-09 06:21:37 --> Session: Class initialized using 'CodeIgniter\Session\Handlers\FileHandler' driver.
INFO - 2024-12-09 06:22:19 --> Session: Class initialized using 'CodeIgniter\Session\Handlers\FileHandler' driver.
INFO - 2024-12-09 06:38:14 --> Session: Class initialized using 'CodeIgniter\Session\Handlers\FileHandler' driver.
INFO - 2024-12-09 06:39:07 --> Session: Class initialized using 'CodeIgniter\Session\Handlers\FileHandler' driver.
INFO - 2024-12-09 06:39:08 --> Session: Class initialized using 'CodeIgniter\Session\Handlers\FileHandler' driver.
CRITICAL - 2024-12-09 06:40:43 --> ParseError: syntax error, unexpected double-quote mark, expecting ")"
[Method: POST, Route: Seller/save-send-customer]
in APPPATH/Controllers/Seller_cntrl.php on line 1537.
 1 SYSTEMPATH/Autoloader/Autoloader.php(296): CodeIgniter\Autoloader\Autoloader->includeFile('/home/havellslighting/public_html/partner/app/Controllers/Seller_cntrl.php')
 2 SYSTEMPATH/Autoloader/Autoloader.php(272): CodeIgniter\Autoloader\Autoloader->loadInNamespace('App\\Controllers\\Seller_cntrl')
 3 [internal function]: CodeIgniter\Autoloader\Autoloader->loadClass('App\\Controllers\\Seller_cntrl')
 4 SYSTEMPATH/CodeIgniter.php(887): class_exists('\\App\\Controllers\\Seller_cntrl', true)
 5 SYSTEMPATH/CodeIgniter.php(496): CodeIgniter\CodeIgniter->startController()
 6 SYSTEMPATH/CodeIgniter.php(355): CodeIgniter\CodeIgniter->handleRequest(null, Object(Config\Cache), false)
 7 SYSTEMPATH/Boot.php(325): CodeIgniter\CodeIgniter->run()
 8 SYSTEMPATH/Boot.php(67): CodeIgniter\Boot::runCodeIgniter(Object(CodeIgniter\CodeIgniter))
 9 FCPATH/index.php(57): CodeIgniter\Boot::bootWeb(Object(Config\Paths))
INFO - 2024-12-09 06:42:38 --> Session: Class initialized using 'CodeIgniter\Session\Handlers\FileHandler' driver.
INFO - 2024-12-09 06:42:40 --> Session: Class initialized using 'CodeIgniter\Session\Handlers\FileHandler' driver.
INFO - 2024-12-09 06:44:55 --> Session: Class initialized using 'CodeIgniter\Session\Handlers\FileHandler' driver.
INFO - 2024-12-09 06:45:15 --> Session: Class initialized using 'CodeIgniter\Session\Handlers\FileHandler' driver.
INFO - 2024-12-09 06:45:17 --> Session: Class initialized using 'CodeIgniter\Session\Handlers\FileHandler' driver.
INFO - 2024-12-09 06:54:24 --> Session: Class initialized using 'CodeIgniter\Session\Handlers\FileHandler' driver.
INFO - 2024-12-09 06:54:27 --> Session: Class initialized using 'CodeIgniter\Session\Handlers\FileHandler' driver.
INFO - 2024-12-09 06:54:44 --> Session: Class initialized using 'CodeIgniter\Session\Handlers\FileHandler' driver.
INFO - 2024-12-09 06:54:48 --> Session: Class initialized using 'CodeIgniter\Session\Handlers\FileHandler' driver.
INFO - 2024-12-09 06:54:48 --> Session: Class initialized using 'CodeIgniter\Session\Handlers\FileHandler' driver.
INFO - 2024-12-09 06:54:50 --> Session: Class initialized using 'CodeIgniter\Session\Handlers\FileHandler' driver.
INFO - 2024-12-09 06:55:06 --> Session: Class initialized using 'CodeIgniter\Session\Handlers\FileHandler' driver.
INFO - 2024-12-09 06:56:37 --> Session: Class initialized using 'CodeIgniter\Session\Handlers\FileHandler' driver.
INFO - 2024-12-09 06:56:49 --> Session: Class initialized using 'CodeIgniter\Session\Handlers\FileHandler' driver.
INFO - 2024-12-09 06:57:38 --> Session: Class initialized using 'CodeIgniter\Session\Handlers\FileHandler' driver.
INFO - 2024-12-09 07:01:38 --> Session: Class initialized using 'CodeIgniter\Session\Handlers\FileHandler' driver.
INFO - 2024-12-09 07:01:48 --> Session: Class initialized using 'CodeIgniter\Session\Handlers\FileHandler' driver.
INFO - 2024-12-09 08:30:01 --> Session: Class initialized using 'CodeIgniter\Session\Handlers\FileHandler' driver.
INFO - 2024-12-09 08:35:33 --> Session: Class initialized using 'CodeIgniter\Session\Handlers\FileHandler' driver.
INFO - 2024-12-09 08:41:10 --> Session: Class initialized using 'CodeIgniter\Session\Handlers\FileHandler' driver.
INFO - 2024-12-09 08:41:58 --> Session: Class initialized using 'CodeIgniter\Session\Handlers\FileHandler' driver.
INFO - 2024-12-09 08:42:08 --> Session: Class initialized using 'CodeIgniter\Session\Handlers\FileHandler' driver.
INFO - 2024-12-09 08:56:28 --> Session: Class initialized using 'CodeIgniter\Session\Handlers\FileHandler' driver.
INFO - 2024-12-09 08:57:04 --> Session: Class initialized using 'CodeIgniter\Session\Handlers\FileHandler' driver.
INFO - 2024-12-09 09:09:13 --> Session: Class initialized using 'CodeIgniter\Session\Handlers\FileHandler' driver.
INFO - 2024-12-09 09:16:20 --> Session: Class initialized using 'CodeIgniter\Session\Handlers\FileHandler' driver.
INFO - 2024-12-09 09:19:18 --> Session: Class initialized using 'CodeIgniter\Session\Handlers\FileHandler' driver.
INFO - 2024-12-09 09:19:21 --> Session: Class initialized using 'CodeIgniter\Session\Handlers\FileHandler' driver.
INFO - 2024-12-09 09:22:45 --> Session: Class initialized using 'CodeIgniter\Session\Handlers\FileHandler' driver.
INFO - 2024-12-09 09:25:12 --> Session: Class initialized using 'CodeIgniter\Session\Handlers\FileHandler' driver.
INFO - 2024-12-09 09:54:40 --> Session: Class initialized using 'CodeIgniter\Session\Handlers\FileHandler' driver.
INFO - 2024-12-09 09:54:52 --> Session: Class initialized using 'CodeIgniter\Session\Handlers\FileHandler' driver.
INFO - 2024-12-09 09:54:53 --> Session: Class initialized using 'CodeIgniter\Session\Handlers\FileHandler' driver.
INFO - 2024-12-09 09:55:09 --> Session: Class initialized using 'CodeIgniter\Session\Handlers\FileHandler' driver.
INFO - 2024-12-09 10:05:33 --> Session: Class initialized using 'CodeIgniter\Session\Handlers\FileHandler' driver.
INFO - 2024-12-09 10:05:45 --> Session: Class initialized using 'CodeIgniter\Session\Handlers\FileHandler' driver.
INFO - 2024-12-09 10:05:50 --> Session: Class initialized using 'CodeIgniter\Session\Handlers\FileHandler' driver.
INFO - 2024-12-09 10:05:51 --> Session: Class initialized using 'CodeIgniter\Session\Handlers\FileHandler' driver.
INFO - 2024-12-09 10:06:25 --> Session: Class initialized using 'CodeIgniter\Session\Handlers\FileHandler' driver.
INFO - 2024-12-09 10:07:35 --> Session: Class initialized using 'CodeIgniter\Session\Handlers\FileHandler' driver.
INFO - 2024-12-09 10:07:42 --> Session: Class initialized using 'CodeIgniter\Session\Handlers\FileHandler' driver.
INFO - 2024-12-09 10:07:50 --> Session: Class initialized using 'CodeIgniter\Session\Handlers\FileHandler' driver.
INFO - 2024-12-09 10:07:52 --> Session: Class initialized using 'CodeIgniter\Session\Handlers\FileHandler' driver.
INFO - 2024-12-09 10:08:01 --> Session: Class initialized using 'CodeIgniter\Session\Handlers\FileHandler' driver.
INFO - 2024-12-09 10:08:43 --> Session: Class initialized using 'CodeIgniter\Session\Handlers\FileHandler' driver.
INFO - 2024-12-09 10:08:51 --> Session: Class initialized using 'CodeIgniter\Session\Handlers\FileHandler' driver.
INFO - 2024-12-09 10:08:56 --> Session: Class initialized using 'CodeIgniter\Session\Handlers\FileHandler' driver.
INFO - 2024-12-09 10:09:03 --> Session: Class initialized using 'CodeIgniter\Session\Handlers\FileHandler' driver.
INFO - 2024-12-09 10:09:08 --> Session: Class initialized using 'CodeIgniter\Session\Handlers\FileHandler' driver.
INFO - 2024-12-09 10:09:24 --> Session: Class initialized using 'CodeIgniter\Session\Handlers\FileHandler' driver.
INFO - 2024-12-09 10:09:32 --> Session: Class initialized using 'CodeIgniter\Session\Handlers\FileHandler' driver.
INFO - 2024-12-09 10:09:58 --> Session: Class initialized using 'CodeIgniter\Session\Handlers\FileHandler' driver.
INFO - 2024-12-09 10:13:17 --> Session: Class initialized using 'CodeIgniter\Session\Handlers\FileHandler' driver.
INFO - 2024-12-09 10:13:20 --> Session: Class initialized using 'CodeIgniter\Session\Handlers\FileHandler' driver.
INFO - 2024-12-09 10:13:28 --> Session: Class initialized using 'CodeIgniter\Session\Handlers\FileHandler' driver.
INFO - 2024-12-09 10:13:34 --> Session: Class initialized using 'CodeIgniter\Session\Handlers\FileHandler' driver.
INFO - 2024-12-09 10:13:40 --> Session: Class initialized using 'CodeIgniter\Session\Handlers\FileHandler' driver.
INFO - 2024-12-09 10:13:45 --> Session: Class initialized using 'CodeIgniter\Session\Handlers\FileHandler' driver.
INFO - 2024-12-09 10:14:27 --> Session: Class initialized using 'CodeIgniter\Session\Handlers\FileHandler' driver.
INFO - 2024-12-09 10:18:43 --> Session: Class initialized using 'CodeIgniter\Session\Handlers\FileHandler' driver.
INFO - 2024-12-09 10:18:49 --> Session: Class initialized using 'CodeIgniter\Session\Handlers\FileHandler' driver.
CRITICAL - 2024-12-09 10:18:49 --> ErrorException: Undefined variable $custocate
[Method: GET, Route: Seller/edit-customer/24]
in APPPATH/Views/salesperson/edit-customer.php on line 56.
 1 APPPATH/Views/salesperson/edit-customer.php(56): CodeIgniter\Debug\Exceptions->errorHandler(2, 'Undefined variable $custocate', '/home/havellslighting/public_html/partner/app/Views/salesperson/edit-customer.php', 56)
 2 SYSTEMPATH/View/View.php(234): include('/home/havellslighting/public_html/partner/app/Views/salesperson/edit-customer.php')
 3 SYSTEMPATH/View/View.php(237): CodeIgniter\View\View->CodeIgniter\View\{closure}()
 4 SYSTEMPATH/Common.php(1171): CodeIgniter\View\View->render('/salesperson/edit-customer', [], true)
 5 APPPATH/Controllers/Seller_cntrl.php(1614): view('/salesperson/edit-customer', [...])
 6 SYSTEMPATH/CodeIgniter.php(933): App\Controllers\Seller_cntrl->editcustomer('24')
 7 SYSTEMPATH/CodeIgniter.php(509): CodeIgniter\CodeIgniter->runController(Object(App\Controllers\Seller_cntrl))
 8 SYSTEMPATH/CodeIgniter.php(355): CodeIgniter\CodeIgniter->handleRequest(null, Object(Config\Cache), false)
 9 SYSTEMPATH/Boot.php(325): CodeIgniter\CodeIgniter->run()
10 SYSTEMPATH/Boot.php(67): CodeIgniter\Boot::runCodeIgniter(Object(CodeIgniter\CodeIgniter))
11 FCPATH/index.php(57): CodeIgniter\Boot::bootWeb(Object(Config\Paths))
INFO - 2024-12-09 10:19:19 --> Session: Class initialized using 'CodeIgniter\Session\Handlers\FileHandler' driver.
INFO - 2024-12-09 10:19:23 --> Session: Class initialized using 'CodeIgniter\Session\Handlers\FileHandler' driver.
INFO - 2024-12-09 10:19:27 --> Session: Class initialized using 'CodeIgniter\Session\Handlers\FileHandler' driver.
INFO - 2024-12-09 10:19:32 --> Session: Class initialized using 'CodeIgniter\Session\Handlers\FileHandler' driver.
INFO - 2024-12-09 10:19:38 --> Session: Class initialized using 'CodeIgniter\Session\Handlers\FileHandler' driver.
INFO - 2024-12-09 10:24:26 --> Session: Class initialized using 'CodeIgniter\Session\Handlers\FileHandler' driver.
INFO - 2024-12-09 10:31:57 --> Session: Class initialized using 'CodeIgniter\Session\Handlers\FileHandler' driver.
CRITICAL - 2024-12-09 10:31:57 --> ErrorException: Undefined variable $custocate
[Method: GET, Route: Seller/edit-customer/24]
in APPPATH/Views/salesperson/edit-customer.php on line 56.
 1 APPPATH/Views/salesperson/edit-customer.php(56): CodeIgniter\Debug\Exceptions->errorHandler(2, 'Undefined variable $custocate', '/home/havellslighting/public_html/partner/app/Views/salesperson/edit-customer.php', 56)
 2 SYSTEMPATH/View/View.php(234): include('/home/havellslighting/public_html/partner/app/Views/salesperson/edit-customer.php')
 3 SYSTEMPATH/View/View.php(237): CodeIgniter\View\View->CodeIgniter\View\{closure}()
 4 SYSTEMPATH/Common.php(1171): CodeIgniter\View\View->render('/salesperson/edit-customer', [], true)
 5 APPPATH/Controllers/Seller_cntrl.php(1614): view('/salesperson/edit-customer', [...])
 6 SYSTEMPATH/CodeIgniter.php(933): App\Controllers\Seller_cntrl->editcustomer('24')
 7 SYSTEMPATH/CodeIgniter.php(509): CodeIgniter\CodeIgniter->runController(Object(App\Controllers\Seller_cntrl))
 8 SYSTEMPATH/CodeIgniter.php(355): CodeIgniter\CodeIgniter->handleRequest(null, Object(Config\Cache), false)
 9 SYSTEMPATH/Boot.php(325): CodeIgniter\CodeIgniter->run()
10 SYSTEMPATH/Boot.php(67): CodeIgniter\Boot::runCodeIgniter(Object(CodeIgniter\CodeIgniter))
11 FCPATH/index.php(57): CodeIgniter\Boot::bootWeb(Object(Config\Paths))
INFO - 2024-12-09 10:32:50 --> Session: Class initialized using 'CodeIgniter\Session\Handlers\FileHandler' driver.
CRITICAL - 2024-12-09 10:32:50 --> ErrorException: Undefined variable $custocate
[Method: GET, Route: Seller/edit-customer/24]
in APPPATH/Views/salesperson/edit-customer.php on line 56.
 1 APPPATH/Views/salesperson/edit-customer.php(56): CodeIgniter\Debug\Exceptions->errorHandler(2, 'Undefined variable $custocate', '/home/havellslighting/public_html/partner/app/Views/salesperson/edit-customer.php', 56)
 2 SYSTEMPATH/View/View.php(234): include('/home/havellslighting/public_html/partner/app/Views/salesperson/edit-customer.php')
 3 SYSTEMPATH/View/View.php(237): CodeIgniter\View\View->CodeIgniter\View\{closure}()
 4 SYSTEMPATH/Common.php(1171): CodeIgniter\View\View->render('/salesperson/edit-customer', [], true)
 5 APPPATH/Controllers/Seller_cntrl.php(1614): view('/salesperson/edit-customer', [...])
 6 SYSTEMPATH/CodeIgniter.php(933): App\Controllers\Seller_cntrl->editcustomer('24')
 7 SYSTEMPATH/CodeIgniter.php(509): CodeIgniter\CodeIgniter->runController(Object(App\Controllers\Seller_cntrl))
 8 SYSTEMPATH/CodeIgniter.php(355): CodeIgniter\CodeIgniter->handleRequest(null, Object(Config\Cache), false)
 9 SYSTEMPATH/Boot.php(325): CodeIgniter\CodeIgniter->run()
10 SYSTEMPATH/Boot.php(67): CodeIgniter\Boot::runCodeIgniter(Object(CodeIgniter\CodeIgniter))
11 FCPATH/index.php(57): CodeIgniter\Boot::bootWeb(Object(Config\Paths))
INFO - 2024-12-09 10:33:29 --> Session: Class initialized using 'CodeIgniter\Session\Handlers\FileHandler' driver.
CRITICAL - 2024-12-09 10:33:29 --> ErrorException: Undefined array key "customer_category_id"
[Method: GET, Route: Seller/edit-customer/24]
in APPPATH/Views/salesperson/edit-customer.php on line 57.
 1 APPPATH/Views/salesperson/edit-customer.php(57): CodeIgniter\Debug\Exceptions->errorHandler(2, 'Undefined array key "customer_category_id"', '/home/havellslighting/public_html/partner/app/Views/salesperson/edit-customer.php', 57)
 2 SYSTEMPATH/View/View.php(234): include('/home/havellslighting/public_html/partner/app/Views/salesperson/edit-customer.php')
 3 SYSTEMPATH/View/View.php(237): CodeIgniter\View\View->CodeIgniter\View\{closure}()
 4 SYSTEMPATH/Common.php(1171): CodeIgniter\View\View->render('/salesperson/edit-customer', [], true)
 5 APPPATH/Controllers/Seller_cntrl.php(1615): view('/salesperson/edit-customer', [...])
 6 SYSTEMPATH/CodeIgniter.php(933): App\Controllers\Seller_cntrl->editcustomer('24')
 7 SYSTEMPATH/CodeIgniter.php(509): CodeIgniter\CodeIgniter->runController(Object(App\Controllers\Seller_cntrl))
 8 SYSTEMPATH/CodeIgniter.php(355): CodeIgniter\CodeIgniter->handleRequest(null, Object(Config\Cache), false)
 9 SYSTEMPATH/Boot.php(325): CodeIgniter\CodeIgniter->run()
10 SYSTEMPATH/Boot.php(67): CodeIgniter\Boot::runCodeIgniter(Object(CodeIgniter\CodeIgniter))
11 FCPATH/index.php(57): CodeIgniter\Boot::bootWeb(Object(Config\Paths))
INFO - 2024-12-09 10:34:18 --> Session: Class initialized using 'CodeIgniter\Session\Handlers\FileHandler' driver.
CRITICAL - 2024-12-09 10:34:18 --> ErrorException: Undefined array key "customer_category_id"
[Method: GET, Route: Seller/edit-customer/24]
in APPPATH/Views/salesperson/edit-customer.php on line 57.
 1 APPPATH/Views/salesperson/edit-customer.php(57): CodeIgniter\Debug\Exceptions->errorHandler(2, 'Undefined array key "customer_category_id"', '/home/havellslighting/public_html/partner/app/Views/salesperson/edit-customer.php', 57)
 2 SYSTEMPATH/View/View.php(234): include('/home/havellslighting/public_html/partner/app/Views/salesperson/edit-customer.php')
 3 SYSTEMPATH/View/View.php(237): CodeIgniter\View\View->CodeIgniter\View\{closure}()
 4 SYSTEMPATH/Common.php(1171): CodeIgniter\View\View->render('/salesperson/edit-customer', [], true)
 5 APPPATH/Controllers/Seller_cntrl.php(1615): view('/salesperson/edit-customer', [...])
 6 SYSTEMPATH/CodeIgniter.php(933): App\Controllers\Seller_cntrl->editcustomer('24')
 7 SYSTEMPATH/CodeIgniter.php(509): CodeIgniter\CodeIgniter->runController(Object(App\Controllers\Seller_cntrl))
 8 SYSTEMPATH/CodeIgniter.php(355): CodeIgniter\CodeIgniter->handleRequest(null, Object(Config\Cache), false)
 9 SYSTEMPATH/Boot.php(325): CodeIgniter\CodeIgniter->run()
10 SYSTEMPATH/Boot.php(67): CodeIgniter\Boot::runCodeIgniter(Object(CodeIgniter\CodeIgniter))
11 FCPATH/index.php(57): CodeIgniter\Boot::bootWeb(Object(Config\Paths))
INFO - 2024-12-09 10:34:51 --> Session: Class initialized using 'CodeIgniter\Session\Handlers\FileHandler' driver.
CRITICAL - 2024-12-09 10:34:51 --> ErrorException: Undefined array key "customer_category_id"
[Method: GET, Route: Seller/edit-customer/24]
in APPPATH/Views/salesperson/edit-customer.php on line 57.
 1 APPPATH/Views/salesperson/edit-customer.php(57): CodeIgniter\Debug\Exceptions->errorHandler(2, 'Undefined array key "customer_category_id"', '/home/havellslighting/public_html/partner/app/Views/salesperson/edit-customer.php', 57)
 2 SYSTEMPATH/View/View.php(234): include('/home/havellslighting/public_html/partner/app/Views/salesperson/edit-customer.php')
 3 SYSTEMPATH/View/View.php(237): CodeIgniter\View\View->CodeIgniter\View\{closure}()
 4 SYSTEMPATH/Common.php(1171): CodeIgniter\View\View->render('/salesperson/edit-customer', [], true)
 5 APPPATH/Controllers/Seller_cntrl.php(1615): view('/salesperson/edit-customer', [...])
 6 SYSTEMPATH/CodeIgniter.php(933): App\Controllers\Seller_cntrl->editcustomer('24')
 7 SYSTEMPATH/CodeIgniter.php(509): CodeIgniter\CodeIgniter->runController(Object(App\Controllers\Seller_cntrl))
 8 SYSTEMPATH/CodeIgniter.php(355): CodeIgniter\CodeIgniter->handleRequest(null, Object(Config\Cache), false)
 9 SYSTEMPATH/Boot.php(325): CodeIgniter\CodeIgniter->run()
10 SYSTEMPATH/Boot.php(67): CodeIgniter\Boot::runCodeIgniter(Object(CodeIgniter\CodeIgniter))
11 FCPATH/index.php(57): CodeIgniter\Boot::bootWeb(Object(Config\Paths))
INFO - 2024-12-09 10:35:02 --> Session: Class initialized using 'CodeIgniter\Session\Handlers\FileHandler' driver.
INFO - 2024-12-09 10:37:10 --> Session: Class initialized using 'CodeIgniter\Session\Handlers\FileHandler' driver.
INFO - 2024-12-09 10:37:14 --> Session: Class initialized using 'CodeIgniter\Session\Handlers\FileHandler' driver.
INFO - 2024-12-09 10:37:40 --> Session: Class initialized using 'CodeIgniter\Session\Handlers\FileHandler' driver.
INFO - 2024-12-09 10:38:03 --> Session: Class initialized using 'CodeIgniter\Session\Handlers\FileHandler' driver.
INFO - 2024-12-09 10:38:50 --> Session: Class initialized using 'CodeIgniter\Session\Handlers\FileHandler' driver.
INFO - 2024-12-09 10:39:10 --> Session: Class initialized using 'CodeIgniter\Session\Handlers\FileHandler' driver.
INFO - 2024-12-09 10:39:25 --> Session: Class initialized using 'CodeIgniter\Session\Handlers\FileHandler' driver.
INFO - 2024-12-09 10:39:50 --> Session: Class initialized using 'CodeIgniter\Session\Handlers\FileHandler' driver.
CRITICAL - 2024-12-09 10:39:50 --> ErrorException: Undefined array key "customer_category_id"
[Method: GET, Route: Seller/edit-customer/24]
in APPPATH/Views/salesperson/edit-customer.php on line 58.
 1 APPPATH/Views/salesperson/edit-customer.php(58): CodeIgniter\Debug\Exceptions->errorHandler(2, 'Undefined array key "customer_category_id"', '/home/havellslighting/public_html/partner/app/Views/salesperson/edit-customer.php', 58)
 2 SYSTEMPATH/View/View.php(234): include('/home/havellslighting/public_html/partner/app/Views/salesperson/edit-customer.php')
 3 SYSTEMPATH/View/View.php(237): CodeIgniter\View\View->CodeIgniter\View\{closure}()
 4 SYSTEMPATH/Common.php(1171): CodeIgniter\View\View->render('/salesperson/edit-customer', [], true)
 5 APPPATH/Controllers/Seller_cntrl.php(1619): view('/salesperson/edit-customer', [...])
 6 SYSTEMPATH/CodeIgniter.php(933): App\Controllers\Seller_cntrl->editcustomer('24')
 7 SYSTEMPATH/CodeIgniter.php(509): CodeIgniter\CodeIgniter->runController(Object(App\Controllers\Seller_cntrl))
 8 SYSTEMPATH/CodeIgniter.php(355): CodeIgniter\CodeIgniter->handleRequest(null, Object(Config\Cache), false)
 9 SYSTEMPATH/Boot.php(325): CodeIgniter\CodeIgniter->run()
10 SYSTEMPATH/Boot.php(67): CodeIgniter\Boot::runCodeIgniter(Object(CodeIgniter\CodeIgniter))
11 FCPATH/index.php(57): CodeIgniter\Boot::bootWeb(Object(Config\Paths))
INFO - 2024-12-09 10:41:15 --> Session: Class initialized using 'CodeIgniter\Session\Handlers\FileHandler' driver.
CRITICAL - 2024-12-09 10:41:15 --> ErrorException: Undefined array key "customer_category_id"
[Method: GET, Route: Seller/edit-customer/24]
in APPPATH/Views/salesperson/edit-customer.php on line 59.
 1 APPPATH/Views/salesperson/edit-customer.php(59): CodeIgniter\Debug\Exceptions->errorHandler(2, 'Undefined array key "customer_category_id"', '/home/havellslighting/public_html/partner/app/Views/salesperson/edit-customer.php', 59)
 2 SYSTEMPATH/View/View.php(234): include('/home/havellslighting/public_html/partner/app/Views/salesperson/edit-customer.php')
 3 SYSTEMPATH/View/View.php(237): CodeIgniter\View\View->CodeIgniter\View\{closure}()
 4 SYSTEMPATH/Common.php(1171): CodeIgniter\View\View->render('/salesperson/edit-customer', [], true)
 5 APPPATH/Controllers/Seller_cntrl.php(1619): view('/salesperson/edit-customer', [...])
 6 SYSTEMPATH/CodeIgniter.php(933): App\Controllers\Seller_cntrl->editcustomer('24')
 7 SYSTEMPATH/CodeIgniter.php(509): CodeIgniter\CodeIgniter->runController(Object(App\Controllers\Seller_cntrl))
 8 SYSTEMPATH/CodeIgniter.php(355): CodeIgniter\CodeIgniter->handleRequest(null, Object(Config\Cache), false)
 9 SYSTEMPATH/Boot.php(325): CodeIgniter\CodeIgniter->run()
10 SYSTEMPATH/Boot.php(67): CodeIgniter\Boot::runCodeIgniter(Object(CodeIgniter\CodeIgniter))
11 FCPATH/index.php(57): CodeIgniter\Boot::bootWeb(Object(Config\Paths))
INFO - 2024-12-09 10:41:37 --> Session: Class initialized using 'CodeIgniter\Session\Handlers\FileHandler' driver.
CRITICAL - 2024-12-09 10:41:37 --> ErrorException: Undefined array key "customer_category_id"
[Method: GET, Route: Seller/edit-customer/24]
in APPPATH/Views/salesperson/edit-customer.php on line 57.
 1 APPPATH/Views/salesperson/edit-customer.php(57): CodeIgniter\Debug\Exceptions->errorHandler(2, 'Undefined array key "customer_category_id"', '/home/havellslighting/public_html/partner/app/Views/salesperson/edit-customer.php', 57)
 2 SYSTEMPATH/View/View.php(234): include('/home/havellslighting/public_html/partner/app/Views/salesperson/edit-customer.php')
 3 SYSTEMPATH/View/View.php(237): CodeIgniter\View\View->CodeIgniter\View\{closure}()
 4 SYSTEMPATH/Common.php(1171): CodeIgniter\View\View->render('/salesperson/edit-customer', [], true)
 5 APPPATH/Controllers/Seller_cntrl.php(1619): view('/salesperson/edit-customer', [...])
 6 SYSTEMPATH/CodeIgniter.php(933): App\Controllers\Seller_cntrl->editcustomer('24')
 7 SYSTEMPATH/CodeIgniter.php(509): CodeIgniter\CodeIgniter->runController(Object(App\Controllers\Seller_cntrl))
 8 SYSTEMPATH/CodeIgniter.php(355): CodeIgniter\CodeIgniter->handleRequest(null, Object(Config\Cache), false)
 9 SYSTEMPATH/Boot.php(325): CodeIgniter\CodeIgniter->run()
10 SYSTEMPATH/Boot.php(67): CodeIgniter\Boot::runCodeIgniter(Object(CodeIgniter\CodeIgniter))
11 FCPATH/index.php(57): CodeIgniter\Boot::bootWeb(Object(Config\Paths))
INFO - 2024-12-09 10:41:57 --> Session: Class initialized using 'CodeIgniter\Session\Handlers\FileHandler' driver.
CRITICAL - 2024-12-09 10:41:57 --> ErrorException: Undefined array key "customer_category_id"
[Method: GET, Route: Seller/edit-customer/24]
in APPPATH/Views/salesperson/edit-customer.php on line 57.
 1 APPPATH/Views/salesperson/edit-customer.php(57): CodeIgniter\Debug\Exceptions->errorHandler(2, 'Undefined array key "customer_category_id"', '/home/havellslighting/public_html/partner/app/Views/salesperson/edit-customer.php', 57)
 2 SYSTEMPATH/View/View.php(234): include('/home/havellslighting/public_html/partner/app/Views/salesperson/edit-customer.php')
 3 SYSTEMPATH/View/View.php(237): CodeIgniter\View\View->CodeIgniter\View\{closure}()
 4 SYSTEMPATH/Common.php(1171): CodeIgniter\View\View->render('/salesperson/edit-customer', [], true)
 5 APPPATH/Controllers/Seller_cntrl.php(1619): view('/salesperson/edit-customer', [...])
 6 SYSTEMPATH/CodeIgniter.php(933): App\Controllers\Seller_cntrl->editcustomer('24')
 7 SYSTEMPATH/CodeIgniter.php(509): CodeIgniter\CodeIgniter->runController(Object(App\Controllers\Seller_cntrl))
 8 SYSTEMPATH/CodeIgniter.php(355): CodeIgniter\CodeIgniter->handleRequest(null, Object(Config\Cache), false)
 9 SYSTEMPATH/Boot.php(325): CodeIgniter\CodeIgniter->run()
10 SYSTEMPATH/Boot.php(67): CodeIgniter\Boot::runCodeIgniter(Object(CodeIgniter\CodeIgniter))
11 FCPATH/index.php(57): CodeIgniter\Boot::bootWeb(Object(Config\Paths))
INFO - 2024-12-09 10:42:31 --> Session: Class initialized using 'CodeIgniter\Session\Handlers\FileHandler' driver.
CRITICAL - 2024-12-09 10:42:32 --> ErrorException: Undefined array key "customer_category_id"
[Method: GET, Route: Seller/edit-customer/24]
in APPPATH/Views/salesperson/edit-customer.php on line 57.
 1 APPPATH/Views/salesperson/edit-customer.php(57): CodeIgniter\Debug\Exceptions->errorHandler(2, 'Undefined array key "customer_category_id"', '/home/havellslighting/public_html/partner/app/Views/salesperson/edit-customer.php', 57)
 2 SYSTEMPATH/View/View.php(234): include('/home/havellslighting/public_html/partner/app/Views/salesperson/edit-customer.php')
 3 SYSTEMPATH/View/View.php(237): CodeIgniter\View\View->CodeIgniter\View\{closure}()
 4 SYSTEMPATH/Common.php(1171): CodeIgniter\View\View->render('/salesperson/edit-customer', [], true)
 5 APPPATH/Controllers/Seller_cntrl.php(1619): view('/salesperson/edit-customer', [...])
 6 SYSTEMPATH/CodeIgniter.php(933): App\Controllers\Seller_cntrl->editcustomer('24')
 7 SYSTEMPATH/CodeIgniter.php(509): CodeIgniter\CodeIgniter->runController(Object(App\Controllers\Seller_cntrl))
 8 SYSTEMPATH/CodeIgniter.php(355): CodeIgniter\CodeIgniter->handleRequest(null, Object(Config\Cache), false)
 9 SYSTEMPATH/Boot.php(325): CodeIgniter\CodeIgniter->run()
10 SYSTEMPATH/Boot.php(67): CodeIgniter\Boot::runCodeIgniter(Object(CodeIgniter\CodeIgniter))
11 FCPATH/index.php(57): CodeIgniter\Boot::bootWeb(Object(Config\Paths))
INFO - 2024-12-09 10:43:31 --> Session: Class initialized using 'CodeIgniter\Session\Handlers\FileHandler' driver.
INFO - 2024-12-09 10:44:05 --> Session: Class initialized using 'CodeIgniter\Session\Handlers\FileHandler' driver.
INFO - 2024-12-09 10:44:32 --> Session: Class initialized using 'CodeIgniter\Session\Handlers\FileHandler' driver.
INFO - 2024-12-09 10:45:04 --> Session: Class initialized using 'CodeIgniter\Session\Handlers\FileHandler' driver.
INFO - 2024-12-09 10:45:11 --> Session: Class initialized using 'CodeIgniter\Session\Handlers\FileHandler' driver.
INFO - 2024-12-09 10:45:33 --> Session: Class initialized using 'CodeIgniter\Session\Handlers\FileHandler' driver.
INFO - 2024-12-09 10:53:40 --> Session: Class initialized using 'CodeIgniter\Session\Handlers\FileHandler' driver.
INFO - 2024-12-09 10:54:11 --> Session: Class initialized using 'CodeIgniter\Session\Handlers\FileHandler' driver.
INFO - 2024-12-09 10:54:15 --> Session: Class initialized using 'CodeIgniter\Session\Handlers\FileHandler' driver.
INFO - 2024-12-09 10:54:18 --> Session: Class initialized using 'CodeIgniter\Session\Handlers\FileHandler' driver.
INFO - 2024-12-09 10:54:32 --> Session: Class initialized using 'CodeIgniter\Session\Handlers\FileHandler' driver.
INFO - 2024-12-09 10:54:36 --> Session: Class initialized using 'CodeIgniter\Session\Handlers\FileHandler' driver.
INFO - 2024-12-09 10:54:43 --> Session: Class initialized using 'CodeIgniter\Session\Handlers\FileHandler' driver.
INFO - 2024-12-09 10:54:51 --> Session: Class initialized using 'CodeIgniter\Session\Handlers\FileHandler' driver.
INFO - 2024-12-09 10:54:54 --> Session: Class initialized using 'CodeIgniter\Session\Handlers\FileHandler' driver.
INFO - 2024-12-09 10:56:35 --> Session: Class initialized using 'CodeIgniter\Session\Handlers\FileHandler' driver.
INFO - 2024-12-09 10:57:11 --> Session: Class initialized using 'CodeIgniter\Session\Handlers\FileHandler' driver.
INFO - 2024-12-09 10:57:19 --> Session: Class initialized using 'CodeIgniter\Session\Handlers\FileHandler' driver.
INFO - 2024-12-09 10:57:26 --> Session: Class initialized using 'CodeIgniter\Session\Handlers\FileHandler' driver.
INFO - 2024-12-09 11:05:18 --> Session: Class initialized using 'CodeIgniter\Session\Handlers\FileHandler' driver.
INFO - 2024-12-09 11:05:25 --> Session: Class initialized using 'CodeIgniter\Session\Handlers\FileHandler' driver.
INFO - 2024-12-09 11:05:43 --> Session: Class initialized using 'CodeIgniter\Session\Handlers\FileHandler' driver.
INFO - 2024-12-09 11:09:22 --> Session: Class initialized using 'CodeIgniter\Session\Handlers\FileHandler' driver.
INFO - 2024-12-09 11:09:42 --> Session: Class initialized using 'CodeIgniter\Session\Handlers\FileHandler' driver.
ERROR - 2024-12-09 11:09:42 --> mysqli_sql_exception: You have an error in your SQL syntax; check the manual that corresponds to your MySQL server version for the right syntax to use near '`!` = '24'' at line 4 in /home/havellslighting/public_html/partner/system/Database/MySQLi/Connection.php:312
Stack trace:
#0 /home/havellslighting/public_html/partner/system/Database/MySQLi/Connection.php(312): mysqli->query('SELECT *\nFROM `...', 0)
#1 /home/havellslighting/public_html/partner/system/Database/BaseConnection.php(734): CodeIgniter\Database\MySQLi\Connection->execute('SELECT *\nFROM `...')
#2 /home/havellslighting/public_html/partner/system/Database/BaseConnection.php(648): CodeIgniter\Database\BaseConnection->simpleQuery('SELECT *\nFROM `...')
#3 /home/havellslighting/public_html/partner/system/Database/BaseBuilder.php(1644): CodeIgniter\Database\BaseConnection->query('SELECT *\nFROM `...', Array, false)
#4 /home/havellslighting/public_html/partner/app/Models/Seller_mdl.php(309): CodeIgniter\Database\BaseBuilder->get()
#5 /home/havellslighting/public_html/partner/app/Controllers/Seller_cntrl.php(1485): App\Models\Seller_mdl->checkemailduplicationbyid(Array)
#6 /home/havellslighting/public_html/partner/system/CodeIgniter.php(933): App\Controllers\Seller_cntrl->sellerupdatecustomer()
#7 /home/havellslighting/public_html/partner/system/CodeIgniter.php(509): CodeIgniter\CodeIgniter->runController(Object(App\Controllers\Seller_cntrl))
#8 /home/havellslighting/public_html/partner/system/CodeIgniter.php(355): CodeIgniter\CodeIgniter->handleRequest(NULL, Object(Config\Cache), false)
#9 /home/havellslighting/public_html/partner/system/Boot.php(325): CodeIgniter\CodeIgniter->run()
#10 /home/havellslighting/public_html/partner/system/Boot.php(67): CodeIgniter\Boot::runCodeIgniter(Object(CodeIgniter\CodeIgniter))
#11 /home/havellslighting/public_html/partner/index.php(57): CodeIgniter\Boot::bootWeb(Object(Config\Paths))
#12 {main}
CRITICAL - 2024-12-09 11:09:42 --> CodeIgniter\Database\Exceptions\DatabaseException: You have an error in your SQL syntax; check the manual that corresponds to your MySQL server version for the right syntax to use near '`!` = '24'' at line 4
[Method: POST, Route: Seller/update-customer]
in SYSTEMPATH/Database/BaseConnection.php on line 688.
 1 SYSTEMPATH/Database/BaseBuilder.php(1644): CodeIgniter\Database\BaseConnection->query('SELECT *
FROM `customer`
WHERE `email` = :email:
AND `customer_id` `!` = :customer_id !:', [...], false)
 2 APPPATH/Models/Seller_mdl.php(309): CodeIgniter\Database\BaseBuilder->get()
 3 APPPATH/Controllers/Seller_cntrl.php(1485): App\Models\Seller_mdl->checkemailduplicationbyid([...])
 4 SYSTEMPATH/CodeIgniter.php(933): App\Controllers\Seller_cntrl->sellerupdatecustomer()
 5 SYSTEMPATH/CodeIgniter.php(509): CodeIgniter\CodeIgniter->runController(Object(App\Controllers\Seller_cntrl))
 6 SYSTEMPATH/CodeIgniter.php(355): CodeIgniter\CodeIgniter->handleRequest(null, Object(Config\Cache), false)
 7 SYSTEMPATH/Boot.php(325): CodeIgniter\CodeIgniter->run()
 8 SYSTEMPATH/Boot.php(67): CodeIgniter\Boot::runCodeIgniter(Object(CodeIgniter\CodeIgniter))
 9 FCPATH/index.php(57): CodeIgniter\Boot::bootWeb(Object(Config\Paths))
CRITICAL - 2024-12-09 11:09:42 --> [Caused by] CodeIgniter\Database\Exceptions\DatabaseException: You have an error in your SQL syntax; check the manual that corresponds to your MySQL server version for the right syntax to use near '`!` = '24'' at line 4
in SYSTEMPATH/Database/MySQLi/Connection.php on line 317.
 1 SYSTEMPATH/Database/BaseConnection.php(734): CodeIgniter\Database\MySQLi\Connection->execute('SELECT *
FROM `customer`
WHERE `email` = \'bhavikrsuthar@gmail.com\'
AND `customer_id` `!` = \'24\'')
 2 SYSTEMPATH/Database/BaseConnection.php(648): CodeIgniter\Database\BaseConnection->simpleQuery('SELECT *
FROM `customer`
WHERE `email` = \'bhavikrsuthar@gmail.com\'
AND `customer_id` `!` = \'24\'')
 3 SYSTEMPATH/Database/BaseBuilder.php(1644): CodeIgniter\Database\BaseConnection->query('SELECT *
FROM `customer`
WHERE `email` = :email:
AND `customer_id` `!` = :customer_id !:', [...], false)
 4 APPPATH/Models/Seller_mdl.php(309): CodeIgniter\Database\BaseBuilder->get()
 5 APPPATH/Controllers/Seller_cntrl.php(1485): App\Models\Seller_mdl->checkemailduplicationbyid([...])
 6 SYSTEMPATH/CodeIgniter.php(933): App\Controllers\Seller_cntrl->sellerupdatecustomer()
 7 SYSTEMPATH/CodeIgniter.php(509): CodeIgniter\CodeIgniter->runController(Object(App\Controllers\Seller_cntrl))
 8 SYSTEMPATH/CodeIgniter.php(355): CodeIgniter\CodeIgniter->handleRequest(null, Object(Config\Cache), false)
 9 SYSTEMPATH/Boot.php(325): CodeIgniter\CodeIgniter->run()
10 SYSTEMPATH/Boot.php(67): CodeIgniter\Boot::runCodeIgniter(Object(CodeIgniter\CodeIgniter))
11 FCPATH/index.php(57): CodeIgniter\Boot::bootWeb(Object(Config\Paths))
CRITICAL - 2024-12-09 11:09:42 --> [Caused by] mysqli_sql_exception: You have an error in your SQL syntax; check the manual that corresponds to your MySQL server version for the right syntax to use near '`!` = '24'' at line 4
in SYSTEMPATH/Database/MySQLi/Connection.php on line 312.
 1 SYSTEMPATH/Database/MySQLi/Connection.php(312): mysqli->query('SELECT *
FROM `customer`
WHERE `email` = \'bhavikrsuthar@gmail.com\'
AND `customer_id` `!` = \'24\'', 0)
 2 SYSTEMPATH/Database/BaseConnection.php(734): CodeIgniter\Database\MySQLi\Connection->execute('SELECT *
FROM `customer`
WHERE `email` = \'bhavikrsuthar@gmail.com\'
AND `customer_id` `!` = \'24\'')
 3 SYSTEMPATH/Database/BaseConnection.php(648): CodeIgniter\Database\BaseConnection->simpleQuery('SELECT *
FROM `customer`
WHERE `email` = \'bhavikrsuthar@gmail.com\'
AND `customer_id` `!` = \'24\'')
 4 SYSTEMPATH/Database/BaseBuilder.php(1644): CodeIgniter\Database\BaseConnection->query('SELECT *
FROM `customer`
WHERE `email` = :email:
AND `customer_id` `!` = :customer_id !:', [...], false)
 5 APPPATH/Models/Seller_mdl.php(309): CodeIgniter\Database\BaseBuilder->get()
 6 APPPATH/Controllers/Seller_cntrl.php(1485): App\Models\Seller_mdl->checkemailduplicationbyid([...])
 7 SYSTEMPATH/CodeIgniter.php(933): App\Controllers\Seller_cntrl->sellerupdatecustomer()
 8 SYSTEMPATH/CodeIgniter.php(509): CodeIgniter\CodeIgniter->runController(Object(App\Controllers\Seller_cntrl))
 9 SYSTEMPATH/CodeIgniter.php(355): CodeIgniter\CodeIgniter->handleRequest(null, Object(Config\Cache), false)
10 SYSTEMPATH/Boot.php(325): CodeIgniter\CodeIgniter->run()
11 SYSTEMPATH/Boot.php(67): CodeIgniter\Boot::runCodeIgniter(Object(CodeIgniter\CodeIgniter))
12 FCPATH/index.php(57): CodeIgniter\Boot::bootWeb(Object(Config\Paths))
INFO - 2024-12-09 11:09:56 --> Session: Class initialized using 'CodeIgniter\Session\Handlers\FileHandler' driver.
ERROR - 2024-12-09 11:09:56 --> mysqli_sql_exception: You have an error in your SQL syntax; check the manual that corresponds to your MySQL server version for the right syntax to use near '`!` = '24'' at line 4 in /home/havellslighting/public_html/partner/system/Database/MySQLi/Connection.php:312
Stack trace:
#0 /home/havellslighting/public_html/partner/system/Database/MySQLi/Connection.php(312): mysqli->query('SELECT *\nFROM `...', 0)
#1 /home/havellslighting/public_html/partner/system/Database/BaseConnection.php(734): CodeIgniter\Database\MySQLi\Connection->execute('SELECT *\nFROM `...')
#2 /home/havellslighting/public_html/partner/system/Database/BaseConnection.php(648): CodeIgniter\Database\BaseConnection->simpleQuery('SELECT *\nFROM `...')
#3 /home/havellslighting/public_html/partner/system/Database/BaseBuilder.php(1644): CodeIgniter\Database\BaseConnection->query('SELECT *\nFROM `...', Array, false)
#4 /home/havellslighting/public_html/partner/app/Models/Seller_mdl.php(309): CodeIgniter\Database\BaseBuilder->get()
#5 /home/havellslighting/public_html/partner/app/Controllers/Seller_cntrl.php(1485): App\Models\Seller_mdl->checkemailduplicationbyid(Array)
#6 /home/havellslighting/public_html/partner/system/CodeIgniter.php(933): App\Controllers\Seller_cntrl->sellerupdatecustomer()
#7 /home/havellslighting/public_html/partner/system/CodeIgniter.php(509): CodeIgniter\CodeIgniter->runController(Object(App\Controllers\Seller_cntrl))
#8 /home/havellslighting/public_html/partner/system/CodeIgniter.php(355): CodeIgniter\CodeIgniter->handleRequest(NULL, Object(Config\Cache), false)
#9 /home/havellslighting/public_html/partner/system/Boot.php(325): CodeIgniter\CodeIgniter->run()
#10 /home/havellslighting/public_html/partner/system/Boot.php(67): CodeIgniter\Boot::runCodeIgniter(Object(CodeIgniter\CodeIgniter))
#11 /home/havellslighting/public_html/partner/index.php(57): CodeIgniter\Boot::bootWeb(Object(Config\Paths))
#12 {main}
CRITICAL - 2024-12-09 11:09:56 --> CodeIgniter\Database\Exceptions\DatabaseException: You have an error in your SQL syntax; check the manual that corresponds to your MySQL server version for the right syntax to use near '`!` = '24'' at line 4
[Method: POST, Route: Seller/update-customer]
in SYSTEMPATH/Database/BaseConnection.php on line 688.
 1 SYSTEMPATH/Database/BaseBuilder.php(1644): CodeIgniter\Database\BaseConnection->query('SELECT *
FROM `customer`
WHERE `email` = :email:
AND `customer_id` `!` = :customer_id !:', [...], false)
 2 APPPATH/Models/Seller_mdl.php(309): CodeIgniter\Database\BaseBuilder->get()
 3 APPPATH/Controllers/Seller_cntrl.php(1485): App\Models\Seller_mdl->checkemailduplicationbyid([...])
 4 SYSTEMPATH/CodeIgniter.php(933): App\Controllers\Seller_cntrl->sellerupdatecustomer()
 5 SYSTEMPATH/CodeIgniter.php(509): CodeIgniter\CodeIgniter->runController(Object(App\Controllers\Seller_cntrl))
 6 SYSTEMPATH/CodeIgniter.php(355): CodeIgniter\CodeIgniter->handleRequest(null, Object(Config\Cache), false)
 7 SYSTEMPATH/Boot.php(325): CodeIgniter\CodeIgniter->run()
 8 SYSTEMPATH/Boot.php(67): CodeIgniter\Boot::runCodeIgniter(Object(CodeIgniter\CodeIgniter))
 9 FCPATH/index.php(57): CodeIgniter\Boot::bootWeb(Object(Config\Paths))
CRITICAL - 2024-12-09 11:09:56 --> [Caused by] CodeIgniter\Database\Exceptions\DatabaseException: You have an error in your SQL syntax; check the manual that corresponds to your MySQL server version for the right syntax to use near '`!` = '24'' at line 4
in SYSTEMPATH/Database/MySQLi/Connection.php on line 317.
 1 SYSTEMPATH/Database/BaseConnection.php(734): CodeIgniter\Database\MySQLi\Connection->execute('SELECT *
FROM `customer`
WHERE `email` = \'test2.nextway@gmail.com\'
AND `customer_id` `!` = \'24\'')
 2 SYSTEMPATH/Database/BaseConnection.php(648): CodeIgniter\Database\BaseConnection->simpleQuery('SELECT *
FROM `customer`
WHERE `email` = \'test2.nextway@gmail.com\'
AND `customer_id` `!` = \'24\'')
 3 SYSTEMPATH/Database/BaseBuilder.php(1644): CodeIgniter\Database\BaseConnection->query('SELECT *
FROM `customer`
WHERE `email` = :email:
AND `customer_id` `!` = :customer_id !:', [...], false)
 4 APPPATH/Models/Seller_mdl.php(309): CodeIgniter\Database\BaseBuilder->get()
 5 APPPATH/Controllers/Seller_cntrl.php(1485): App\Models\Seller_mdl->checkemailduplicationbyid([...])
 6 SYSTEMPATH/CodeIgniter.php(933): App\Controllers\Seller_cntrl->sellerupdatecustomer()
 7 SYSTEMPATH/CodeIgniter.php(509): CodeIgniter\CodeIgniter->runController(Object(App\Controllers\Seller_cntrl))
 8 SYSTEMPATH/CodeIgniter.php(355): CodeIgniter\CodeIgniter->handleRequest(null, Object(Config\Cache), false)
 9 SYSTEMPATH/Boot.php(325): CodeIgniter\CodeIgniter->run()
10 SYSTEMPATH/Boot.php(67): CodeIgniter\Boot::runCodeIgniter(Object(CodeIgniter\CodeIgniter))
11 FCPATH/index.php(57): CodeIgniter\Boot::bootWeb(Object(Config\Paths))
CRITICAL - 2024-12-09 11:09:56 --> [Caused by] mysqli_sql_exception: You have an error in your SQL syntax; check the manual that corresponds to your MySQL server version for the right syntax to use near '`!` = '24'' at line 4
in SYSTEMPATH/Database/MySQLi/Connection.php on line 312.
 1 SYSTEMPATH/Database/MySQLi/Connection.php(312): mysqli->query('SELECT *
FROM `customer`
WHERE `email` = \'test2.nextway@gmail.com\'
AND `customer_id` `!` = \'24\'', 0)
 2 SYSTEMPATH/Database/BaseConnection.php(734): CodeIgniter\Database\MySQLi\Connection->execute('SELECT *
FROM `customer`
WHERE `email` = \'test2.nextway@gmail.com\'
AND `customer_id` `!` = \'24\'')
 3 SYSTEMPATH/Database/BaseConnection.php(648): CodeIgniter\Database\BaseConnection->simpleQuery('SELECT *
FROM `customer`
WHERE `email` = \'test2.nextway@gmail.com\'
AND `customer_id` `!` = \'24\'')
 4 SYSTEMPATH/Database/BaseBuilder.php(1644): CodeIgniter\Database\BaseConnection->query('SELECT *
FROM `customer`
WHERE `email` = :email:
AND `customer_id` `!` = :customer_id !:', [...], false)
 5 APPPATH/Models/Seller_mdl.php(309): CodeIgniter\Database\BaseBuilder->get()
 6 APPPATH/Controllers/Seller_cntrl.php(1485): App\Models\Seller_mdl->checkemailduplicationbyid([...])
 7 SYSTEMPATH/CodeIgniter.php(933): App\Controllers\Seller_cntrl->sellerupdatecustomer()
 8 SYSTEMPATH/CodeIgniter.php(509): CodeIgniter\CodeIgniter->runController(Object(App\Controllers\Seller_cntrl))
 9 SYSTEMPATH/CodeIgniter.php(355): CodeIgniter\CodeIgniter->handleRequest(null, Object(Config\Cache), false)
10 SYSTEMPATH/Boot.php(325): CodeIgniter\CodeIgniter->run()
11 SYSTEMPATH/Boot.php(67): CodeIgniter\Boot::runCodeIgniter(Object(CodeIgniter\CodeIgniter))
12 FCPATH/index.php(57): CodeIgniter\Boot::bootWeb(Object(Config\Paths))
INFO - 2024-12-09 11:10:31 --> Session: Class initialized using 'CodeIgniter\Session\Handlers\FileHandler' driver.
INFO - 2024-12-09 11:10:40 --> Session: Class initialized using 'CodeIgniter\Session\Handlers\FileHandler' driver.
CRITICAL - 2024-12-09 11:10:40 --> ErrorException: Undefined array key "customer_id"
[Method: POST, Route: Seller/update-customer]
in APPPATH/Models/Seller_mdl.php on line 347.
 1 APPPATH/Models/Seller_mdl.php(347): CodeIgniter\Debug\Exceptions->errorHandler(2, 'Undefined array key "customer_id"', '/home/havellslighting/public_html/partner/app/Models/Seller_mdl.php', 347)
 2 APPPATH/Controllers/Seller_cntrl.php(1514): App\Models\Seller_mdl->updatecustomerdata([...])
 3 SYSTEMPATH/CodeIgniter.php(933): App\Controllers\Seller_cntrl->sellerupdatecustomer()
 4 SYSTEMPATH/CodeIgniter.php(509): CodeIgniter\CodeIgniter->runController(Object(App\Controllers\Seller_cntrl))
 5 SYSTEMPATH/CodeIgniter.php(355): CodeIgniter\CodeIgniter->handleRequest(null, Object(Config\Cache), false)
 6 SYSTEMPATH/Boot.php(325): CodeIgniter\CodeIgniter->run()
 7 SYSTEMPATH/Boot.php(67): CodeIgniter\Boot::runCodeIgniter(Object(CodeIgniter\CodeIgniter))
 8 FCPATH/index.php(57): CodeIgniter\Boot::bootWeb(Object(Config\Paths))
INFO - 2024-12-09 11:10:53 --> Session: Class initialized using 'CodeIgniter\Session\Handlers\FileHandler' driver.
INFO - 2024-12-09 11:11:06 --> Session: Class initialized using 'CodeIgniter\Session\Handlers\FileHandler' driver.
CRITICAL - 2024-12-09 11:11:06 --> ErrorException: Undefined array key "customer_id"
[Method: POST, Route: Seller/update-customer]
in APPPATH/Models/Seller_mdl.php on line 347.
 1 APPPATH/Models/Seller_mdl.php(347): CodeIgniter\Debug\Exceptions->errorHandler(2, 'Undefined array key "customer_id"', '/home/havellslighting/public_html/partner/app/Models/Seller_mdl.php', 347)
 2 APPPATH/Controllers/Seller_cntrl.php(1514): App\Models\Seller_mdl->updatecustomerdata([...])
 3 SYSTEMPATH/CodeIgniter.php(933): App\Controllers\Seller_cntrl->sellerupdatecustomer()
 4 SYSTEMPATH/CodeIgniter.php(509): CodeIgniter\CodeIgniter->runController(Object(App\Controllers\Seller_cntrl))
 5 SYSTEMPATH/CodeIgniter.php(355): CodeIgniter\CodeIgniter->handleRequest(null, Object(Config\Cache), false)
 6 SYSTEMPATH/Boot.php(325): CodeIgniter\CodeIgniter->run()
 7 SYSTEMPATH/Boot.php(67): CodeIgniter\Boot::runCodeIgniter(Object(CodeIgniter\CodeIgniter))
 8 FCPATH/index.php(57): CodeIgniter\Boot::bootWeb(Object(Config\Paths))
INFO - 2024-12-09 11:11:17 --> Session: Class initialized using 'CodeIgniter\Session\Handlers\FileHandler' driver.
INFO - 2024-12-09 11:11:20 --> Session: Class initialized using 'CodeIgniter\Session\Handlers\FileHandler' driver.
INFO - 2024-12-09 11:12:25 --> Session: Class initialized using 'CodeIgniter\Session\Handlers\FileHandler' driver.
INFO - 2024-12-09 11:12:29 --> Session: Class initialized using 'CodeIgniter\Session\Handlers\FileHandler' driver.
INFO - 2024-12-09 11:13:29 --> Session: Class initialized using 'CodeIgniter\Session\Handlers\FileHandler' driver.
INFO - 2024-12-09 11:14:02 --> Session: Class initialized using 'CodeIgniter\Session\Handlers\FileHandler' driver.
INFO - 2024-12-09 11:14:05 --> Session: Class initialized using 'CodeIgniter\Session\Handlers\FileHandler' driver.
INFO - 2024-12-09 11:14:24 --> Session: Class initialized using 'CodeIgniter\Session\Handlers\FileHandler' driver.
INFO - 2024-12-09 11:14:32 --> Session: Class initialized using 'CodeIgniter\Session\Handlers\FileHandler' driver.
INFO - 2024-12-09 11:14:38 --> Session: Class initialized using 'CodeIgniter\Session\Handlers\FileHandler' driver.
INFO - 2024-12-09 11:14:44 --> Session: Class initialized using 'CodeIgniter\Session\Handlers\FileHandler' driver.
INFO - 2024-12-09 11:14:54 --> Session: Class initialized using 'CodeIgniter\Session\Handlers\FileHandler' driver.
CRITICAL - 2024-12-09 11:14:54 --> ErrorException: Undefined array key "customer_id"
[Method: POST, Route: Seller/update-customer]
in APPPATH/Models/Seller_mdl.php on line 347.
 1 APPPATH/Models/Seller_mdl.php(347): CodeIgniter\Debug\Exceptions->errorHandler(2, 'Undefined array key "customer_id"', '/home/havellslighting/public_html/partner/app/Models/Seller_mdl.php', 347)
 2 APPPATH/Controllers/Seller_cntrl.php(1514): App\Models\Seller_mdl->updatecustomerdata([...])
 3 SYSTEMPATH/CodeIgniter.php(933): App\Controllers\Seller_cntrl->sellerupdatecustomer()
 4 SYSTEMPATH/CodeIgniter.php(509): CodeIgniter\CodeIgniter->runController(Object(App\Controllers\Seller_cntrl))
 5 SYSTEMPATH/CodeIgniter.php(355): CodeIgniter\CodeIgniter->handleRequest(null, Object(Config\Cache), false)
 6 SYSTEMPATH/Boot.php(325): CodeIgniter\CodeIgniter->run()
 7 SYSTEMPATH/Boot.php(67): CodeIgniter\Boot::runCodeIgniter(Object(CodeIgniter\CodeIgniter))
 8 FCPATH/index.php(57): CodeIgniter\Boot::bootWeb(Object(Config\Paths))
INFO - 2024-12-09 11:19:25 --> Session: Class initialized using 'CodeIgniter\Session\Handlers\FileHandler' driver.
CRITICAL - 2024-12-09 11:19:25 --> ErrorException: Undefined array key "customer_id"
[Method: POST, Route: Seller/update-customer]
in APPPATH/Models/Seller_mdl.php on line 347.
 1 APPPATH/Models/Seller_mdl.php(347): CodeIgniter\Debug\Exceptions->errorHandler(2, 'Undefined array key "customer_id"', '/home/havellslighting/public_html/partner/app/Models/Seller_mdl.php', 347)
 2 APPPATH/Controllers/Seller_cntrl.php(1514): App\Models\Seller_mdl->updatecustomerdata([...])
 3 SYSTEMPATH/CodeIgniter.php(933): App\Controllers\Seller_cntrl->sellerupdatecustomer()
 4 SYSTEMPATH/CodeIgniter.php(509): CodeIgniter\CodeIgniter->runController(Object(App\Controllers\Seller_cntrl))
 5 SYSTEMPATH/CodeIgniter.php(355): CodeIgniter\CodeIgniter->handleRequest(null, Object(Config\Cache), false)
 6 SYSTEMPATH/Boot.php(325): CodeIgniter\CodeIgniter->run()
 7 SYSTEMPATH/Boot.php(67): CodeIgniter\Boot::runCodeIgniter(Object(CodeIgniter\CodeIgniter))
 8 FCPATH/index.php(57): CodeIgniter\Boot::bootWeb(Object(Config\Paths))
INFO - 2024-12-09 11:19:31 --> Session: Class initialized using 'CodeIgniter\Session\Handlers\FileHandler' driver.
INFO - 2024-12-09 11:19:32 --> Session: Class initialized using 'CodeIgniter\Session\Handlers\FileHandler' driver.
INFO - 2024-12-09 11:19:32 --> Session: Class initialized using 'CodeIgniter\Session\Handlers\FileHandler' driver.
CRITICAL - 2024-12-09 11:19:32 --> ErrorException: Undefined array key "customer_id"
[Method: POST, Route: Seller/update-customer]
in APPPATH/Models/Seller_mdl.php on line 347.
 1 APPPATH/Models/Seller_mdl.php(347): CodeIgniter\Debug\Exceptions->errorHandler(2, 'Undefined array key "customer_id"', '/home/havellslighting/public_html/partner/app/Models/Seller_mdl.php', 347)
 2 APPPATH/Controllers/Seller_cntrl.php(1514): App\Models\Seller_mdl->updatecustomerdata([...])
 3 SYSTEMPATH/CodeIgniter.php(933): App\Controllers\Seller_cntrl->sellerupdatecustomer()
 4 SYSTEMPATH/CodeIgniter.php(509): CodeIgniter\CodeIgniter->runController(Object(App\Controllers\Seller_cntrl))
 5 SYSTEMPATH/CodeIgniter.php(355): CodeIgniter\CodeIgniter->handleRequest(null, Object(Config\Cache), false)
 6 SYSTEMPATH/Boot.php(325): CodeIgniter\CodeIgniter->run()
 7 SYSTEMPATH/Boot.php(67): CodeIgniter\Boot::runCodeIgniter(Object(CodeIgniter\CodeIgniter))
 8 FCPATH/index.php(57): CodeIgniter\Boot::bootWeb(Object(Config\Paths))
INFO - 2024-12-09 11:19:59 --> Session: Class initialized using 'CodeIgniter\Session\Handlers\FileHandler' driver.
INFO - 2024-12-09 11:20:01 --> Session: Class initialized using 'CodeIgniter\Session\Handlers\FileHandler' driver.
INFO - 2024-12-09 11:20:06 --> Session: Class initialized using 'CodeIgniter\Session\Handlers\FileHandler' driver.
INFO - 2024-12-09 11:20:11 --> Session: Class initialized using 'CodeIgniter\Session\Handlers\FileHandler' driver.
INFO - 2024-12-09 11:25:35 --> Session: Class initialized using 'CodeIgniter\Session\Handlers\FileHandler' driver.
INFO - 2024-12-09 11:38:06 --> Session: Class initialized using 'CodeIgniter\Session\Handlers\FileHandler' driver.
INFO - 2024-12-09 11:38:18 --> Session: Class initialized using 'CodeIgniter\Session\Handlers\FileHandler' driver.
INFO - 2024-12-09 11:38:19 --> Session: Class initialized using 'CodeIgniter\Session\Handlers\FileHandler' driver.
INFO - 2024-12-09 11:39:20 --> Session: Class initialized using 'CodeIgniter\Session\Handlers\FileHandler' driver.
INFO - 2024-12-09 11:39:30 --> Session: Class initialized using 'CodeIgniter\Session\Handlers\FileHandler' driver.
INFO - 2024-12-09 11:39:30 --> Session: Class initialized using 'CodeIgniter\Session\Handlers\FileHandler' driver.
INFO - 2024-12-09 11:40:02 --> Session: Class initialized using 'CodeIgniter\Session\Handlers\FileHandler' driver.
INFO - 2024-12-09 11:40:29 --> Session: Class initialized using 'CodeIgniter\Session\Handlers\FileHandler' driver.
INFO - 2024-12-09 11:40:55 --> Session: Class initialized using 'CodeIgniter\Session\Handlers\FileHandler' driver.
INFO - 2024-12-09 11:43:14 --> Session: Class initialized using 'CodeIgniter\Session\Handlers\FileHandler' driver.
INFO - 2024-12-09 11:45:52 --> Session: Class initialized using 'CodeIgniter\Session\Handlers\FileHandler' driver.
INFO - 2024-12-09 11:45:56 --> Session: Class initialized using 'CodeIgniter\Session\Handlers\FileHandler' driver.
INFO - 2024-12-09 11:48:27 --> Session: Class initialized using 'CodeIgniter\Session\Handlers\FileHandler' driver.
INFO - 2024-12-09 11:49:58 --> Session: Class initialized using 'CodeIgniter\Session\Handlers\FileHandler' driver.
INFO - 2024-12-09 11:50:26 --> Session: Class initialized using 'CodeIgniter\Session\Handlers\FileHandler' driver.
INFO - 2024-12-09 11:50:27 --> Session: Class initialized using 'CodeIgniter\Session\Handlers\FileHandler' driver.
INFO - 2024-12-09 11:50:29 --> Session: Class initialized using 'CodeIgniter\Session\Handlers\FileHandler' driver.
