CRITICAL - 2025-01-09 06:39:49 --> BadMethodCallException: Call to undefined method App\Models\Admin_mdl::checkselleravaialble
[Method: POST, Route: admin/update-person]
in SYSTEMPATH/Model.php on line 932.
 1 APPPATH/Controllers/Admin_cntrl.php(1722): CodeIgniter\Model->__call('checkselleravaialble', [...])
 2 SYSTEMPATH/CodeIgniter.php(933): App\Controllers\Admin_cntrl->adminupdateperson()
 3 SYSTEMPATH/CodeIgniter.php(509): CodeIgniter\CodeIgniter->runController(Object(App\Controllers\Admin_cntrl))
 4 SYSTEMPATH/CodeIgniter.php(355): CodeIgniter\CodeIgniter->handleRequest(null, Object(Config\Cache), false)
 5 SYSTEMPATH/Boot.php(325): CodeIgniter\CodeIgniter->run()
 6 SYSTEMPATH/Boot.php(67): CodeIgniter\Boot::runCodeIgniter(Object(CodeIgniter\CodeIgniter))
 7 FCPATH/index.php(57): CodeIgniter\Boot::bootWeb(Object(Config\Paths))
CRITICAL - 2025-01-09 06:39:53 --> BadMethodCallException: Call to undefined method App\Models\Admin_mdl::checkselleravaialble
[Method: POST, Route: admin/update-person]
in SYSTEMPATH/Model.php on line 932.
 1 APPPATH/Controllers/Admin_cntrl.php(1722): CodeIgniter\Model->__call('checkselleravaialble', [...])
 2 SYSTEMPATH/CodeIgniter.php(933): App\Controllers\Admin_cntrl->adminupdateperson()
 3 SYSTEMPATH/CodeIgniter.php(509): CodeIgniter\CodeIgniter->runController(Object(App\Controllers\Admin_cntrl))
 4 SYSTEMPATH/CodeIgniter.php(355): CodeIgniter\CodeIgniter->handleRequest(null, Object(Config\Cache), false)
 5 SYSTEMPATH/Boot.php(325): CodeIgniter\CodeIgniter->run()
 6 SYSTEMPATH/Boot.php(67): CodeIgniter\Boot::runCodeIgniter(Object(CodeIgniter\CodeIgniter))
 7 FCPATH/index.php(57): CodeIgniter\Boot::bootWeb(Object(Config\Paths))
