WARNING - 2025-05-26 09:23:14 --> [DEPRECATED] Optional parameter $status declared before required parameter $log_type is implicitly treated as a required parameter in APPPATH/Helpers/log_helper.php on line 16.
 1 SYSTEMPATH/Common.php(641): include_once('/home/havellslighting/public_html/partner1.havellslighting.com/vendor/codeigniter4/framework/system/Debug/Exceptions.php')
 2 SYSTEMPATH/Autoloader/Autoloader.php(487): helper([...])
 3 SYSTEMPATH/Boot.php(249): CodeIgniter\Autoloader\Autoloader->loadHelpers()
 4 SYSTEMPATH/Boot.php(64): CodeIgniter\Boot::autoloadHelpers()
 5 FCPATH/index.php(57): CodeIgniter\Boot::bootWeb(Object(Config\Paths))
DEBUG - 2025-05-26 09:23:14 --> Session: Class initialized using 'CodeIgniter\Session\Handlers\FileHandler' driver.
WARNING - 2025-05-26 09:23:18 --> [DEPRECATED] Optional parameter $status declared before required parameter $log_type is implicitly treated as a required parameter in APPPATH/Helpers/log_helper.php on line 16.
 1 SYSTEMPATH/Common.php(641): include_once('/home/havellslighting/public_html/partner1.havellslighting.com/vendor/codeigniter4/framework/system/Debug/Exceptions.php')
 2 SYSTEMPATH/Autoloader/Autoloader.php(487): helper([...])
 3 SYSTEMPATH/Boot.php(249): CodeIgniter\Autoloader\Autoloader->loadHelpers()
 4 SYSTEMPATH/Boot.php(64): CodeIgniter\Boot::autoloadHelpers()
 5 FCPATH/index.php(57): CodeIgniter\Boot::bootWeb(Object(Config\Paths))
DEBUG - 2025-05-26 09:23:18 --> Session: Class initialized using 'CodeIgniter\Session\Handlers\FileHandler' driver.
WARNING - 2025-05-26 09:23:23 --> [DEPRECATED] Optional parameter $status declared before required parameter $log_type is implicitly treated as a required parameter in APPPATH/Helpers/log_helper.php on line 16.
 1 SYSTEMPATH/Common.php(641): include_once('/home/havellslighting/public_html/partner1.havellslighting.com/vendor/codeigniter4/framework/system/Debug/Exceptions.php')
 2 SYSTEMPATH/Autoloader/Autoloader.php(487): helper([...])
 3 SYSTEMPATH/Boot.php(249): CodeIgniter\Autoloader\Autoloader->loadHelpers()
 4 SYSTEMPATH/Boot.php(64): CodeIgniter\Boot::autoloadHelpers()
 5 FCPATH/index.php(57): CodeIgniter\Boot::bootWeb(Object(Config\Paths))
WARNING - 2025-05-26 09:23:27 --> [DEPRECATED] Optional parameter $status declared before required parameter $log_type is implicitly treated as a required parameter in APPPATH/Helpers/log_helper.php on line 16.
 1 SYSTEMPATH/Common.php(641): include_once('/home/havellslighting/public_html/partner1.havellslighting.com/vendor/codeigniter4/framework/system/Debug/Exceptions.php')
 2 SYSTEMPATH/Autoloader/Autoloader.php(487): helper([...])
 3 SYSTEMPATH/Boot.php(249): CodeIgniter\Autoloader\Autoloader->loadHelpers()
 4 SYSTEMPATH/Boot.php(64): CodeIgniter\Boot::autoloadHelpers()
 5 FCPATH/index.php(57): CodeIgniter\Boot::bootWeb(Object(Config\Paths))
WARNING - 2025-05-26 09:23:31 --> [DEPRECATED] Optional parameter $status declared before required parameter $log_type is implicitly treated as a required parameter in APPPATH/Helpers/log_helper.php on line 16.
 1 SYSTEMPATH/Common.php(641): include_once('/home/havellslighting/public_html/partner1.havellslighting.com/vendor/codeigniter4/framework/system/Debug/Exceptions.php')
 2 SYSTEMPATH/Autoloader/Autoloader.php(487): helper([...])
 3 SYSTEMPATH/Boot.php(249): CodeIgniter\Autoloader\Autoloader->loadHelpers()
 4 SYSTEMPATH/Boot.php(64): CodeIgniter\Boot::autoloadHelpers()
 5 FCPATH/index.php(57): CodeIgniter\Boot::bootWeb(Object(Config\Paths))
WARNING - 2025-05-26 09:23:36 --> [DEPRECATED] Optional parameter $status declared before required parameter $log_type is implicitly treated as a required parameter in APPPATH/Helpers/log_helper.php on line 16.
 1 SYSTEMPATH/Common.php(641): include_once('/home/havellslighting/public_html/partner1.havellslighting.com/vendor/codeigniter4/framework/system/Debug/Exceptions.php')
 2 SYSTEMPATH/Autoloader/Autoloader.php(487): helper([...])
 3 SYSTEMPATH/Boot.php(249): CodeIgniter\Autoloader\Autoloader->loadHelpers()
 4 SYSTEMPATH/Boot.php(64): CodeIgniter\Boot::autoloadHelpers()
 5 FCPATH/index.php(57): CodeIgniter\Boot::bootWeb(Object(Config\Paths))
WARNING - 2025-05-26 09:23:40 --> [DEPRECATED] Optional parameter $status declared before required parameter $log_type is implicitly treated as a required parameter in APPPATH/Helpers/log_helper.php on line 16.
 1 SYSTEMPATH/Common.php(641): include_once('/home/havellslighting/public_html/partner1.havellslighting.com/vendor/codeigniter4/framework/system/Debug/Exceptions.php')
 2 SYSTEMPATH/Autoloader/Autoloader.php(487): helper([...])
 3 SYSTEMPATH/Boot.php(249): CodeIgniter\Autoloader\Autoloader->loadHelpers()
 4 SYSTEMPATH/Boot.php(64): CodeIgniter\Boot::autoloadHelpers()
 5 FCPATH/index.php(57): CodeIgniter\Boot::bootWeb(Object(Config\Paths))
WARNING - 2025-05-26 09:23:45 --> [DEPRECATED] Optional parameter $status declared before required parameter $log_type is implicitly treated as a required parameter in APPPATH/Helpers/log_helper.php on line 16.
 1 SYSTEMPATH/Common.php(641): include_once('/home/havellslighting/public_html/partner1.havellslighting.com/vendor/codeigniter4/framework/system/Debug/Exceptions.php')
 2 SYSTEMPATH/Autoloader/Autoloader.php(487): helper([...])
 3 SYSTEMPATH/Boot.php(249): CodeIgniter\Autoloader\Autoloader->loadHelpers()
 4 SYSTEMPATH/Boot.php(64): CodeIgniter\Boot::autoloadHelpers()
 5 FCPATH/index.php(57): CodeIgniter\Boot::bootWeb(Object(Config\Paths))
WARNING - 2025-05-26 09:23:49 --> [DEPRECATED] Optional parameter $status declared before required parameter $log_type is implicitly treated as a required parameter in APPPATH/Helpers/log_helper.php on line 16.
 1 SYSTEMPATH/Common.php(641): include_once('/home/havellslighting/public_html/partner1.havellslighting.com/vendor/codeigniter4/framework/system/Debug/Exceptions.php')
 2 SYSTEMPATH/Autoloader/Autoloader.php(487): helper([...])
 3 SYSTEMPATH/Boot.php(249): CodeIgniter\Autoloader\Autoloader->loadHelpers()
 4 SYSTEMPATH/Boot.php(64): CodeIgniter\Boot::autoloadHelpers()
 5 FCPATH/index.php(57): CodeIgniter\Boot::bootWeb(Object(Config\Paths))
WARNING - 2025-05-26 09:23:54 --> [DEPRECATED] Optional parameter $status declared before required parameter $log_type is implicitly treated as a required parameter in APPPATH/Helpers/log_helper.php on line 16.
 1 SYSTEMPATH/Common.php(641): include_once('/home/havellslighting/public_html/partner1.havellslighting.com/vendor/codeigniter4/framework/system/Debug/Exceptions.php')
 2 SYSTEMPATH/Autoloader/Autoloader.php(487): helper([...])
 3 SYSTEMPATH/Boot.php(249): CodeIgniter\Autoloader\Autoloader->loadHelpers()
 4 SYSTEMPATH/Boot.php(64): CodeIgniter\Boot::autoloadHelpers()
 5 FCPATH/index.php(57): CodeIgniter\Boot::bootWeb(Object(Config\Paths))
WARNING - 2025-05-26 09:23:59 --> [DEPRECATED] Optional parameter $status declared before required parameter $log_type is implicitly treated as a required parameter in APPPATH/Helpers/log_helper.php on line 16.
 1 SYSTEMPATH/Common.php(641): include_once('/home/havellslighting/public_html/partner1.havellslighting.com/vendor/codeigniter4/framework/system/Debug/Exceptions.php')
 2 SYSTEMPATH/Autoloader/Autoloader.php(487): helper([...])
 3 SYSTEMPATH/Boot.php(249): CodeIgniter\Autoloader\Autoloader->loadHelpers()
 4 SYSTEMPATH/Boot.php(64): CodeIgniter\Boot::autoloadHelpers()
 5 FCPATH/index.php(57): CodeIgniter\Boot::bootWeb(Object(Config\Paths))
WARNING - 2025-05-26 09:24:03 --> [DEPRECATED] Optional parameter $status declared before required parameter $log_type is implicitly treated as a required parameter in APPPATH/Helpers/log_helper.php on line 16.
 1 SYSTEMPATH/Common.php(641): include_once('/home/havellslighting/public_html/partner1.havellslighting.com/vendor/codeigniter4/framework/system/Debug/Exceptions.php')
 2 SYSTEMPATH/Autoloader/Autoloader.php(487): helper([...])
 3 SYSTEMPATH/Boot.php(249): CodeIgniter\Autoloader\Autoloader->loadHelpers()
 4 SYSTEMPATH/Boot.php(64): CodeIgniter\Boot::autoloadHelpers()
 5 FCPATH/index.php(57): CodeIgniter\Boot::bootWeb(Object(Config\Paths))
WARNING - 2025-05-26 09:24:09 --> [DEPRECATED] Optional parameter $status declared before required parameter $log_type is implicitly treated as a required parameter in APPPATH/Helpers/log_helper.php on line 16.
 1 SYSTEMPATH/Common.php(641): include_once('/home/havellslighting/public_html/partner1.havellslighting.com/vendor/codeigniter4/framework/system/Debug/Exceptions.php')
 2 SYSTEMPATH/Autoloader/Autoloader.php(487): helper([...])
 3 SYSTEMPATH/Boot.php(249): CodeIgniter\Autoloader\Autoloader->loadHelpers()
 4 SYSTEMPATH/Boot.php(64): CodeIgniter\Boot::autoloadHelpers()
 5 FCPATH/index.php(57): CodeIgniter\Boot::bootWeb(Object(Config\Paths))
WARNING - 2025-05-26 20:10:52 --> [DEPRECATED] Optional parameter $status declared before required parameter $log_type is implicitly treated as a required parameter in APPPATH/Helpers/log_helper.php on line 16.
 1 SYSTEMPATH/Common.php(641): include_once('/home/havellslighting/public_html/partner1.havellslighting.com/vendor/codeigniter4/framework/system/Debug/Exceptions.php')
 2 SYSTEMPATH/Autoloader/Autoloader.php(487): helper([...])
 3 SYSTEMPATH/Boot.php(249): CodeIgniter\Autoloader\Autoloader->loadHelpers()
 4 SYSTEMPATH/Boot.php(64): CodeIgniter\Boot::autoloadHelpers()
 5 FCPATH/index.php(57): CodeIgniter\Boot::bootWeb(Object(Config\Paths))
DEBUG - 2025-05-26 20:10:53 --> Session: Class initialized using 'CodeIgniter\Session\Handlers\FileHandler' driver.
WARNING - 2025-05-26 20:15:44 --> [DEPRECATED] Optional parameter $status declared before required parameter $log_type is implicitly treated as a required parameter in APPPATH/Helpers/log_helper.php on line 16.
 1 SYSTEMPATH/Common.php(641): include_once('/home/havellslighting/public_html/partner1.havellslighting.com/vendor/codeigniter4/framework/system/Debug/Exceptions.php')
 2 SYSTEMPATH/Autoloader/Autoloader.php(487): helper([...])
 3 SYSTEMPATH/Boot.php(249): CodeIgniter\Autoloader\Autoloader->loadHelpers()
 4 SYSTEMPATH/Boot.php(64): CodeIgniter\Boot::autoloadHelpers()
 5 FCPATH/index.php(57): CodeIgniter\Boot::bootWeb(Object(Config\Paths))
WARNING - 2025-05-26 20:15:58 --> [DEPRECATED] Optional parameter $status declared before required parameter $log_type is implicitly treated as a required parameter in APPPATH/Helpers/log_helper.php on line 16.
 1 SYSTEMPATH/Common.php(641): include_once('/home/havellslighting/public_html/partner1.havellslighting.com/vendor/codeigniter4/framework/system/Debug/Exceptions.php')
 2 SYSTEMPATH/Autoloader/Autoloader.php(487): helper([...])
 3 SYSTEMPATH/Boot.php(249): CodeIgniter\Autoloader\Autoloader->loadHelpers()
 4 SYSTEMPATH/Boot.php(64): CodeIgniter\Boot::autoloadHelpers()
 5 FCPATH/index.php(57): CodeIgniter\Boot::bootWeb(Object(Config\Paths))
WARNING - 2025-05-26 23:55:04 --> [DEPRECATED] Optional parameter $status declared before required parameter $log_type is implicitly treated as a required parameter in APPPATH/Helpers/log_helper.php on line 16.
 1 SYSTEMPATH/Common.php(641): include_once('/home/havellslighting/public_html/partner1.havellslighting.com/vendor/codeigniter4/framework/system/Debug/Exceptions.php')
 2 SYSTEMPATH/Autoloader/Autoloader.php(487): helper([...])
 3 SYSTEMPATH/Boot.php(249): CodeIgniter\Autoloader\Autoloader->loadHelpers()
 4 SYSTEMPATH/Boot.php(64): CodeIgniter\Boot::autoloadHelpers()
 5 FCPATH/index.php(57): CodeIgniter\Boot::bootWeb(Object(Config\Paths))
WARNING - 2025-05-26 23:55:05 --> [DEPRECATED] Optional parameter $status declared before required parameter $log_type is implicitly treated as a required parameter in APPPATH/Helpers/log_helper.php on line 16.
 1 SYSTEMPATH/Common.php(641): include_once('/home/havellslighting/public_html/partner1.havellslighting.com/vendor/codeigniter4/framework/system/Debug/Exceptions.php')
 2 SYSTEMPATH/Autoloader/Autoloader.php(487): helper([...])
 3 SYSTEMPATH/Boot.php(249): CodeIgniter\Autoloader\Autoloader->loadHelpers()
 4 SYSTEMPATH/Boot.php(64): CodeIgniter\Boot::autoloadHelpers()
 5 FCPATH/index.php(57): CodeIgniter\Boot::bootWeb(Object(Config\Paths))
WARNING - 2025-05-26 23:59:08 --> [DEPRECATED] Optional parameter $status declared before required parameter $log_type is implicitly treated as a required parameter in APPPATH/Helpers/log_helper.php on line 16.
 1 SYSTEMPATH/Common.php(641): include_once('/home/havellslighting/public_html/partner1.havellslighting.com/vendor/codeigniter4/framework/system/Debug/Exceptions.php')
 2 SYSTEMPATH/Autoloader/Autoloader.php(487): helper([...])
 3 SYSTEMPATH/Boot.php(249): CodeIgniter\Autoloader\Autoloader->loadHelpers()
 4 SYSTEMPATH/Boot.php(64): CodeIgniter\Boot::autoloadHelpers()
 5 FCPATH/index.php(57): CodeIgniter\Boot::bootWeb(Object(Config\Paths))
