WARNING - 2025-05-06 01:18:06 --> [DEPRECATED] Optional parameter $status declared before required parameter $log_type is implicitly treated as a required parameter in APPPATH/Helpers/log_helper.php on line 16.
 1 SYSTEMPATH/Common.php(641): include_once('/home/havellslighting/public_html/partner1.havellslighting.com/vendor/codeigniter4/framework/system/Debug/Exceptions.php')
 2 SYSTEMPATH/Autoloader/Autoloader.php(487): helper([...])
 3 SYSTEMPATH/Boot.php(249): CodeIgniter\Autoloader\Autoloader->loadHelpers()
 4 SYSTEMPATH/Boot.php(64): CodeIgniter\Boot::autoloadHelpers()
 5 FCPATH/index.php(57): CodeIgniter\Boot::bootWeb(Object(Config\Paths))
DEBUG - 2025-05-06 01:18:06 --> Session: Class initialized using 'CodeIgniter\Session\Handlers\FileHandler' driver.
WARNING - 2025-05-06 01:18:10 --> [DEPRECATED] Optional parameter $status declared before required parameter $log_type is implicitly treated as a required parameter in APPPATH/Helpers/log_helper.php on line 16.
 1 SYSTEMPATH/Common.php(641): include_once('/home/havellslighting/public_html/partner1.havellslighting.com/vendor/codeigniter4/framework/system/Debug/Exceptions.php')
 2 SYSTEMPATH/Autoloader/Autoloader.php(487): helper([...])
 3 SYSTEMPATH/Boot.php(249): CodeIgniter\Autoloader\Autoloader->loadHelpers()
 4 SYSTEMPATH/Boot.php(64): CodeIgniter\Boot::autoloadHelpers()
 5 FCPATH/index.php(57): CodeIgniter\Boot::bootWeb(Object(Config\Paths))
DEBUG - 2025-05-06 01:18:10 --> Session: Class initialized using 'CodeIgniter\Session\Handlers\FileHandler' driver.
WARNING - 2025-05-06 01:18:14 --> [DEPRECATED] Optional parameter $status declared before required parameter $log_type is implicitly treated as a required parameter in APPPATH/Helpers/log_helper.php on line 16.
 1 SYSTEMPATH/Common.php(641): include_once('/home/havellslighting/public_html/partner1.havellslighting.com/vendor/codeigniter4/framework/system/Debug/Exceptions.php')
 2 SYSTEMPATH/Autoloader/Autoloader.php(487): helper([...])
 3 SYSTEMPATH/Boot.php(249): CodeIgniter\Autoloader\Autoloader->loadHelpers()
 4 SYSTEMPATH/Boot.php(64): CodeIgniter\Boot::autoloadHelpers()
 5 FCPATH/index.php(57): CodeIgniter\Boot::bootWeb(Object(Config\Paths))
WARNING - 2025-05-06 01:18:17 --> [DEPRECATED] Optional parameter $status declared before required parameter $log_type is implicitly treated as a required parameter in APPPATH/Helpers/log_helper.php on line 16.
 1 SYSTEMPATH/Common.php(641): include_once('/home/havellslighting/public_html/partner1.havellslighting.com/vendor/codeigniter4/framework/system/Debug/Exceptions.php')
 2 SYSTEMPATH/Autoloader/Autoloader.php(487): helper([...])
 3 SYSTEMPATH/Boot.php(249): CodeIgniter\Autoloader\Autoloader->loadHelpers()
 4 SYSTEMPATH/Boot.php(64): CodeIgniter\Boot::autoloadHelpers()
 5 FCPATH/index.php(57): CodeIgniter\Boot::bootWeb(Object(Config\Paths))
WARNING - 2025-05-06 01:18:29 --> [DEPRECATED] Optional parameter $status declared before required parameter $log_type is implicitly treated as a required parameter in APPPATH/Helpers/log_helper.php on line 16.
 1 SYSTEMPATH/Common.php(641): include_once('/home/havellslighting/public_html/partner1.havellslighting.com/vendor/codeigniter4/framework/system/Debug/Exceptions.php')
 2 SYSTEMPATH/Autoloader/Autoloader.php(487): helper([...])
 3 SYSTEMPATH/Boot.php(249): CodeIgniter\Autoloader\Autoloader->loadHelpers()
 4 SYSTEMPATH/Boot.php(64): CodeIgniter\Boot::autoloadHelpers()
 5 FCPATH/index.php(57): CodeIgniter\Boot::bootWeb(Object(Config\Paths))
WARNING - 2025-05-06 01:18:33 --> [DEPRECATED] Optional parameter $status declared before required parameter $log_type is implicitly treated as a required parameter in APPPATH/Helpers/log_helper.php on line 16.
 1 SYSTEMPATH/Common.php(641): include_once('/home/havellslighting/public_html/partner1.havellslighting.com/vendor/codeigniter4/framework/system/Debug/Exceptions.php')
 2 SYSTEMPATH/Autoloader/Autoloader.php(487): helper([...])
 3 SYSTEMPATH/Boot.php(249): CodeIgniter\Autoloader\Autoloader->loadHelpers()
 4 SYSTEMPATH/Boot.php(64): CodeIgniter\Boot::autoloadHelpers()
 5 FCPATH/index.php(57): CodeIgniter\Boot::bootWeb(Object(Config\Paths))
WARNING - 2025-05-06 01:18:37 --> [DEPRECATED] Optional parameter $status declared before required parameter $log_type is implicitly treated as a required parameter in APPPATH/Helpers/log_helper.php on line 16.
 1 SYSTEMPATH/Common.php(641): include_once('/home/havellslighting/public_html/partner1.havellslighting.com/vendor/codeigniter4/framework/system/Debug/Exceptions.php')
 2 SYSTEMPATH/Autoloader/Autoloader.php(487): helper([...])
 3 SYSTEMPATH/Boot.php(249): CodeIgniter\Autoloader\Autoloader->loadHelpers()
 4 SYSTEMPATH/Boot.php(64): CodeIgniter\Boot::autoloadHelpers()
 5 FCPATH/index.php(57): CodeIgniter\Boot::bootWeb(Object(Config\Paths))
WARNING - 2025-05-06 01:18:45 --> [DEPRECATED] Optional parameter $status declared before required parameter $log_type is implicitly treated as a required parameter in APPPATH/Helpers/log_helper.php on line 16.
 1 SYSTEMPATH/Common.php(641): include_once('/home/havellslighting/public_html/partner1.havellslighting.com/vendor/codeigniter4/framework/system/Debug/Exceptions.php')
 2 SYSTEMPATH/Autoloader/Autoloader.php(487): helper([...])
 3 SYSTEMPATH/Boot.php(249): CodeIgniter\Autoloader\Autoloader->loadHelpers()
 4 SYSTEMPATH/Boot.php(64): CodeIgniter\Boot::autoloadHelpers()
 5 FCPATH/index.php(57): CodeIgniter\Boot::bootWeb(Object(Config\Paths))
WARNING - 2025-05-06 01:18:51 --> [DEPRECATED] Optional parameter $status declared before required parameter $log_type is implicitly treated as a required parameter in APPPATH/Helpers/log_helper.php on line 16.
 1 SYSTEMPATH/Common.php(641): include_once('/home/havellslighting/public_html/partner1.havellslighting.com/vendor/codeigniter4/framework/system/Debug/Exceptions.php')
 2 SYSTEMPATH/Autoloader/Autoloader.php(487): helper([...])
 3 SYSTEMPATH/Boot.php(249): CodeIgniter\Autoloader\Autoloader->loadHelpers()
 4 SYSTEMPATH/Boot.php(64): CodeIgniter\Boot::autoloadHelpers()
 5 FCPATH/index.php(57): CodeIgniter\Boot::bootWeb(Object(Config\Paths))
WARNING - 2025-05-06 01:18:58 --> [DEPRECATED] Optional parameter $status declared before required parameter $log_type is implicitly treated as a required parameter in APPPATH/Helpers/log_helper.php on line 16.
 1 SYSTEMPATH/Common.php(641): include_once('/home/havellslighting/public_html/partner1.havellslighting.com/vendor/codeigniter4/framework/system/Debug/Exceptions.php')
 2 SYSTEMPATH/Autoloader/Autoloader.php(487): helper([...])
 3 SYSTEMPATH/Boot.php(249): CodeIgniter\Autoloader\Autoloader->loadHelpers()
 4 SYSTEMPATH/Boot.php(64): CodeIgniter\Boot::autoloadHelpers()
 5 FCPATH/index.php(57): CodeIgniter\Boot::bootWeb(Object(Config\Paths))
WARNING - 2025-05-06 01:19:35 --> [DEPRECATED] Optional parameter $status declared before required parameter $log_type is implicitly treated as a required parameter in APPPATH/Helpers/log_helper.php on line 16.
 1 SYSTEMPATH/Common.php(641): include_once('/home/havellslighting/public_html/partner1.havellslighting.com/vendor/codeigniter4/framework/system/Debug/Exceptions.php')
 2 SYSTEMPATH/Autoloader/Autoloader.php(487): helper([...])
 3 SYSTEMPATH/Boot.php(249): CodeIgniter\Autoloader\Autoloader->loadHelpers()
 4 SYSTEMPATH/Boot.php(64): CodeIgniter\Boot::autoloadHelpers()
 5 FCPATH/index.php(57): CodeIgniter\Boot::bootWeb(Object(Config\Paths))
WARNING - 2025-05-06 01:19:58 --> [DEPRECATED] Optional parameter $status declared before required parameter $log_type is implicitly treated as a required parameter in APPPATH/Helpers/log_helper.php on line 16.
 1 SYSTEMPATH/Common.php(641): include_once('/home/havellslighting/public_html/partner1.havellslighting.com/vendor/codeigniter4/framework/system/Debug/Exceptions.php')
 2 SYSTEMPATH/Autoloader/Autoloader.php(487): helper([...])
 3 SYSTEMPATH/Boot.php(249): CodeIgniter\Autoloader\Autoloader->loadHelpers()
 4 SYSTEMPATH/Boot.php(64): CodeIgniter\Boot::autoloadHelpers()
 5 FCPATH/index.php(57): CodeIgniter\Boot::bootWeb(Object(Config\Paths))
WARNING - 2025-05-06 01:19:59 --> [DEPRECATED] Optional parameter $status declared before required parameter $log_type is implicitly treated as a required parameter in APPPATH/Helpers/log_helper.php on line 16.
 1 SYSTEMPATH/Common.php(641): include_once('/home/havellslighting/public_html/partner1.havellslighting.com/vendor/codeigniter4/framework/system/Debug/Exceptions.php')
 2 SYSTEMPATH/Autoloader/Autoloader.php(487): helper([...])
 3 SYSTEMPATH/Boot.php(249): CodeIgniter\Autoloader\Autoloader->loadHelpers()
 4 SYSTEMPATH/Boot.php(64): CodeIgniter\Boot::autoloadHelpers()
 5 FCPATH/index.php(57): CodeIgniter\Boot::bootWeb(Object(Config\Paths))
WARNING - 2025-05-06 10:14:07 --> [DEPRECATED] Optional parameter $status declared before required parameter $log_type is implicitly treated as a required parameter in APPPATH/Helpers/log_helper.php on line 16.
 1 SYSTEMPATH/Common.php(641): include_once('/home/havellslighting/public_html/partner1.havellslighting.com/vendor/codeigniter4/framework/system/Debug/Exceptions.php')
 2 SYSTEMPATH/Autoloader/Autoloader.php(487): helper([...])
 3 SYSTEMPATH/Boot.php(249): CodeIgniter\Autoloader\Autoloader->loadHelpers()
 4 SYSTEMPATH/Boot.php(64): CodeIgniter\Boot::autoloadHelpers()
 5 FCPATH/index.php(57): CodeIgniter\Boot::bootWeb(Object(Config\Paths))
DEBUG - 2025-05-06 10:14:07 --> Session: Class initialized using 'CodeIgniter\Session\Handlers\FileHandler' driver.
WARNING - 2025-05-06 10:14:10 --> [DEPRECATED] Optional parameter $status declared before required parameter $log_type is implicitly treated as a required parameter in APPPATH/Helpers/log_helper.php on line 16.
 1 SYSTEMPATH/Common.php(641): include_once('/home/havellslighting/public_html/partner1.havellslighting.com/vendor/codeigniter4/framework/system/Debug/Exceptions.php')
 2 SYSTEMPATH/Autoloader/Autoloader.php(487): helper([...])
 3 SYSTEMPATH/Boot.php(249): CodeIgniter\Autoloader\Autoloader->loadHelpers()
 4 SYSTEMPATH/Boot.php(64): CodeIgniter\Boot::autoloadHelpers()
 5 FCPATH/index.php(57): CodeIgniter\Boot::bootWeb(Object(Config\Paths))
DEBUG - 2025-05-06 10:14:10 --> Session: Class initialized using 'CodeIgniter\Session\Handlers\FileHandler' driver.
WARNING - 2025-05-06 10:14:16 --> [DEPRECATED] Optional parameter $status declared before required parameter $log_type is implicitly treated as a required parameter in APPPATH/Helpers/log_helper.php on line 16.
 1 SYSTEMPATH/Common.php(641): include_once('/home/havellslighting/public_html/partner1.havellslighting.com/vendor/codeigniter4/framework/system/Debug/Exceptions.php')
 2 SYSTEMPATH/Autoloader/Autoloader.php(487): helper([...])
 3 SYSTEMPATH/Boot.php(249): CodeIgniter\Autoloader\Autoloader->loadHelpers()
 4 SYSTEMPATH/Boot.php(64): CodeIgniter\Boot::autoloadHelpers()
 5 FCPATH/index.php(57): CodeIgniter\Boot::bootWeb(Object(Config\Paths))
WARNING - 2025-05-06 10:14:24 --> [DEPRECATED] Optional parameter $status declared before required parameter $log_type is implicitly treated as a required parameter in APPPATH/Helpers/log_helper.php on line 16.
 1 SYSTEMPATH/Common.php(641): include_once('/home/havellslighting/public_html/partner1.havellslighting.com/vendor/codeigniter4/framework/system/Debug/Exceptions.php')
 2 SYSTEMPATH/Autoloader/Autoloader.php(487): helper([...])
 3 SYSTEMPATH/Boot.php(249): CodeIgniter\Autoloader\Autoloader->loadHelpers()
 4 SYSTEMPATH/Boot.php(64): CodeIgniter\Boot::autoloadHelpers()
 5 FCPATH/index.php(57): CodeIgniter\Boot::bootWeb(Object(Config\Paths))
WARNING - 2025-05-06 10:14:30 --> [DEPRECATED] Optional parameter $status declared before required parameter $log_type is implicitly treated as a required parameter in APPPATH/Helpers/log_helper.php on line 16.
 1 SYSTEMPATH/Common.php(641): include_once('/home/havellslighting/public_html/partner1.havellslighting.com/vendor/codeigniter4/framework/system/Debug/Exceptions.php')
 2 SYSTEMPATH/Autoloader/Autoloader.php(487): helper([...])
 3 SYSTEMPATH/Boot.php(249): CodeIgniter\Autoloader\Autoloader->loadHelpers()
 4 SYSTEMPATH/Boot.php(64): CodeIgniter\Boot::autoloadHelpers()
 5 FCPATH/index.php(57): CodeIgniter\Boot::bootWeb(Object(Config\Paths))
WARNING - 2025-05-06 10:14:40 --> [DEPRECATED] Optional parameter $status declared before required parameter $log_type is implicitly treated as a required parameter in APPPATH/Helpers/log_helper.php on line 16.
 1 SYSTEMPATH/Common.php(641): include_once('/home/havellslighting/public_html/partner1.havellslighting.com/vendor/codeigniter4/framework/system/Debug/Exceptions.php')
 2 SYSTEMPATH/Autoloader/Autoloader.php(487): helper([...])
 3 SYSTEMPATH/Boot.php(249): CodeIgniter\Autoloader\Autoloader->loadHelpers()
 4 SYSTEMPATH/Boot.php(64): CodeIgniter\Boot::autoloadHelpers()
 5 FCPATH/index.php(57): CodeIgniter\Boot::bootWeb(Object(Config\Paths))
WARNING - 2025-05-06 10:14:43 --> [DEPRECATED] Optional parameter $status declared before required parameter $log_type is implicitly treated as a required parameter in APPPATH/Helpers/log_helper.php on line 16.
 1 SYSTEMPATH/Common.php(641): include_once('/home/havellslighting/public_html/partner1.havellslighting.com/vendor/codeigniter4/framework/system/Debug/Exceptions.php')
 2 SYSTEMPATH/Autoloader/Autoloader.php(487): helper([...])
 3 SYSTEMPATH/Boot.php(249): CodeIgniter\Autoloader\Autoloader->loadHelpers()
 4 SYSTEMPATH/Boot.php(64): CodeIgniter\Boot::autoloadHelpers()
 5 FCPATH/index.php(57): CodeIgniter\Boot::bootWeb(Object(Config\Paths))
WARNING - 2025-05-06 10:14:45 --> [DEPRECATED] Optional parameter $status declared before required parameter $log_type is implicitly treated as a required parameter in APPPATH/Helpers/log_helper.php on line 16.
 1 SYSTEMPATH/Common.php(641): include_once('/home/havellslighting/public_html/partner1.havellslighting.com/vendor/codeigniter4/framework/system/Debug/Exceptions.php')
 2 SYSTEMPATH/Autoloader/Autoloader.php(487): helper([...])
 3 SYSTEMPATH/Boot.php(249): CodeIgniter\Autoloader\Autoloader->loadHelpers()
 4 SYSTEMPATH/Boot.php(64): CodeIgniter\Boot::autoloadHelpers()
 5 FCPATH/index.php(57): CodeIgniter\Boot::bootWeb(Object(Config\Paths))
WARNING - 2025-05-06 10:14:50 --> [DEPRECATED] Optional parameter $status declared before required parameter $log_type is implicitly treated as a required parameter in APPPATH/Helpers/log_helper.php on line 16.
 1 SYSTEMPATH/Common.php(641): include_once('/home/havellslighting/public_html/partner1.havellslighting.com/vendor/codeigniter4/framework/system/Debug/Exceptions.php')
 2 SYSTEMPATH/Autoloader/Autoloader.php(487): helper([...])
 3 SYSTEMPATH/Boot.php(249): CodeIgniter\Autoloader\Autoloader->loadHelpers()
 4 SYSTEMPATH/Boot.php(64): CodeIgniter\Boot::autoloadHelpers()
 5 FCPATH/index.php(57): CodeIgniter\Boot::bootWeb(Object(Config\Paths))
WARNING - 2025-05-06 10:14:51 --> [DEPRECATED] Optional parameter $status declared before required parameter $log_type is implicitly treated as a required parameter in APPPATH/Helpers/log_helper.php on line 16.
 1 SYSTEMPATH/Common.php(641): include_once('/home/havellslighting/public_html/partner1.havellslighting.com/vendor/codeigniter4/framework/system/Debug/Exceptions.php')
 2 SYSTEMPATH/Autoloader/Autoloader.php(487): helper([...])
 3 SYSTEMPATH/Boot.php(249): CodeIgniter\Autoloader\Autoloader->loadHelpers()
 4 SYSTEMPATH/Boot.php(64): CodeIgniter\Boot::autoloadHelpers()
 5 FCPATH/index.php(57): CodeIgniter\Boot::bootWeb(Object(Config\Paths))
WARNING - 2025-05-06 10:15:00 --> [DEPRECATED] Optional parameter $status declared before required parameter $log_type is implicitly treated as a required parameter in APPPATH/Helpers/log_helper.php on line 16.
 1 SYSTEMPATH/Common.php(641): include_once('/home/havellslighting/public_html/partner1.havellslighting.com/vendor/codeigniter4/framework/system/Debug/Exceptions.php')
 2 SYSTEMPATH/Autoloader/Autoloader.php(487): helper([...])
 3 SYSTEMPATH/Boot.php(249): CodeIgniter\Autoloader\Autoloader->loadHelpers()
 4 SYSTEMPATH/Boot.php(64): CodeIgniter\Boot::autoloadHelpers()
 5 FCPATH/index.php(57): CodeIgniter\Boot::bootWeb(Object(Config\Paths))
WARNING - 2025-05-06 10:15:09 --> [DEPRECATED] Optional parameter $status declared before required parameter $log_type is implicitly treated as a required parameter in APPPATH/Helpers/log_helper.php on line 16.
 1 SYSTEMPATH/Common.php(641): include_once('/home/havellslighting/public_html/partner1.havellslighting.com/vendor/codeigniter4/framework/system/Debug/Exceptions.php')
 2 SYSTEMPATH/Autoloader/Autoloader.php(487): helper([...])
 3 SYSTEMPATH/Boot.php(249): CodeIgniter\Autoloader\Autoloader->loadHelpers()
 4 SYSTEMPATH/Boot.php(64): CodeIgniter\Boot::autoloadHelpers()
 5 FCPATH/index.php(57): CodeIgniter\Boot::bootWeb(Object(Config\Paths))
WARNING - 2025-05-06 10:15:14 --> [DEPRECATED] Optional parameter $status declared before required parameter $log_type is implicitly treated as a required parameter in APPPATH/Helpers/log_helper.php on line 16.
 1 SYSTEMPATH/Common.php(641): include_once('/home/havellslighting/public_html/partner1.havellslighting.com/vendor/codeigniter4/framework/system/Debug/Exceptions.php')
 2 SYSTEMPATH/Autoloader/Autoloader.php(487): helper([...])
 3 SYSTEMPATH/Boot.php(249): CodeIgniter\Autoloader\Autoloader->loadHelpers()
 4 SYSTEMPATH/Boot.php(64): CodeIgniter\Boot::autoloadHelpers()
 5 FCPATH/index.php(57): CodeIgniter\Boot::bootWeb(Object(Config\Paths))
WARNING - 2025-05-06 15:30:49 --> [DEPRECATED] Optional parameter $status declared before required parameter $log_type is implicitly treated as a required parameter in APPPATH/Helpers/log_helper.php on line 16.
 1 SYSTEMPATH/Common.php(641): include_once('/home/havellslighting/public_html/partner1.havellslighting.com/vendor/codeigniter4/framework/system/Debug/Exceptions.php')
 2 SYSTEMPATH/Autoloader/Autoloader.php(487): helper([...])
 3 SYSTEMPATH/Boot.php(249): CodeIgniter\Autoloader\Autoloader->loadHelpers()
 4 SYSTEMPATH/Boot.php(64): CodeIgniter\Boot::autoloadHelpers()
 5 FCPATH/index.php(57): CodeIgniter\Boot::bootWeb(Object(Config\Paths))
DEBUG - 2025-05-06 15:30:49 --> Session: Class initialized using 'CodeIgniter\Session\Handlers\FileHandler' driver.
WARNING - 2025-05-06 15:30:59 --> [DEPRECATED] Optional parameter $status declared before required parameter $log_type is implicitly treated as a required parameter in APPPATH/Helpers/log_helper.php on line 16.
 1 SYSTEMPATH/Common.php(641): include_once('/home/havellslighting/public_html/partner1.havellslighting.com/vendor/codeigniter4/framework/system/Debug/Exceptions.php')
 2 SYSTEMPATH/Autoloader/Autoloader.php(487): helper([...])
 3 SYSTEMPATH/Boot.php(249): CodeIgniter\Autoloader\Autoloader->loadHelpers()
 4 SYSTEMPATH/Boot.php(64): CodeIgniter\Boot::autoloadHelpers()
 5 FCPATH/index.php(57): CodeIgniter\Boot::bootWeb(Object(Config\Paths))
WARNING - 2025-05-06 15:46:59 --> [DEPRECATED] Optional parameter $status declared before required parameter $log_type is implicitly treated as a required parameter in APPPATH/Helpers/log_helper.php on line 16.
 1 SYSTEMPATH/Common.php(641): include_once('/home/havellslighting/public_html/partner1.havellslighting.com/vendor/codeigniter4/framework/system/Debug/Exceptions.php')
 2 SYSTEMPATH/Autoloader/Autoloader.php(487): helper([...])
 3 SYSTEMPATH/Boot.php(249): CodeIgniter\Autoloader\Autoloader->loadHelpers()
 4 SYSTEMPATH/Boot.php(64): CodeIgniter\Boot::autoloadHelpers()
 5 FCPATH/index.php(57): CodeIgniter\Boot::bootWeb(Object(Config\Paths))
WARNING - 2025-05-06 23:16:19 --> [DEPRECATED] Optional parameter $status declared before required parameter $log_type is implicitly treated as a required parameter in APPPATH/Helpers/log_helper.php on line 16.
 1 SYSTEMPATH/Common.php(641): include_once('/home/havellslighting/public_html/partner1.havellslighting.com/vendor/codeigniter4/framework/system/Debug/Exceptions.php')
 2 SYSTEMPATH/Autoloader/Autoloader.php(487): helper([...])
 3 SYSTEMPATH/Boot.php(249): CodeIgniter\Autoloader\Autoloader->loadHelpers()
 4 SYSTEMPATH/Boot.php(64): CodeIgniter\Boot::autoloadHelpers()
 5 FCPATH/index.php(57): CodeIgniter\Boot::bootWeb(Object(Config\Paths))
DEBUG - 2025-05-06 23:16:19 --> Session: Class initialized using 'CodeIgniter\Session\Handlers\FileHandler' driver.
WARNING - 2025-05-06 23:16:20 --> [DEPRECATED] Optional parameter $status declared before required parameter $log_type is implicitly treated as a required parameter in APPPATH/Helpers/log_helper.php on line 16.
 1 SYSTEMPATH/Common.php(641): include_once('/home/havellslighting/public_html/partner1.havellslighting.com/vendor/codeigniter4/framework/system/Debug/Exceptions.php')
 2 SYSTEMPATH/Autoloader/Autoloader.php(487): helper([...])
 3 SYSTEMPATH/Boot.php(249): CodeIgniter\Autoloader\Autoloader->loadHelpers()
 4 SYSTEMPATH/Boot.php(64): CodeIgniter\Boot::autoloadHelpers()
 5 FCPATH/index.php(57): CodeIgniter\Boot::bootWeb(Object(Config\Paths))
DEBUG - 2025-05-06 23:16:20 --> Session: Class initialized using 'CodeIgniter\Session\Handlers\FileHandler' driver.
WARNING - 2025-05-06 23:16:22 --> [DEPRECATED] Optional parameter $status declared before required parameter $log_type is implicitly treated as a required parameter in APPPATH/Helpers/log_helper.php on line 16.
 1 SYSTEMPATH/Common.php(641): include_once('/home/havellslighting/public_html/partner1.havellslighting.com/vendor/codeigniter4/framework/system/Debug/Exceptions.php')
 2 SYSTEMPATH/Autoloader/Autoloader.php(487): helper([...])
 3 SYSTEMPATH/Boot.php(249): CodeIgniter\Autoloader\Autoloader->loadHelpers()
 4 SYSTEMPATH/Boot.php(64): CodeIgniter\Boot::autoloadHelpers()
 5 FCPATH/index.php(57): CodeIgniter\Boot::bootWeb(Object(Config\Paths))
WARNING - 2025-05-06 23:16:22 --> [DEPRECATED] Optional parameter $status declared before required parameter $log_type is implicitly treated as a required parameter in APPPATH/Helpers/log_helper.php on line 16.
 1 SYSTEMPATH/Common.php(641): include_once('/home/havellslighting/public_html/partner1.havellslighting.com/vendor/codeigniter4/framework/system/Debug/Exceptions.php')
 2 SYSTEMPATH/Autoloader/Autoloader.php(487): helper([...])
 3 SYSTEMPATH/Boot.php(249): CodeIgniter\Autoloader\Autoloader->loadHelpers()
 4 SYSTEMPATH/Boot.php(64): CodeIgniter\Boot::autoloadHelpers()
 5 FCPATH/index.php(57): CodeIgniter\Boot::bootWeb(Object(Config\Paths))
WARNING - 2025-05-06 23:16:23 --> [DEPRECATED] Optional parameter $status declared before required parameter $log_type is implicitly treated as a required parameter in APPPATH/Helpers/log_helper.php on line 16.
 1 SYSTEMPATH/Common.php(641): include_once('/home/havellslighting/public_html/partner1.havellslighting.com/vendor/codeigniter4/framework/system/Debug/Exceptions.php')
 2 SYSTEMPATH/Autoloader/Autoloader.php(487): helper([...])
 3 SYSTEMPATH/Boot.php(249): CodeIgniter\Autoloader\Autoloader->loadHelpers()
 4 SYSTEMPATH/Boot.php(64): CodeIgniter\Boot::autoloadHelpers()
 5 FCPATH/index.php(57): CodeIgniter\Boot::bootWeb(Object(Config\Paths))
WARNING - 2025-05-06 23:16:24 --> [DEPRECATED] Optional parameter $status declared before required parameter $log_type is implicitly treated as a required parameter in APPPATH/Helpers/log_helper.php on line 16.
 1 SYSTEMPATH/Common.php(641): include_once('/home/havellslighting/public_html/partner1.havellslighting.com/vendor/codeigniter4/framework/system/Debug/Exceptions.php')
 2 SYSTEMPATH/Autoloader/Autoloader.php(487): helper([...])
 3 SYSTEMPATH/Boot.php(249): CodeIgniter\Autoloader\Autoloader->loadHelpers()
 4 SYSTEMPATH/Boot.php(64): CodeIgniter\Boot::autoloadHelpers()
 5 FCPATH/index.php(57): CodeIgniter\Boot::bootWeb(Object(Config\Paths))
WARNING - 2025-05-06 23:16:27 --> [DEPRECATED] Optional parameter $status declared before required parameter $log_type is implicitly treated as a required parameter in APPPATH/Helpers/log_helper.php on line 16.
 1 SYSTEMPATH/Common.php(641): include_once('/home/havellslighting/public_html/partner1.havellslighting.com/vendor/codeigniter4/framework/system/Debug/Exceptions.php')
 2 SYSTEMPATH/Autoloader/Autoloader.php(487): helper([...])
 3 SYSTEMPATH/Boot.php(249): CodeIgniter\Autoloader\Autoloader->loadHelpers()
 4 SYSTEMPATH/Boot.php(64): CodeIgniter\Boot::autoloadHelpers()
 5 FCPATH/index.php(57): CodeIgniter\Boot::bootWeb(Object(Config\Paths))
WARNING - 2025-05-06 23:16:30 --> [DEPRECATED] Optional parameter $status declared before required parameter $log_type is implicitly treated as a required parameter in APPPATH/Helpers/log_helper.php on line 16.
 1 SYSTEMPATH/Common.php(641): include_once('/home/havellslighting/public_html/partner1.havellslighting.com/vendor/codeigniter4/framework/system/Debug/Exceptions.php')
 2 SYSTEMPATH/Autoloader/Autoloader.php(487): helper([...])
 3 SYSTEMPATH/Boot.php(249): CodeIgniter\Autoloader\Autoloader->loadHelpers()
 4 SYSTEMPATH/Boot.php(64): CodeIgniter\Boot::autoloadHelpers()
 5 FCPATH/index.php(57): CodeIgniter\Boot::bootWeb(Object(Config\Paths))
WARNING - 2025-05-06 23:16:32 --> [DEPRECATED] Optional parameter $status declared before required parameter $log_type is implicitly treated as a required parameter in APPPATH/Helpers/log_helper.php on line 16.
 1 SYSTEMPATH/Common.php(641): include_once('/home/havellslighting/public_html/partner1.havellslighting.com/vendor/codeigniter4/framework/system/Debug/Exceptions.php')
 2 SYSTEMPATH/Autoloader/Autoloader.php(487): helper([...])
 3 SYSTEMPATH/Boot.php(249): CodeIgniter\Autoloader\Autoloader->loadHelpers()
 4 SYSTEMPATH/Boot.php(64): CodeIgniter\Boot::autoloadHelpers()
 5 FCPATH/index.php(57): CodeIgniter\Boot::bootWeb(Object(Config\Paths))
WARNING - 2025-05-06 23:16:33 --> [DEPRECATED] Optional parameter $status declared before required parameter $log_type is implicitly treated as a required parameter in APPPATH/Helpers/log_helper.php on line 16.
 1 SYSTEMPATH/Common.php(641): include_once('/home/havellslighting/public_html/partner1.havellslighting.com/vendor/codeigniter4/framework/system/Debug/Exceptions.php')
 2 SYSTEMPATH/Autoloader/Autoloader.php(487): helper([...])
 3 SYSTEMPATH/Boot.php(249): CodeIgniter\Autoloader\Autoloader->loadHelpers()
 4 SYSTEMPATH/Boot.php(64): CodeIgniter\Boot::autoloadHelpers()
 5 FCPATH/index.php(57): CodeIgniter\Boot::bootWeb(Object(Config\Paths))
WARNING - 2025-05-06 23:16:35 --> [DEPRECATED] Optional parameter $status declared before required parameter $log_type is implicitly treated as a required parameter in APPPATH/Helpers/log_helper.php on line 16.
 1 SYSTEMPATH/Common.php(641): include_once('/home/havellslighting/public_html/partner1.havellslighting.com/vendor/codeigniter4/framework/system/Debug/Exceptions.php')
 2 SYSTEMPATH/Autoloader/Autoloader.php(487): helper([...])
 3 SYSTEMPATH/Boot.php(249): CodeIgniter\Autoloader\Autoloader->loadHelpers()
 4 SYSTEMPATH/Boot.php(64): CodeIgniter\Boot::autoloadHelpers()
 5 FCPATH/index.php(57): CodeIgniter\Boot::bootWeb(Object(Config\Paths))
WARNING - 2025-05-06 23:16:38 --> [DEPRECATED] Optional parameter $status declared before required parameter $log_type is implicitly treated as a required parameter in APPPATH/Helpers/log_helper.php on line 16.
 1 SYSTEMPATH/Common.php(641): include_once('/home/havellslighting/public_html/partner1.havellslighting.com/vendor/codeigniter4/framework/system/Debug/Exceptions.php')
 2 SYSTEMPATH/Autoloader/Autoloader.php(487): helper([...])
 3 SYSTEMPATH/Boot.php(249): CodeIgniter\Autoloader\Autoloader->loadHelpers()
 4 SYSTEMPATH/Boot.php(64): CodeIgniter\Boot::autoloadHelpers()
 5 FCPATH/index.php(57): CodeIgniter\Boot::bootWeb(Object(Config\Paths))
WARNING - 2025-05-06 23:16:41 --> [DEPRECATED] Optional parameter $status declared before required parameter $log_type is implicitly treated as a required parameter in APPPATH/Helpers/log_helper.php on line 16.
 1 SYSTEMPATH/Common.php(641): include_once('/home/havellslighting/public_html/partner1.havellslighting.com/vendor/codeigniter4/framework/system/Debug/Exceptions.php')
 2 SYSTEMPATH/Autoloader/Autoloader.php(487): helper([...])
 3 SYSTEMPATH/Boot.php(249): CodeIgniter\Autoloader\Autoloader->loadHelpers()
 4 SYSTEMPATH/Boot.php(64): CodeIgniter\Boot::autoloadHelpers()
 5 FCPATH/index.php(57): CodeIgniter\Boot::bootWeb(Object(Config\Paths))
